           Time    Speed        Read     Read   Mapped   Mapped   Mapped   Mapped Unmapped Unmapped Unmapped Unmapped
                    M/hr      number   length   unique   length   MMrate    multi   multi+       MM    short    other
Feb 20 10:35:55	Started 1st pass mapping
Feb 20 10:36:22      5.7       42723      292    95.0%    291.7     0.2%     4.3%     0.0%     0.0%     0.7%     0.0%
Feb 20 10:37:22     53.0     1280585      292    95.1%    291.9     0.2%     4.1%     0.0%     0.0%     0.7%     0.0%
Feb 20 10:38:25     56.3     2344099      292    95.1%    292.0     0.2%     4.1%     0.0%     0.0%     0.7%     0.0%
Feb 20 10:39:25     57.7     3365142      292    95.1%    292.1     0.2%     4.1%     0.0%     0.0%     0.7%     0.0%
Feb 20 10:40:25     57.4     4302048      292    95.1%    292.0     0.2%     4.1%     0.0%     0.0%     0.7%     0.0%
Feb 20 10:41:25     57.6     5281009      292    95.1%    292.0     0.2%     4.1%     0.0%     0.0%     0.7%     0.0%
Feb 20 10:42:26     57.6     6259790      292    95.1%    292.0     0.2%     4.1%     0.0%     0.0%     0.7%     0.0%
Feb 20 10:43:26     58.5     7324210      292    95.1%    292.0     0.2%     4.2%     0.0%     0.0%     0.7%     0.0%
Feb 20 10:44:26     59.7     8473496      292    95.1%    292.0     0.2%     4.1%     0.0%     0.0%     0.7%     0.0%
Feb 20 10:45:28     60.5     9622270      292    95.1%    292.0     0.2%     4.1%     0.0%     0.0%     0.7%     0.0%
Feb 20 10:46:28     61.0    10726981      292    95.1%    292.0     0.2%     4.1%     0.0%     0.0%     0.7%     0.0%
Feb 20 10:47:29     61.6    11872552      292    95.1%    292.0     0.2%     4.1%     0.0%     0.0%     0.7%     0.0%
Feb 20 10:48:29     62.0    12975431      292    95.1%    292.1     0.2%     4.1%     0.0%     0.0%     0.7%     0.0%
Feb 20 10:49:29     62.8    14206666      292    95.1%    292.0     0.2%     4.1%     0.0%     0.0%     0.7%     0.0%
Feb 20 10:50:38     62.2    15267798      292    95.1%    292.0     0.2%     4.1%     0.0%     0.0%     0.7%     0.0%
Feb 20 10:51:40     62.9    16498306      292    95.1%    292.0     0.2%     4.1%     0.0%     0.0%     0.7%     0.0%
Feb 20 10:52:43     63.2    17687234      292    95.1%    292.0     0.2%     4.1%     0.0%     0.0%     0.7%     0.0%
Feb 20 10:53:46     63.3    18833262      292    95.1%    292.0     0.2%     4.1%     0.0%     0.0%     0.7%     0.0%
Feb 20 10:54:47     63.7    20021543      292    95.1%    292.0     0.2%     4.1%     0.0%     0.0%     0.7%     0.0%
Feb 20 10:55:49     64.0    21210459      292    95.1%    292.0     0.2%     4.1%     0.0%     0.0%     0.7%     0.0%
Feb 20 10:56:49     63.9    22271428      292    95.1%    292.0     0.2%     4.1%     0.0%     0.0%     0.7%     0.0%
Feb 20 10:57:53     64.0    23417137      292    95.1%    292.0     0.2%     4.1%     0.0%     0.0%     0.7%     0.0%
Feb 20 10:58:53     64.1    24520865      292    95.1%    292.0     0.2%     4.1%     0.0%     0.0%     0.7%     0.0%
Feb 20 10:59:56     63.9    25581739      292    95.1%    292.0     0.2%     4.1%     0.0%     0.0%     0.7%     0.0%
Feb 20 11:00:56     64.4    26854489      292    95.1%    292.0     0.2%     4.1%     0.0%     0.0%     0.7%     0.0%
Feb 20 11:01:57     63.9    27746696      292    95.1%    292.0     0.2%     4.1%     0.0%     0.0%     0.7%     0.0%
Feb 20 11:02:58     64.2    28935171      292    95.1%    292.0     0.2%     4.1%     0.0%     0.0%     0.7%     0.0%
Feb 20 11:03:58     64.3    30039611      292    95.1%    292.0     0.2%     4.1%     0.0%     0.0%     0.7%     0.0%
Feb 20 11:05:04     64.0    31101027      292    95.1%    292.0     0.2%     4.1%     0.0%     0.0%     0.7%     0.0%
Feb 20 11:06:04     64.1    32205392      292    95.1%    292.0     0.2%     4.1%     0.0%     0.0%     0.7%     0.0%
Feb 20 11:07:05     64.1    33309073      292    95.1%    292.0     0.2%     4.1%     0.0%     0.0%     0.7%     0.0%
Feb 20 11:08:06     64.2    34413066      292    95.1%    292.0     0.2%     4.1%     0.0%     0.0%     0.7%     0.0%
Feb 20 11:09:06     64.1    35473557      292    95.1%    292.0     0.2%     4.1%     0.0%     0.0%     0.7%     0.0%
Feb 20 11:10:06     64.5    36747719      292    95.1%    292.0     0.2%     4.1%     0.0%     0.0%     0.7%     0.0%
Feb 20 11:11:11     64.5    37894041      292    95.1%    292.0     0.2%     4.1%     0.0%     0.0%     0.7%     0.0%
Feb 20 11:12:11     64.4    38955953      292    95.1%    292.0     0.2%     4.1%     0.0%     0.0%     0.7%     0.0%
Feb 20 11:13:13     64.6    40144915      292    95.0%    292.0     0.2%     4.2%     0.0%     0.0%     0.7%     0.0%
Feb 20 11:14:13     64.6    41249001      292    95.0%    292.0     0.2%     4.2%     0.0%     0.0%     0.7%     0.0%
Feb 20 11:15:13     64.6    42310512      292    95.0%    291.9     0.2%     4.2%     0.0%     0.0%     0.7%     0.0%
Feb 20 11:16:13     64.6    43414165      292    95.0%    291.9     0.2%     4.2%     0.0%     0.0%     0.7%     0.0%
Feb 20 11:16:52	Finished 1st pass mapping
Feb 20 11:24:38     30.3      513052      292    94.6%    291.7     0.2%     4.6%     0.0%     0.0%     0.7%     0.0%
Feb 20 11:25:40     33.7     1152903      292    94.6%    291.9     0.2%     4.6%     0.0%     0.0%     0.7%     0.0%
Feb 20 11:26:45     38.4     2003984      292    94.6%    292.0     0.2%     4.6%     0.0%     0.0%     0.7%     0.0%
Feb 20 11:27:47     41.7     2897121      292    94.6%    292.1     0.2%     4.6%     0.0%     0.0%     0.7%     0.0%
Feb 20 11:28:51     44.4     3876255      292    94.6%    292.0     0.2%     4.6%     0.0%     0.0%     0.7%     0.0%
Feb 20 11:29:53     44.9     4685212      292    94.6%    292.0     0.2%     4.6%     0.0%     0.0%     0.7%     0.0%
Feb 20 11:30:53     46.1     5578933      292    94.6%    292.0     0.2%     4.6%     0.0%     0.0%     0.7%     0.0%
Feb 20 11:31:55     46.2     6387412      292    94.6%    292.0     0.2%     4.6%     0.0%     0.0%     0.7%     0.0%
Feb 20 11:32:56     47.4     7366782      292    94.6%    292.0     0.2%     4.6%     0.0%     0.0%     0.7%     0.0%
Feb 20 11:33:58     48.4     8345869      292    94.6%    292.0     0.2%     4.6%     0.0%     0.0%     0.7%     0.0%
Feb 20 11:34:59     48.1     9111844      292    94.6%    292.0     0.2%     4.6%     0.0%     0.0%     0.7%     0.0%
Feb 20 11:36:02     48.3    10005110      292    94.6%    292.0     0.2%     4.6%     0.0%     0.0%     0.7%     0.0%
Feb 20 11:37:02     49.3    11024056      292    94.6%    292.0     0.2%     4.6%     0.0%     0.0%     0.7%     0.0%
Feb 20 11:38:03     49.7    11957401      292    94.6%    292.0     0.2%     4.6%     0.0%     0.0%     0.7%     0.0%
Feb 20 11:39:09     49.5    12805780      292    94.6%    292.0     0.2%     4.6%     0.0%     0.0%     0.7%     0.0%
Feb 20 11:40:10     49.7    13696996      292    94.6%    292.0     0.2%     4.6%     0.0%     0.0%     0.7%     0.0%
Feb 20 11:41:13     49.9    14631144      292    94.6%    292.0     0.2%     4.6%     0.0%     0.0%     0.7%     0.0%
Feb 20 11:42:13     50.2    15564966      292    94.6%    292.0     0.2%     4.6%     0.0%     0.0%     0.7%     0.0%
Feb 20 11:43:15     50.4    16498306      292    94.6%    292.0     0.2%     4.6%     0.0%     0.0%     0.7%     0.0%
Feb 20 11:44:22     50.4    17432485      292    94.6%    292.0     0.2%     4.6%     0.0%     0.0%     0.7%     0.0%
Feb 20 11:45:27     50.7    18451276      292    94.6%    292.0     0.2%     4.6%     0.0%     0.0%     0.7%     0.0%
Feb 20 11:46:27     50.9    19384971      292    94.6%    292.0     0.2%     4.6%     0.0%     0.0%     0.7%     0.0%
Feb 20 11:47:32     51.1    20361183      292    94.6%    292.0     0.2%     4.6%     0.0%     0.0%     0.7%     0.0%
Feb 20 11:48:34     51.4    21380217      292    94.6%    292.0     0.2%     4.6%     0.0%     0.0%     0.7%     0.0%
Feb 20 11:49:39     51.5    22356301      292    94.6%    292.0     0.2%     4.6%     0.0%     0.0%     0.7%     0.0%
Feb 20 11:50:39     51.9    23374702      292    94.6%    292.0     0.2%     4.6%     0.0%     0.0%     0.7%     0.0%
Feb 20 11:51:40     52.2    24393504      292    94.6%    292.0     0.2%     4.6%     0.0%     0.0%     0.7%     0.0%
Feb 20 11:52:41     52.6    25496885      292    94.6%    292.0     0.2%     4.6%     0.0%     0.0%     0.7%     0.0%
Feb 20 11:53:41     52.9    26515109      292    94.6%    292.0     0.2%     4.6%     0.0%     0.0%     0.7%     0.0%
Feb 20 11:54:42     53.1    27534311      292    94.6%    292.0     0.2%     4.6%     0.0%     0.0%     0.7%     0.0%
Feb 20 11:55:43     53.4    28553289      292    94.6%    292.0     0.2%     4.6%     0.0%     0.0%     0.7%     0.0%
Feb 20 11:56:48     53.5    29572366      292    94.6%    292.0     0.2%     4.6%     0.0%     0.0%     0.7%     0.0%
Feb 20 11:57:52     53.6    30591658      292    94.6%    292.0     0.2%     4.6%     0.0%     0.0%     0.7%     0.0%
Feb 20 11:58:53     53.9    31653248      292    94.6%    292.0     0.2%     4.6%     0.0%     0.0%     0.7%     0.0%
Feb 20 11:59:53     54.3    32799814      292    94.6%    292.0     0.2%     4.6%     0.0%     0.0%     0.7%     0.0%
Feb 20 12:00:53     54.5    33861187      292    94.6%    292.0     0.2%     4.6%     0.0%     0.0%     0.7%     0.0%
Feb 20 12:01:56     54.8    34964585      292    94.6%    292.0     0.2%     4.6%     0.0%     0.0%     0.7%     0.0%
Feb 20 12:02:59     55.3    36280794      292    94.6%    292.0     0.2%     4.6%     0.0%     0.0%     0.7%     0.0%
Feb 20 12:04:04     55.5    37384387      292    94.6%    292.0     0.2%     4.6%     0.0%     0.0%     0.7%     0.0%
Feb 20 12:05:05     55.8    38531273      292    94.6%    292.0     0.2%     4.6%     0.0%     0.0%     0.7%     0.0%
Feb 20 12:06:05     56.2    39762468      292    94.6%    292.0     0.2%     4.6%     0.0%     0.0%     0.7%     0.0%
Feb 20 12:07:05     56.5    40951807      292    94.6%    291.9     0.2%     4.6%     0.0%     0.0%     0.7%     0.0%
Feb 20 12:08:05     56.8    42098106      292    94.6%    291.9     0.2%     4.6%     0.0%     0.0%     0.7%     0.0%
Feb 20 12:09:05     57.2    43329333      292    94.6%    291.9     0.2%     4.6%     0.0%     0.0%     0.7%     0.0%
ALL DONE!
