           Time    Speed        Read     Read   Mapped   Mapped   Mapped   Mapped Unmapped Unmapped Unmapped Unmapped
                    M/hr      number   length   unique   length   MMrate    multi   multi+       MM    short    other
Feb 20 08:30:36	Started 1st pass mapping
Feb 20 08:30:53      9.1       43088      289    94.6%    288.7     0.2%     4.4%     0.1%     0.0%     0.9%     0.0%
Feb 20 08:31:53     98.5     2107257      289    94.7%    289.0     0.2%     4.4%     0.1%     0.0%     0.8%     0.0%
Feb 20 08:32:53    112.9     4296843      289    94.7%    289.1     0.2%     4.4%     0.1%     0.0%     0.8%     0.0%
Feb 20 08:33:53    115.4     6314058      289    94.7%    289.1     0.2%     4.4%     0.1%     0.0%     0.8%     0.0%
Feb 20 08:34:53    113.7     8118160      289    94.7%    289.1     0.2%     4.4%     0.1%     0.0%     0.8%     0.0%
Feb 20 08:35:57    108.9     9706533      289    94.7%    289.1     0.2%     4.4%     0.1%     0.0%     0.8%     0.0%
Feb 20 08:37:01    108.4    11591023      289    94.7%    289.1     0.2%     4.4%     0.1%     0.0%     0.9%     0.0%
Feb 20 08:38:01    106.2    13131755      289    94.7%    289.1     0.2%     4.4%     0.1%     0.0%     0.9%     0.0%
Feb 20 08:39:01    105.8    14843962      289    94.7%    289.1     0.2%     4.4%     0.1%     0.0%     0.9%     0.0%
Feb 20 08:40:01    104.7    16428146      289    94.7%    289.1     0.2%     4.4%     0.1%     0.0%     0.9%     0.0%
Feb 20 08:41:01    104.5    18140942      289    94.7%    289.1     0.2%     4.4%     0.1%     0.0%     0.9%     0.0%
Feb 20 08:42:02    102.8    19596718      289    94.7%    289.1     0.2%     4.4%     0.1%     0.0%     0.9%     0.0%
Feb 20 08:43:04    101.9    21181114      289    94.7%    289.1     0.2%     4.4%     0.1%     0.0%     0.9%     0.0%
Feb 20 08:44:04    100.7    22594078      289    94.7%    289.1     0.2%     4.4%     0.1%     0.0%     0.9%     0.0%
Feb 20 08:45:08     99.5    24092947      289    94.7%    289.0     0.2%     4.4%     0.1%     0.0%     0.9%     0.0%
Feb 20 08:46:08     99.0    25634113      289    94.7%    289.1     0.2%     4.4%     0.1%     0.0%     0.9%     0.0%
Feb 20 08:47:12     98.1    27134278      289    94.7%    289.0     0.2%     4.4%     0.1%     0.0%     0.9%     0.0%
Feb 20 08:48:12     97.6    28635142      289    94.7%    289.0     0.2%     4.4%     0.1%     0.0%     0.9%     0.0%
Feb 20 08:49:12     96.8    30007095      289    94.7%    289.0     0.2%     4.4%     0.1%     0.0%     0.9%     0.0%
Feb 20 08:50:13     96.2    31463981      289    94.7%    289.0     0.2%     4.4%     0.1%     0.0%     0.9%     0.0%
Feb 20 08:51:13     96.1    33006219      289    94.7%    289.0     0.2%     4.4%     0.1%     0.0%     0.9%     0.0%
Feb 20 08:52:15     95.7    34549782      289    94.7%    288.9     0.2%     4.4%     0.1%     0.0%     0.9%     0.0%
Feb 20 08:53:16     95.5    36093244      289    94.7%    288.9     0.2%     4.4%     0.1%     0.0%     0.9%     0.0%
Feb 20 08:54:16     95.3    37593724      289    94.7%    288.9     0.2%     4.4%     0.1%     0.0%     0.9%     0.0%
Feb 20 08:55:16     95.0    39050931      289    94.7%    288.9     0.2%     4.4%     0.1%     0.0%     0.9%     0.0%
Feb 20 08:56:19     94.6    40551076      289    94.7%    288.9     0.2%     4.4%     0.1%     0.0%     0.9%     0.0%
Feb 20 08:56:37	Finished 1st pass mapping
Feb 20 09:03:26     43.3      733195      289    94.3%    288.7     0.2%     4.8%     0.0%     0.0%     0.8%     0.0%
Feb 20 09:04:27     58.4     1978657      289    94.3%    289.0     0.2%     4.8%     0.0%     0.0%     0.8%     0.1%
Feb 20 09:05:29     61.4     3136693      289    94.3%    289.1     0.2%     4.8%     0.0%     0.0%     0.8%     0.1%
Feb 20 09:06:30     64.4     4382692      289    94.3%    289.1     0.2%     4.8%     0.0%     0.0%     0.8%     0.1%
Feb 20 09:07:31     65.2     5541896      289    94.3%    289.1     0.2%     4.8%     0.0%     0.0%     0.8%     0.1%
Feb 20 09:08:35     65.6     6744015      289    94.3%    289.1     0.2%     4.8%     0.0%     0.0%     0.8%     0.1%
Feb 20 09:09:39     64.5     7774765      289    94.3%    289.0     0.2%     4.8%     0.0%     0.0%     0.8%     0.1%
Feb 20 09:10:41     63.0     8676245      289    94.3%    289.1     0.2%     4.8%     0.0%     0.0%     0.8%     0.1%
Feb 20 09:11:49     62.0     9706533      289    94.3%    289.1     0.2%     4.8%     0.0%     0.0%     0.8%     0.1%
Feb 20 09:12:53     61.5    10735175      289    94.3%    289.1     0.2%     4.8%     0.0%     0.0%     0.9%     0.1%
Feb 20 09:13:55     60.9    11676566      289    94.3%    289.1     0.2%     4.8%     0.0%     0.0%     0.9%     0.1%
Feb 20 09:14:57     60.4    12617526      289    94.3%    289.1     0.2%     4.8%     0.0%     0.0%     0.9%     0.1%
Feb 20 09:15:57     60.3    13602867      289    94.3%    289.1     0.2%     4.8%     0.0%     0.0%     0.9%     0.1%
Feb 20 09:16:58     60.3    14630202      289    94.3%    289.1     0.2%     4.8%     0.0%     0.0%     0.9%     0.1%
Feb 20 09:17:58     59.8    15485829      289    94.3%    289.1     0.2%     4.8%     0.0%     0.0%     0.9%     0.1%
Feb 20 09:18:58     59.9    16513863      289    94.3%    289.1     0.2%     4.8%     0.0%     0.0%     0.9%     0.1%
Feb 20 09:20:01     59.8    17541593      289    94.3%    289.1     0.2%     4.8%     0.0%     0.0%     0.9%     0.1%
Feb 20 09:21:02     59.8    18568959      289    94.3%    289.1     0.2%     4.8%     0.0%     0.0%     0.9%     0.1%
Feb 20 09:22:03     60.3    19725176      289    94.3%    289.1     0.2%     4.8%     0.0%     0.0%     0.9%     0.1%
Feb 20 09:23:04     60.4    20795729      289    94.3%    289.1     0.2%     4.8%     0.0%     0.0%     0.9%     0.1%
Feb 20 09:24:06     60.6    21908744      289    94.3%    289.1     0.2%     4.8%     0.0%     0.0%     0.9%     0.1%
Feb 20 09:25:07     60.6    22936940      289    94.3%    289.0     0.2%     4.8%     0.0%     0.0%     0.9%     0.1%
Feb 20 09:26:11     60.7    24050151      289    94.3%    289.0     0.2%     4.8%     0.0%     0.0%     0.9%     0.1%
Feb 20 09:27:11     60.9    25119945      289    94.3%    289.1     0.2%     4.8%     0.0%     0.0%     0.9%     0.1%
Feb 20 09:28:14     61.0    26234483      289    94.3%    289.0     0.2%     4.8%     0.0%     0.0%     0.9%     0.1%
Feb 20 09:29:15     60.9    27219952      289    94.3%    289.0     0.2%     4.8%     0.0%     0.0%     0.9%     0.1%
Feb 20 09:30:15     60.7    28163657      289    94.3%    289.0     0.2%     4.8%     0.0%     0.0%     0.9%     0.1%
Feb 20 09:31:15     60.7    29192115      289    94.3%    289.0     0.2%     4.8%     0.0%     0.0%     0.9%     0.1%
Feb 20 09:32:15     60.7    30178534      289    94.3%    289.0     0.2%     4.8%     0.0%     0.0%     0.9%     0.1%
Feb 20 09:33:15     60.3    30992510      289    94.3%    289.0     0.2%     4.8%     0.0%     0.0%     0.9%     0.1%
Feb 20 09:34:21     60.1    31978342      289    94.3%    289.0     0.2%     4.8%     0.0%     0.0%     0.9%     0.1%
Feb 20 09:35:31     59.8    33006207      289    94.3%    289.0     0.2%     4.8%     0.0%     0.0%     0.9%     0.1%
Feb 20 09:36:32     59.9    34035534      289    94.3%    288.9     0.2%     4.8%     0.0%     0.0%     0.9%     0.1%
Feb 20 09:37:33     59.9    35063755      289    94.3%    288.9     0.2%     4.8%     0.0%     0.0%     0.9%     0.1%
Feb 20 09:38:36     59.7    36007450      289    94.3%    288.9     0.2%     4.8%     0.0%     0.0%     0.9%     0.1%
Feb 20 09:39:38     59.7    37035966      289    94.3%    288.9     0.2%     4.8%     0.0%     0.0%     0.9%     0.1%
Feb 20 09:40:38     59.8    38065302      289    94.2%    288.9     0.2%     4.8%     0.0%     0.0%     0.9%     0.1%
Feb 20 09:41:38     59.7    39008013      289    94.2%    288.9     0.2%     4.8%     0.0%     0.0%     0.9%     0.1%
Feb 20 09:42:39     59.7    40037000      289    94.2%    288.9     0.2%     4.8%     0.0%     0.0%     0.9%     0.1%
Feb 20 09:43:39     59.8    41103787      289    94.2%    288.9     0.2%     4.8%     0.0%     0.0%     0.9%     0.1%
ALL DONE!
