                                 Started job on |	Feb 20 08:26:20
                             Started mapping on |	Feb 20 09:02:25
                                    Finished on |	Feb 20 09:43:47
       Mapping speed, Million of reads per hour |	59.62

                          Number of input reads |	41103787
                      Average input read length |	289
                                    UNIQUE READS:
                   Uniquely mapped reads number |	38738252
                        Uniquely mapped reads % |	94.24%
                          Average mapped length |	288.89
                       Number of splices: Total |	56079462
            Number of splices: Annotated (sjdb) |	56045466
                       Number of splices: GT/AG |	55284641
                       Number of splices: GC/AG |	693728
                       Number of splices: AT/AC |	64921
               Number of splices: Non-canonical |	36172
                      Mismatch rate per base, % |	0.18%
                         Deletion rate per base |	0.01%
                        Deletion average length |	2.36
                        Insertion rate per base |	0.01%
                       Insertion average length |	2.10
                             MULTI-MAPPING READS:
        Number of reads mapped to multiple loci |	1966882
             % of reads mapped to multiple loci |	4.79%
        Number of reads mapped to too many loci |	19819
             % of reads mapped to too many loci |	0.05%
                                  UNMAPPED READS:
  Number of reads unmapped: too many mismatches |	0
       % of reads unmapped: too many mismatches |	0.00%
            Number of reads unmapped: too short |	357416
                 % of reads unmapped: too short |	0.87%
                Number of reads unmapped: other |	21418
                     % of reads unmapped: other |	0.05%
                                  CHIMERIC READS:
                       Number of chimeric reads |	0
                            % of chimeric reads |	0.00%
