           Time    Speed        Read     Read   Mapped   Mapped   Mapped   Mapped Unmapped Unmapped Unmapped Unmapped
                    M/hr      number   length   unique   length   MMrate    multi   multi+       MM    short    other
Feb 20 09:01:03	Started 1st pass mapping
Feb 20 09:01:34      5.0       42940      290    94.5%    289.9     0.2%     4.5%     0.1%     0.0%     0.9%     0.0%
Feb 20 09:02:34     57.7     1457440      290    94.6%    290.3     0.2%     4.4%     0.1%     0.0%     0.9%     0.0%
Feb 20 09:03:39     58.3     2525629      290    94.7%    290.5     0.2%     4.4%     0.1%     0.0%     0.9%     0.0%
Feb 20 09:04:44     59.2     3636469      290    94.7%    290.6     0.2%     4.4%     0.1%     0.0%     0.9%     0.0%
Feb 20 09:05:47     63.5     5005513      290    94.7%    290.5     0.2%     4.4%     0.1%     0.0%     0.9%     0.0%
Feb 20 09:06:48     63.4     6074307      290    94.7%    290.5     0.2%     4.4%     0.1%     0.0%     0.9%     0.0%
Feb 20 09:07:51     65.3     7399267      290    94.7%    290.5     0.2%     4.4%     0.1%     0.0%     0.9%     0.0%
Feb 20 09:08:52     64.3     8383032      290    94.7%    290.5     0.2%     4.4%     0.1%     0.0%     0.9%     0.0%
Feb 20 09:09:54     63.5     9366280      290    94.7%    290.5     0.2%     4.4%     0.1%     0.0%     0.9%     0.0%
Feb 20 09:10:54     63.8    10475669      290    94.7%    290.5     0.2%     4.4%     0.1%     0.0%     0.9%     0.0%
Feb 20 09:11:56     63.4    11499541      290    94.7%    290.5     0.2%     4.4%     0.1%     0.0%     0.9%     0.0%
Feb 20 09:13:00     62.9    12522579      290    94.7%    290.5     0.2%     4.4%     0.1%     0.0%     0.9%     0.0%
Feb 20 09:14:02     62.6    13544728      290    94.7%    290.5     0.2%     4.4%     0.1%     0.0%     0.9%     0.0%
Feb 20 09:15:04     62.4    14568286      290    94.7%    290.5     0.2%     4.4%     0.1%     0.0%     0.9%     0.0%
Feb 20 09:16:06     62.2    15592025      290    94.7%    290.5     0.2%     4.4%     0.1%     0.0%     0.9%     0.0%
Feb 20 09:17:06     62.3    16657535      290    94.7%    290.5     0.2%     4.4%     0.1%     0.0%     0.9%     0.0%
Feb 20 09:18:07     62.5    17765797      290    94.7%    290.5     0.2%     4.4%     0.1%     0.0%     0.9%     0.0%
Feb 20 09:19:08     62.5    18832204      290    94.7%    290.5     0.2%     4.4%     0.1%     0.0%     0.9%     0.0%
Feb 20 09:20:08     62.7    19940632      290    94.7%    290.5     0.2%     4.4%     0.1%     0.0%     0.9%     0.0%
Feb 20 09:21:09     63.6    21304789      290    94.7%    290.5     0.2%     4.4%     0.1%     0.0%     0.9%     0.0%
Feb 20 09:22:11     64.0    22541990      290    94.7%    290.5     0.2%     4.4%     0.1%     0.0%     0.9%     0.0%
Feb 20 09:23:16     64.4    23863258      290    94.7%    290.5     0.2%     4.4%     0.1%     0.0%     0.9%     0.0%
Feb 20 09:24:16     65.3    25270147      290    94.7%    290.5     0.2%     4.4%     0.1%     0.0%     0.9%     0.0%
Feb 20 09:25:16     65.9    26591662      290    94.7%    290.5     0.2%     4.4%     0.1%     0.0%     0.9%     0.0%
Feb 20 09:26:16     66.3    27869436      290    94.7%    290.5     0.2%     4.4%     0.1%     0.0%     0.9%     0.0%
Feb 20 09:27:19     66.5    29107918      290    94.7%    290.4     0.2%     4.4%     0.1%     0.0%     0.9%     0.0%
Feb 20 09:28:20     67.0    30473396      290    94.7%    290.4     0.2%     4.4%     0.1%     0.0%     0.9%     0.0%
Feb 20 09:29:21     66.6    31412448      290    94.7%    290.4     0.2%     4.4%     0.1%     0.0%     0.9%     0.0%
Feb 20 09:30:25     66.4    32521660      290    94.7%    290.4     0.2%     4.4%     0.1%     0.0%     0.9%     0.0%
Feb 20 09:31:25     66.3    33546168      290    94.7%    290.4     0.2%     4.4%     0.1%     0.0%     0.9%     0.0%
Feb 20 09:32:25     66.2    34612331      290    94.7%    290.4     0.2%     4.4%     0.1%     0.0%     0.9%     0.0%
Feb 20 09:33:27     66.2    35722200      290    94.7%    290.4     0.2%     4.4%     0.1%     0.0%     0.9%     0.0%
Feb 20 09:34:27     66.0    36745418      290    94.7%    290.4     0.2%     4.4%     0.1%     0.0%     0.9%     0.0%
Feb 20 09:35:27     66.0    37855554      290    94.6%    290.4     0.2%     4.4%     0.1%     0.0%     0.9%     0.0%
Feb 20 09:36:27     65.9    38879196      290    94.6%    290.4     0.2%     4.4%     0.1%     0.0%     0.9%     0.0%
Feb 20 09:37:27     65.8    39904091      290    94.6%    290.4     0.2%     4.4%     0.1%     0.0%     0.9%     0.0%
Feb 20 09:38:28     65.8    41013196      290    94.6%    290.3     0.2%     4.4%     0.1%     0.0%     0.9%     0.0%
Feb 20 09:39:33     65.5    42037743      290    94.6%    290.3     0.2%     4.4%     0.1%     0.0%     0.9%     0.0%
Feb 20 09:40:34     65.4    43104319      290    94.6%    290.3     0.2%     4.4%     0.1%     0.0%     0.9%     0.0%
Feb 20 09:41:34     65.6    44299039      290    94.6%    290.3     0.2%     4.4%     0.1%     0.0%     0.9%     0.0%
Feb 20 09:42:34     65.6    45407840      290    94.6%    290.3     0.2%     4.4%     0.1%     0.0%     0.9%     0.0%
Feb 20 09:42:49	Finished 1st pass mapping
Feb 20 09:50:46     26.6      472475      290    94.3%    290.1     0.2%     4.7%     0.0%     0.0%     0.9%     0.0%
Feb 20 09:51:47     32.1     1115440      290    94.2%    290.3     0.2%     4.8%     0.0%     0.0%     0.9%     0.0%
Feb 20 09:52:47     35.8     1842164      290    94.2%    290.4     0.2%     4.8%     0.0%     0.0%     0.9%     0.0%
Feb 20 09:53:52     37.6     2611056      290    94.3%    290.5     0.2%     4.8%     0.0%     0.0%     0.9%     0.0%
Feb 20 09:54:56     39.7     3465242      291    94.3%    290.6     0.2%     4.8%     0.0%     0.0%     0.9%     0.0%
Feb 20 09:56:05     39.8     4235622      290    94.3%    290.5     0.2%     4.8%     0.0%     0.0%     0.9%     0.0%
Feb 20 09:57:07     41.5     5133826      290    94.3%    290.5     0.2%     4.8%     0.0%     0.0%     0.9%     0.0%
Feb 20 09:58:07     42.1     5903330      290    94.3%    290.5     0.2%     4.8%     0.0%     0.0%     0.9%     0.0%
Feb 20 09:59:07     42.5     6672306      290    94.3%    290.5     0.2%     4.8%     0.0%     0.0%     0.9%     0.0%
Feb 20 10:00:11     42.6     7442059      290    94.3%    290.5     0.2%     4.8%     0.0%     0.0%     0.9%     0.0%
Feb 20 10:01:16     41.7     8040921      290    94.3%    290.5     0.2%     4.8%     0.0%     0.0%     0.9%     0.0%
Feb 20 10:02:22     41.3     8724994      290    94.3%    290.5     0.2%     4.8%     0.0%     0.0%     0.9%     0.0%
Feb 20 10:03:24     41.8     9537145      290    94.3%    290.5     0.2%     4.8%     0.0%     0.0%     0.9%     0.0%
Feb 20 10:04:26     41.4    10177448      290    94.3%    290.5     0.2%     4.8%     0.0%     0.0%     0.9%     0.0%
Feb 20 10:05:30     41.4    10902366      290    94.3%    290.5     0.2%     4.8%     0.0%     0.0%     0.9%     0.0%
Feb 20 10:06:31     41.6    11670152      290    94.3%    290.5     0.2%     4.8%     0.0%     0.0%     0.9%     0.0%
Feb 20 10:07:35     41.4    12352093      290    94.3%    290.5     0.2%     4.8%     0.0%     0.0%     0.9%     0.0%
Feb 20 10:08:37     41.1    12948578      290    94.3%    290.5     0.2%     4.8%     0.0%     0.0%     0.9%     0.0%
Feb 20 10:09:40     41.1    13672468      290    94.3%    290.5     0.2%     4.8%     0.0%     0.0%     0.9%     0.0%
Feb 20 10:10:41     41.7    14568312      290    94.3%    290.5     0.2%     4.8%     0.0%     0.0%     0.9%     0.0%
Feb 20 10:11:48     41.9    15421504      290    94.3%    290.5     0.2%     4.8%     0.0%     0.0%     0.9%     0.0%
Feb 20 10:12:49     42.0    16188918      290    94.3%    290.5     0.2%     4.8%     0.0%     0.0%     0.9%     0.0%
Feb 20 10:13:49     42.1    16913211      290    94.3%    290.5     0.2%     4.8%     0.0%     0.0%     0.9%     0.0%
Feb 20 10:14:51     42.4    17765778      290    94.3%    290.5     0.2%     4.8%     0.0%     0.0%     0.9%     0.0%
Feb 20 10:15:55     42.3    18490973      290    94.3%    290.5     0.2%     4.8%     0.0%     0.0%     0.9%     0.0%
Feb 20 10:16:57     42.5    19301198      290    94.3%    290.5     0.2%     4.8%     0.0%     0.0%     0.9%     0.0%
Feb 20 10:17:59     42.3    19940619      290    94.3%    290.5     0.2%     4.8%     0.0%     0.0%     0.9%     0.0%
Feb 20 10:19:02     42.4    20707501      290    94.3%    290.5     0.2%     4.8%     0.0%     0.0%     0.9%     0.0%
Feb 20 10:20:03     42.3    21390135      290    94.3%    290.5     0.2%     4.8%     0.0%     0.0%     0.9%     0.0%
Feb 20 10:21:03     42.2    22030088      290    94.3%    290.5     0.2%     4.8%     0.0%     0.0%     0.9%     0.0%
Feb 20 10:22:04     42.3    22840463      290    94.3%    290.4     0.2%     4.8%     0.0%     0.0%     0.9%     0.0%
Feb 20 10:23:11     42.5    23692834      290    94.3%    290.5     0.2%     4.8%     0.0%     0.0%     0.9%     0.0%
Feb 20 10:24:11     42.6    24459739      290    94.3%    290.5     0.2%     4.8%     0.0%     0.0%     0.9%     0.0%
Feb 20 10:25:11     42.9    25398080      290    94.3%    290.5     0.2%     4.8%     0.0%     0.0%     0.9%     0.0%
Feb 20 10:26:11     43.1    26208033      290    94.3%    290.5     0.2%     4.8%     0.0%     0.0%     0.9%     0.0%
Feb 20 10:27:11     43.2    26975143      290    94.3%    290.5     0.2%     4.8%     0.0%     0.0%     0.9%     0.0%
Feb 20 10:28:12     43.3    27784510      290    94.3%    290.5     0.2%     4.8%     0.0%     0.0%     0.9%     0.0%
Feb 20 10:29:12     43.6    28723834      290    94.3%    290.4     0.2%     4.8%     0.0%     0.0%     0.9%     0.0%
Feb 20 10:30:14     43.7    29491826      290    94.3%    290.4     0.2%     4.8%     0.0%     0.0%     0.9%     0.0%
Feb 20 10:31:15     44.1    30516098      290    94.3%    290.4     0.2%     4.8%     0.0%     0.0%     0.9%     0.0%
Feb 20 10:32:19     44.3    31497772      290    94.2%    290.4     0.2%     4.8%     0.0%     0.0%     0.9%     0.0%
Feb 20 10:33:21     44.5    32393406      290    94.2%    290.4     0.2%     4.8%     0.0%     0.0%     0.9%     0.0%
Feb 20 10:34:22     44.8    33332809      290    94.2%    290.4     0.2%     4.8%     0.0%     0.0%     0.9%     0.0%
Feb 20 10:35:26     44.9    34228672      290    94.2%    290.4     0.2%     4.8%     0.0%     0.0%     0.9%     0.0%
Feb 20 10:36:35     45.0    35124695      290    94.2%    290.4     0.2%     4.8%     0.0%     0.0%     0.9%     0.0%
Feb 20 10:37:37     45.0    35935462      290    94.2%    290.4     0.2%     4.8%     0.0%     0.0%     0.9%     0.0%
Feb 20 10:38:39     44.9    36660187      290    94.2%    290.4     0.2%     4.8%     0.0%     0.0%     0.9%     0.0%
Feb 20 10:39:42     45.0    37471438      290    94.2%    290.4     0.2%     4.8%     0.0%     0.0%     0.9%     0.0%
Feb 20 10:40:47     44.7    38068856      290    94.2%    290.4     0.2%     4.8%     0.0%     0.0%     0.9%     0.0%
Feb 20 10:41:49     44.9    38964471      290    94.2%    290.4     0.2%     4.8%     0.0%     0.0%     0.9%     0.0%
Feb 20 10:42:54     44.6    39562527      290    94.2%    290.4     0.2%     4.8%     0.0%     0.0%     0.9%     0.0%
Feb 20 10:43:58     44.7    40458888      290    94.2%    290.3     0.2%     4.8%     0.0%     0.0%     0.9%     0.0%
Feb 20 10:44:59     44.7    41141066      290    94.2%    290.3     0.2%     4.8%     0.0%     0.0%     0.9%     0.0%
Feb 20 10:46:07     44.7    42037743      290    94.2%    290.3     0.2%     4.8%     0.0%     0.0%     0.9%     0.0%
Feb 20 10:47:07     44.8    42848453      290    94.2%    290.3     0.2%     4.8%     0.0%     0.0%     0.9%     0.0%
Feb 20 10:48:18     44.6    43573495      290    94.2%    290.3     0.2%     4.8%     0.0%     0.0%     0.9%     0.0%
Feb 20 10:49:25     44.7    44469707      290    94.2%    290.3     0.2%     4.8%     0.0%     0.0%     0.9%     0.0%
Feb 20 10:50:28     44.6    45152137      290    94.2%    290.3     0.2%     4.8%     0.0%     0.0%     0.9%     0.0%
Feb 20 10:51:35     44.3    45724149      290    94.2%    290.3     0.2%     4.8%     0.0%     0.0%     0.9%     0.0%
ALL DONE!
