           Time    Speed        Read     Read   Mapped   Mapped   Mapped   Mapped Unmapped Unmapped Unmapped Unmapped
                    M/hr      number   length   unique   length   MMrate    multi   multi+       MM    short    other
Feb 20 09:58:39	Started 1st pass mapping
Feb 20 09:59:05      6.0       43085      289    94.7%    288.8     0.2%     4.3%     0.1%     0.0%     0.9%     0.0%
Feb 20 10:00:05     59.4     1419704      289    94.7%    289.1     0.2%     4.4%     0.1%     0.0%     0.8%     0.0%
Feb 20 10:01:07     63.7     2620081      289    94.7%    289.3     0.2%     4.3%     0.1%     0.0%     0.8%     0.0%
Feb 20 10:02:07     70.6     4079650      289    94.7%    289.2     0.2%     4.4%     0.1%     0.0%     0.8%     0.0%
Feb 20 10:03:07     69.8     5194640      289    94.7%    289.3     0.2%     4.4%     0.1%     0.0%     0.8%     0.0%
Feb 20 10:04:08     72.8     6654049      289    94.7%    289.2     0.2%     4.4%     0.1%     0.0%     0.8%     0.0%
Feb 20 10:05:08     74.3     8026686      289    94.7%    289.3     0.2%     4.4%     0.1%     0.0%     0.8%     0.0%
Feb 20 10:06:08     75.4     9399449      289    94.7%    289.3     0.2%     4.4%     0.1%     0.0%     0.8%     0.0%
Feb 20 10:07:08     76.2    10770292      289    94.7%    289.3     0.2%     4.4%     0.1%     0.0%     0.8%     0.0%
Feb 20 10:08:08     77.6    12267215      289    94.7%    289.3     0.2%     4.4%     0.1%     0.0%     0.8%     0.0%
Feb 20 10:09:08     77.8    13594136      289    94.7%    289.3     0.2%     4.4%     0.1%     0.0%     0.8%     0.0%
Feb 20 10:10:09     80.7    15476588      289    94.7%    289.3     0.2%     4.4%     0.1%     0.0%     0.8%     0.0%
Feb 20 10:11:09     83.9    17487889      289    94.7%    289.2     0.2%     4.4%     0.1%     0.0%     0.8%     0.0%
Feb 20 10:12:09     86.3    19414000      289    94.7%    289.2     0.2%     4.4%     0.1%     0.0%     0.8%     0.0%
Feb 20 10:13:09     87.6    21168734      289    94.7%    289.2     0.2%     4.4%     0.1%     0.0%     0.8%     0.0%
Feb 20 10:14:10     88.6    22924800      289    94.7%    289.2     0.2%     4.4%     0.1%     0.0%     0.8%     0.0%
Feb 20 10:15:10     88.6    24381062      289    94.7%    289.2     0.2%     4.4%     0.1%     0.0%     0.8%     0.0%
Feb 20 10:16:12     89.1    26051046      289    94.7%    289.2     0.2%     4.4%     0.1%     0.0%     0.8%     0.0%
Feb 20 10:17:15     88.6    27463527      289    94.7%    289.2     0.2%     4.4%     0.1%     0.0%     0.8%     0.0%
Feb 20 10:18:19     88.4    28962739      289    94.7%    289.1     0.2%     4.4%     0.1%     0.0%     0.8%     0.0%
Feb 20 10:19:20     88.4    30462201      289    94.7%    289.1     0.2%     4.4%     0.1%     0.0%     0.8%     0.0%
Feb 20 10:20:21     88.0    31833183      289    94.7%    289.1     0.2%     4.4%     0.1%     0.0%     0.8%     0.0%
Feb 20 10:21:21     87.6    33160826      289    94.7%    289.1     0.2%     4.4%     0.1%     0.0%     0.8%     0.0%
Feb 20 10:22:01	Finished 1st pass mapping
Feb 20 10:28:07     37.5      646444      289    94.3%    288.9     0.2%     4.7%     0.1%     0.0%     0.8%     0.1%
Feb 20 10:29:11     49.1     1719596      289    94.4%    289.2     0.2%     4.7%     0.1%     0.0%     0.8%     0.1%
Feb 20 10:30:11     54.9     2834891      289    94.4%    289.3     0.2%     4.7%     0.1%     0.0%     0.8%     0.1%
Feb 20 10:31:12     58.2     3993890      289    94.3%    289.2     0.2%     4.7%     0.1%     0.0%     0.8%     0.1%
Feb 20 10:32:12     59.4     5065687      289    94.3%    289.3     0.2%     4.7%     0.1%     0.0%     0.8%     0.1%
Feb 20 10:33:12     60.2     6139309      289    94.3%    289.2     0.2%     4.7%     0.1%     0.0%     0.8%     0.1%
Feb 20 10:34:13     61.7     7339933      289    94.3%    289.3     0.2%     4.7%     0.1%     0.0%     0.8%     0.1%
Feb 20 10:35:18     62.1     8498885      289    94.3%    289.3     0.2%     4.7%     0.1%     0.0%     0.8%     0.1%
Feb 20 10:36:29     61.6     9656674      289    94.3%    289.3     0.2%     4.7%     0.1%     0.0%     0.8%     0.1%
Feb 20 10:37:30     61.8    10727446      289    94.3%    289.3     0.2%     4.7%     0.1%     0.0%     0.8%     0.1%
Feb 20 10:38:31     61.7    11754253      289    94.3%    289.3     0.2%     4.7%     0.1%     0.0%     0.8%     0.1%
Feb 20 10:39:31     61.7    12780311      289    94.3%    289.3     0.2%     4.7%     0.1%     0.0%     0.8%     0.1%
Feb 20 10:40:31     61.5    13765340      289    94.3%    289.3     0.2%     4.7%     0.1%     0.0%     0.8%     0.1%
Feb 20 10:41:31     60.8    14621008      289    94.3%    289.3     0.2%     4.7%     0.1%     0.0%     0.8%     0.1%
Feb 20 10:42:31     61.3    15776414      289    94.3%    289.2     0.2%     4.7%     0.1%     0.0%     0.8%     0.1%
Feb 20 10:43:32     61.1    16760919      289    94.3%    289.2     0.2%     4.7%     0.1%     0.0%     0.8%     0.1%
Feb 20 10:44:33     61.5    17915644      289    94.3%    289.2     0.2%     4.7%     0.1%     0.0%     0.8%     0.1%
Feb 20 10:45:33     62.5    19242934      289    94.3%    289.2     0.2%     4.7%     0.1%     0.0%     0.8%     0.1%
Feb 20 10:46:38     62.9    20482892      289    94.3%    289.2     0.2%     4.7%     0.1%     0.0%     0.8%     0.1%
Feb 20 10:47:46     63.9    22025096      289    94.3%    289.2     0.2%     4.7%     0.1%     0.0%     0.8%     0.1%
Feb 20 10:48:46     64.4    23267426      289    94.3%    289.2     0.2%     4.7%     0.1%     0.0%     0.8%     0.1%
Feb 20 10:49:47     64.8    24509574      289    94.3%    289.2     0.2%     4.7%     0.1%     0.0%     0.8%     0.1%
Feb 20 10:50:48     64.3    25408489      289    94.3%    289.2     0.2%     4.7%     0.1%     0.0%     0.8%     0.1%
Feb 20 10:51:48     64.0    26350720      289    94.3%    289.2     0.2%     4.7%     0.1%     0.0%     0.8%     0.1%
Feb 20 10:52:50     63.6    27292073      289    94.3%    289.2     0.2%     4.7%     0.1%     0.0%     0.8%     0.1%
Feb 20 10:53:50     63.2    28191843      289    94.3%    289.1     0.2%     4.7%     0.1%     0.0%     0.8%     0.1%
Feb 20 10:54:52     62.9    29134326      289    94.3%    289.1     0.2%     4.7%     0.1%     0.0%     0.8%     0.1%
Feb 20 10:55:59     62.5    30119668      289    94.3%    289.1     0.2%     4.7%     0.1%     0.0%     0.8%     0.1%
Feb 20 10:57:06     62.3    31147848      289    94.3%    289.1     0.2%     4.7%     0.1%     0.0%     0.8%     0.1%
Feb 20 10:58:06     62.0    32047201      289    94.3%    289.1     0.2%     4.7%     0.1%     0.0%     0.8%     0.1%
Feb 20 10:59:07     61.6    32861029      289    94.3%    289.1     0.2%     4.7%     0.1%     0.0%     0.8%     0.1%
Feb 20 11:00:07     61.3    33760067      289    94.3%    289.1     0.2%     4.7%     0.1%     0.0%     0.8%     0.1%
ALL DONE!
