                                 Started job on |	Feb 20 09:53:02
                             Started mapping on |	Feb 20 10:27:05
                                    Finished on |	Feb 20 11:00:38
       Mapping speed, Million of reads per hour |	60.98

                          Number of input reads |	34100013
                      Average input read length |	289
                                    UNIQUE READS:
                   Uniquely mapped reads number |	32162210
                        Uniquely mapped reads % |	94.32%
                          Average mapped length |	289.09
                       Number of splices: Total |	44793813
            Number of splices: Annotated (sjdb) |	44767834
                       Number of splices: GT/AG |	44186921
                       Number of splices: GC/AG |	526469
                       Number of splices: AT/AC |	50433
               Number of splices: Non-canonical |	29990
                      Mismatch rate per base, % |	0.18%
                         Deletion rate per base |	0.01%
                        Deletion average length |	2.35
                        Insertion rate per base |	0.01%
                       Insertion average length |	2.06
                             MULTI-MAPPING READS:
        Number of reads mapped to multiple loci |	1608494
             % of reads mapped to multiple loci |	4.72%
        Number of reads mapped to too many loci |	18297
             % of reads mapped to too many loci |	0.05%
                                  UNMAPPED READS:
  Number of reads unmapped: too many mismatches |	0
       % of reads unmapped: too many mismatches |	0.00%
            Number of reads unmapped: too short |	289495
                 % of reads unmapped: too short |	0.85%
                Number of reads unmapped: other |	21517
                     % of reads unmapped: other |	0.06%
                                  CHIMERIC READS:
                       Number of chimeric reads |	0
                            % of chimeric reads |	0.00%
