           Time    Speed        Read     Read   Mapped   Mapped   Mapped   Mapped Unmapped Unmapped Unmapped Unmapped
                    M/hr      number   length   unique   length   MMrate    multi   multi+       MM    short    other
Feb 20 08:34:07	Started 1st pass mapping
Feb 20 08:34:28      7.4       43230      289    94.6%    288.8     0.2%     4.4%     0.1%     0.0%     1.0%     0.0%
Feb 20 08:35:28     80.2     1805562      289    94.5%    289.2     0.2%     4.4%     0.1%     0.0%     1.0%     0.0%
Feb 20 08:36:31     86.9     3476801      289    94.5%    289.4     0.2%     4.4%     0.1%     0.0%     1.0%     0.0%
Feb 20 08:37:31     93.2     5279997      289    94.5%    289.3     0.2%     4.4%     0.1%     0.0%     1.0%     0.0%
Feb 20 08:38:31     94.2     6909479      289    94.5%    289.3     0.2%     4.4%     0.1%     0.0%     1.0%     0.0%
Feb 20 08:39:31     96.3     8669518      289    94.5%    289.3     0.2%     4.4%     0.1%     0.0%     1.0%     0.0%
Feb 20 08:40:34     94.6    10169967      289    94.5%    289.3     0.2%     4.4%     0.1%     0.0%     1.0%     0.0%
Feb 20 08:41:35     94.1    11710273      289    94.5%    289.3     0.2%     4.4%     0.1%     0.0%     1.0%     0.0%
Feb 20 08:42:37     94.4    13377806      289    94.5%    289.3     0.2%     4.4%     0.1%     0.0%     1.0%     0.0%
Feb 20 08:43:37     93.9    14875155      289    94.5%    289.3     0.2%     4.4%     0.1%     0.0%     1.0%     0.0%
Feb 20 08:44:37     93.8    16415079      289    94.5%    289.3     0.2%     4.4%     0.1%     0.0%     1.0%     0.0%
Feb 20 08:45:37     93.7    17954584      289    94.5%    289.3     0.2%     4.4%     0.1%     0.0%     1.0%     0.0%
Feb 20 08:46:37     93.8    19538427      289    94.5%    289.3     0.2%     4.4%     0.1%     0.0%     1.0%     0.0%
Feb 20 08:47:38     93.6    21078021      289    94.5%    289.3     0.2%     4.4%     0.1%     0.0%     1.0%     0.0%
Feb 20 08:48:39     93.2    22576351      289    94.5%    289.3     0.2%     4.4%     0.1%     0.0%     1.0%     0.0%
Feb 20 08:49:39     93.3    24159090      289    94.5%    289.3     0.2%     4.4%     0.1%     0.0%     1.0%     0.0%
Feb 20 08:50:39     93.4    25742492      289    94.5%    289.2     0.2%     4.4%     0.1%     0.0%     1.0%     0.0%
Feb 20 08:51:39     93.2    27239900      289    94.5%    289.2     0.2%     4.4%     0.1%     0.0%     1.0%     0.0%
Feb 20 08:52:41     93.1    28823089      289    94.5%    289.2     0.2%     4.4%     0.1%     0.0%     1.0%     0.0%
Feb 20 08:53:47     92.9    30449939      289    94.5%    289.2     0.2%     4.4%     0.1%     0.0%     1.0%     0.0%
Feb 20 08:54:48     93.1    32077912      289    94.5%    289.2     0.2%     4.4%     0.1%     0.0%     1.0%     0.0%
Feb 20 08:55:50     93.0    33662434      289    94.5%    289.2     0.2%     4.4%     0.1%     0.0%     1.0%     0.0%
Feb 20 08:56:50     93.3    35331898      289    94.5%    289.2     0.2%     4.4%     0.1%     0.0%     1.0%     0.0%
Feb 20 08:57:50     94.0    37171838      289    94.5%    289.2     0.2%     4.4%     0.1%     0.0%     1.0%     0.0%
Feb 20 08:58:50     95.0    39142239      289    94.5%    289.2     0.2%     4.4%     0.1%     0.0%     1.0%     0.0%
Feb 20 08:59:50     95.8    41070168      289    94.5%    289.1     0.2%     4.4%     0.1%     0.0%     1.0%     0.0%
Feb 20 09:00:50     96.9    43126441      289    94.5%    289.1     0.2%     4.4%     0.1%     0.0%     1.0%     0.0%
Feb 20 09:01:50     97.3    44967967      289    94.5%    289.1     0.2%     4.4%     0.1%     0.0%     1.0%     0.0%
Feb 20 09:02:37	Finished 1st pass mapping
Feb 20 09:08:58     38.8      646372      289    94.1%    288.9     0.2%     4.8%     0.1%     0.0%     1.0%     0.1%
Feb 20 09:09:58     49.0     1633999      289    94.1%    289.2     0.2%     4.8%     0.1%     0.0%     1.0%     0.0%
Feb 20 09:11:01     54.1     2748337      289    94.1%    289.3     0.2%     4.8%     0.1%     0.0%     1.0%     0.1%
Feb 20 09:12:04     54.7     3734578      289    94.1%    289.4     0.2%     4.8%     0.1%     0.0%     1.0%     0.1%
Feb 20 09:13:06     55.7     4765051      289    94.1%    289.3     0.2%     4.8%     0.1%     0.0%     1.0%     0.1%
Feb 20 09:14:09     55.8     5751837      289    94.1%    289.3     0.2%     4.8%     0.1%     0.0%     1.0%     0.0%
Feb 20 09:15:10     56.5     6780933      289    94.1%    289.3     0.2%     4.8%     0.1%     0.0%     1.0%     0.0%
Feb 20 09:16:10     56.5     7725375      289    94.1%    289.3     0.2%     4.8%     0.1%     0.0%     1.0%     0.0%
Feb 20 09:17:11     57.0     8755309      289    94.1%    289.3     0.2%     4.8%     0.1%     0.0%     1.0%     0.0%
Feb 20 09:18:12     57.1     9741762      289    94.1%    289.3     0.2%     4.8%     0.1%     0.0%     1.0%     0.0%
Feb 20 09:19:18     57.0    10768632      289    94.1%    289.3     0.2%     4.8%     0.1%     0.0%     1.0%     0.0%
Feb 20 09:20:19     57.1    11753032      289    94.1%    289.3     0.2%     4.8%     0.1%     0.0%     1.0%     0.0%
Feb 20 09:21:29     57.3    12907531      289    94.1%    289.3     0.2%     4.8%     0.1%     0.0%     1.0%     0.0%
Feb 20 09:22:30     57.9    14018745      289    94.1%    289.3     0.2%     4.8%     0.1%     0.0%     1.0%     0.0%
Feb 20 09:23:31     58.9    15260226      289    94.1%    289.3     0.2%     4.8%     0.1%     0.0%     1.0%     0.0%
Feb 20 09:24:31     59.4    16372315      289    94.1%    289.3     0.2%     4.8%     0.1%     0.0%     1.0%     0.0%
Feb 20 09:25:34     59.5    17440988      289    94.1%    289.3     0.2%     4.8%     0.1%     0.0%     1.0%     0.0%
Feb 20 09:26:40     59.7    18597083      289    94.1%    289.3     0.2%     4.8%     0.1%     0.0%     1.0%     0.0%
Feb 20 09:27:40     59.8    19624038      289    94.1%    289.3     0.2%     4.8%     0.1%     0.0%     1.0%     0.0%
Feb 20 09:28:41     59.9    20693274      289    94.1%    289.3     0.2%     4.8%     0.1%     0.0%     1.0%     0.0%
Feb 20 09:29:42     59.8    21677265      289    94.1%    289.3     0.2%     4.8%     0.1%     0.0%     1.0%     0.0%
Feb 20 09:30:43     59.7    22619187      289    94.1%    289.3     0.2%     4.8%     0.1%     0.0%     1.0%     0.0%
Feb 20 09:31:44     59.6    23603157      289    94.1%    289.2     0.2%     4.8%     0.1%     0.0%     1.0%     0.0%
Feb 20 09:32:44     59.6    24586661      289    94.1%    289.3     0.2%     4.8%     0.1%     0.0%     1.0%     0.0%
Feb 20 09:33:44     59.5    25571286      289    94.1%    289.2     0.2%     4.8%     0.1%     0.0%     1.0%     0.0%
Feb 20 09:34:47     59.4    26555511      289    94.1%    289.2     0.2%     4.8%     0.1%     0.0%     1.0%     0.0%
Feb 20 09:35:51     59.4    27624765      289    94.1%    289.2     0.2%     4.8%     0.1%     0.0%     1.0%     0.0%
Feb 20 09:36:51     59.8    28780224      289    94.1%    289.2     0.2%     4.8%     0.1%     0.0%     1.0%     0.0%
Feb 20 09:37:53     59.4    29636932      289    94.1%    289.2     0.2%     4.8%     0.1%     0.0%     1.0%     0.0%
Feb 20 09:38:58     59.3    30663944      289    94.1%    289.2     0.2%     4.8%     0.1%     0.0%     1.0%     0.0%
Feb 20 09:39:58     59.3    31649735      289    94.1%    289.2     0.2%     4.8%     0.1%     0.0%     1.0%     0.0%
Feb 20 09:40:58     59.4    32677000      289    94.1%    289.2     0.2%     4.8%     0.1%     0.0%     1.0%     0.0%
Feb 20 09:42:00     59.3    33662355      289    94.1%    289.2     0.2%     4.8%     0.1%     0.0%     1.0%     0.0%
Feb 20 09:43:01     59.5    34732422      289    94.1%    289.2     0.2%     4.8%     0.1%     0.0%     1.0%     0.0%
Feb 20 09:44:03     60.0    36059763      289    94.1%    289.2     0.2%     4.8%     0.1%     0.0%     1.0%     0.0%
Feb 20 09:45:03     60.6    37471813      289    94.1%    289.2     0.2%     4.8%     0.1%     0.0%     1.0%     0.0%
Feb 20 09:46:04     61.2    38842636      289    94.1%    289.1     0.2%     4.8%     0.1%     0.0%     1.0%     0.0%
Feb 20 09:47:07     61.8    40299119      289    94.1%    289.1     0.2%     4.8%     0.1%     0.0%     1.0%     0.0%
Feb 20 09:48:09     62.4    41797959      289    94.1%    289.1     0.2%     4.8%     0.1%     0.0%     1.0%     0.0%
Feb 20 09:49:11     62.5    42955154      289    94.1%    289.1     0.2%     4.8%     0.1%     0.0%     1.0%     0.0%
Feb 20 09:50:11     62.4    43897033      289    94.1%    289.1     0.2%     4.8%     0.1%     0.0%     1.0%     0.0%
Feb 20 09:51:12     62.3    44882306      289    94.1%    289.1     0.2%     4.8%     0.1%     0.0%     1.0%     0.0%
Feb 20 09:52:20     62.0    45866890      289    94.1%    289.1     0.2%     4.8%     0.1%     0.0%     1.0%     0.0%
ALL DONE!
