                                 Started job on |	Feb 20 08:34:46
                             Started mapping on |	Feb 20 09:27:55
                                    Finished on |	Feb 20 10:28:35
       Mapping speed, Million of reads per hour |	45.86

                          Number of input reads |	46372779
                      Average input read length |	290
                                    UNIQUE READS:
                   Uniquely mapped reads number |	43709158
                        Uniquely mapped reads % |	94.26%
                          Average mapped length |	290.39
                       Number of splices: Total |	59896760
            Number of splices: Annotated (sjdb) |	59862215
                       Number of splices: GT/AG |	59128863
                       Number of splices: GC/AG |	659055
                       Number of splices: AT/AC |	70405
               Number of splices: Non-canonical |	38437
                      Mismatch rate per base, % |	0.18%
                         Deletion rate per base |	0.01%
                        Deletion average length |	2.36
                        Insertion rate per base |	0.01%
                       Insertion average length |	2.06
                             MULTI-MAPPING READS:
        Number of reads mapped to multiple loci |	2154266
             % of reads mapped to multiple loci |	4.65%
        Number of reads mapped to too many loci |	22993
             % of reads mapped to too many loci |	0.05%
                                  UNMAPPED READS:
  Number of reads unmapped: too many mismatches |	0
       % of reads unmapped: too many mismatches |	0.00%
            Number of reads unmapped: too short |	457015
                 % of reads unmapped: too short |	0.99%
                Number of reads unmapped: other |	29347
                     % of reads unmapped: other |	0.06%
                                  CHIMERIC READS:
                       Number of chimeric reads |	0
                            % of chimeric reads |	0.00%
