           Time    Speed        Read     Read   Mapped   Mapped   Mapped   Mapped Unmapped Unmapped Unmapped Unmapped
                    M/hr      number   length   unique   length   MMrate    multi   multi+       MM    short    other
Feb 20 08:41:02	Started 1st pass mapping
Feb 20 08:41:23      7.4       43120      290    94.7%    289.9     0.2%     4.2%     0.1%     0.0%     1.0%     0.0%
Feb 20 08:42:24     65.8     1499765      290    94.8%    290.4     0.2%     4.2%     0.1%     0.0%     1.0%     0.0%
Feb 20 08:43:24     67.3     2653012      291    94.8%    290.6     0.2%     4.2%     0.1%     0.0%     1.0%     0.0%
Feb 20 08:44:29     71.4     4106042      291    94.8%    290.6     0.2%     4.2%     0.1%     0.0%     1.0%     0.0%
Feb 20 08:45:29     73.2     5431206      291    94.7%    290.6     0.2%     4.2%     0.1%     0.0%     1.0%     0.0%
Feb 20 08:46:29     72.5     6584665      291    94.7%    290.6     0.2%     4.2%     0.1%     0.0%     1.0%     0.0%
Feb 20 08:47:31     73.2     7910174      291    94.7%    290.6     0.2%     4.2%     0.1%     0.0%     1.0%     0.0%
Feb 20 08:48:33     74.1     9277876      290    94.7%    290.6     0.2%     4.2%     0.1%     0.0%     1.0%     0.0%
Feb 20 08:49:33     74.4    10557757      291    94.7%    290.6     0.2%     4.2%     0.1%     0.0%     1.0%     0.0%
Feb 20 08:50:33     75.4    11964615      291    94.7%    290.6     0.2%     4.2%     0.1%     0.0%     1.0%     0.0%
Feb 20 08:51:36     75.0    13199863      291    94.7%    290.6     0.2%     4.2%     0.1%     0.0%     1.0%     0.0%
Feb 20 08:52:36     75.3    14520802      291    94.7%    290.6     0.2%     4.2%     0.1%     0.0%     1.0%     0.0%
Feb 20 08:53:37     75.5    15842533      291    94.7%    290.6     0.2%     4.2%     0.1%     0.0%     1.0%     0.0%
Feb 20 08:54:39     75.4    17120299      291    94.7%    290.6     0.2%     4.2%     0.1%     0.0%     1.0%     0.0%
Feb 20 08:55:40     75.3    18356726      291    94.7%    290.6     0.2%     4.2%     0.1%     0.0%     1.0%     0.0%
Feb 20 08:56:43     75.4    19721081      291    94.7%    290.6     0.2%     4.2%     0.1%     0.0%     1.0%     0.0%
Feb 20 08:57:44     75.9    21127148      291    94.7%    290.6     0.2%     4.2%     0.1%     0.0%     1.0%     0.0%
Feb 20 08:58:44     76.4    22534577      290    94.7%    290.6     0.2%     4.2%     0.1%     0.0%     1.0%     0.0%
Feb 20 08:59:45     77.0    24026054      290    94.7%    290.6     0.2%     4.2%     0.1%     0.0%     1.0%     0.0%
Feb 20 09:00:46     77.6    25518290      290    94.7%    290.6     0.2%     4.2%     0.1%     0.0%     1.0%     0.0%
Feb 20 09:01:46     77.9    26924928      290    94.7%    290.6     0.2%     4.2%     0.1%     0.0%     1.0%     0.0%
Feb 20 09:02:47     77.4    28075095      290    94.7%    290.6     0.2%     4.2%     0.1%     0.0%     1.0%     0.0%
Feb 20 09:03:47     77.1    29227647      290    94.7%    290.5     0.2%     4.2%     0.1%     0.0%     1.0%     0.0%
Feb 20 09:04:47     77.0    30464217      290    94.7%    290.5     0.2%     4.2%     0.1%     0.0%     1.0%     0.0%
Feb 20 09:05:47     76.9    31702454      290    94.7%    290.5     0.2%     4.2%     0.1%     0.0%     1.0%     0.0%
Feb 20 09:06:48     76.4    32811606      290    94.7%    290.5     0.2%     4.2%     0.1%     0.0%     1.0%     0.0%
Feb 20 09:07:49     76.3    34049342      290    94.7%    290.5     0.2%     4.2%     0.1%     0.0%     1.0%     0.0%
Feb 20 09:08:49     75.8    35115608      290    94.7%    290.5     0.2%     4.2%     0.1%     0.0%     1.0%     0.0%
Feb 20 09:09:49     75.4    36182220      290    94.7%    290.5     0.2%     4.2%     0.1%     0.0%     1.0%     0.0%
Feb 20 09:10:51     75.0    37247425      290    94.7%    290.5     0.2%     4.2%     0.1%     0.0%     1.0%     0.0%
Feb 20 09:11:51     74.5    38272460      290    94.7%    290.5     0.2%     4.2%     0.1%     0.0%     1.0%     0.0%
Feb 20 09:12:51     74.3    39381396      290    94.7%    290.5     0.2%     4.2%     0.1%     0.0%     1.0%     0.0%
Feb 20 09:13:59     73.9    40577137      290    94.7%    290.4     0.2%     4.2%     0.1%     0.0%     1.0%     0.0%
Feb 20 09:15:00     73.6    41686209      290    94.7%    290.4     0.2%     4.2%     0.1%     0.0%     1.0%     0.0%
Feb 20 09:16:05     73.1    42711231      290    94.7%    290.4     0.2%     4.2%     0.1%     0.0%     1.0%     0.0%
Feb 20 09:17:05     72.9    43820368      290    94.7%    290.4     0.2%     4.2%     0.1%     0.0%     1.0%     0.0%
Feb 20 09:18:09     72.7    44972637      290    94.7%    290.4     0.2%     4.2%     0.1%     0.0%     1.0%     0.0%
Feb 20 09:19:09     72.4    45996210      290    94.7%    290.4     0.2%     4.2%     0.1%     0.0%     1.0%     0.0%
Feb 20 09:19:29	Finished 1st pass mapping
Feb 20 09:28:56     30.4      515369      290    94.3%    290.1     0.2%     4.6%     0.0%     0.0%     1.0%     0.1%
Feb 20 09:29:58     33.9     1157958      290    94.3%    290.3     0.2%     4.6%     0.0%     0.0%     1.0%     0.1%
Feb 20 09:31:06     35.5     1884339      290    94.3%    290.5     0.2%     4.6%     0.0%     0.0%     1.0%     0.1%
Feb 20 09:32:07     37.9     2653008      291    94.3%    290.6     0.2%     4.6%     0.0%     0.0%     1.0%     0.1%
Feb 20 09:33:08     39.8     3464335      291    94.3%    290.7     0.2%     4.6%     0.0%     0.0%     1.0%     0.1%
Feb 20 09:34:10     39.8     4148829      291    94.3%    290.6     0.2%     4.6%     0.0%     0.0%     1.0%     0.1%
Feb 20 09:35:12     40.5     4918358      290    94.3%    290.6     0.2%     4.6%     0.0%     0.0%     1.0%     0.1%
Feb 20 09:36:16     40.6     5644844      291    94.3%    290.6     0.2%     4.6%     0.0%     0.0%     1.0%     0.1%
Feb 20 09:37:18     41.0     6413797      291    94.3%    290.6     0.2%     4.6%     0.0%     0.0%     1.0%     0.1%
Feb 20 09:38:18     41.3     7140044      291    94.3%    290.6     0.2%     4.6%     0.0%     0.0%     1.0%     0.1%
Feb 20 09:39:19     41.2     7824681      291    94.3%    290.6     0.2%     4.6%     0.0%     0.0%     1.0%     0.1%
Feb 20 09:40:22     41.8     8679611      290    94.3%    290.6     0.2%     4.6%     0.0%     0.0%     1.0%     0.1%
Feb 20 09:41:24     41.9     9406066      291    94.3%    290.6     0.2%     4.6%     0.0%     0.0%     1.0%     0.1%
Feb 20 09:42:25     42.1    10174458      291    94.3%    290.6     0.2%     4.6%     0.0%     0.0%     1.0%     0.1%
Feb 20 09:43:31     42.6    11069617      291    94.3%    290.6     0.2%     4.6%     0.0%     0.0%     1.0%     0.1%
Feb 20 09:44:35     43.7    12135001      291    94.3%    290.6     0.2%     4.6%     0.0%     0.0%     1.0%     0.1%
Feb 20 09:45:37     44.7    13199863      291    94.3%    290.6     0.2%     4.6%     0.0%     0.0%     1.0%     0.1%
Feb 20 09:46:41     45.6    14264845      291    94.3%    290.6     0.2%     4.6%     0.0%     0.0%     1.0%     0.1%
Feb 20 09:47:42     46.5    15331021      291    94.3%    290.6     0.2%     4.6%     0.0%     0.0%     1.0%     0.1%
Feb 20 09:48:43     47.7    16524080      291    94.3%    290.6     0.2%     4.6%     0.0%     0.0%     1.0%     0.1%
Feb 20 09:49:46     47.8    17418381      291    94.3%    290.6     0.2%     4.6%     0.0%     0.0%     1.0%     0.1%
Feb 20 09:50:49     47.6    18186092      291    94.3%    290.6     0.2%     4.6%     0.0%     0.0%     1.0%     0.1%
Feb 20 09:52:02     47.4    19039138      291    94.3%    290.6     0.2%     4.6%     0.0%     0.0%     1.0%     0.1%
Feb 20 09:53:02     47.3    19806300      291    94.3%    290.6     0.2%     4.6%     0.0%     0.0%     1.0%     0.1%
Feb 20 09:54:02     47.3    20573245      291    94.3%    290.6     0.2%     4.6%     0.0%     0.0%     1.0%     0.1%
Feb 20 09:55:06     47.4    21468555      291    94.3%    290.6     0.2%     4.6%     0.0%     0.0%     1.0%     0.1%
Feb 20 09:56:09     47.5    22364119      290    94.3%    290.6     0.2%     4.6%     0.0%     0.0%     1.0%     0.1%
Feb 20 09:57:12     47.7    23259063      290    94.3%    290.6     0.2%     4.6%     0.0%     0.0%     1.0%     0.1%
Feb 20 09:58:15     47.7    24111246      290    94.3%    290.6     0.2%     4.6%     0.0%     0.0%     1.0%     0.1%
Feb 20 09:59:16     47.7    24920961      290    94.3%    290.6     0.2%     4.6%     0.0%     0.0%     1.0%     0.1%
Feb 20 10:00:19     47.5    25646223      290    94.3%    290.6     0.2%     4.6%     0.0%     0.0%     1.0%     0.1%
Feb 20 10:01:21     47.2    26285633      290    94.3%    290.6     0.2%     4.6%     0.0%     0.0%     1.0%     0.1%
Feb 20 10:02:23     47.0    27010160      290    94.3%    290.6     0.2%     4.6%     0.0%     0.0%     1.0%     0.1%
Feb 20 10:03:24     47.0    27819544      290    94.3%    290.6     0.2%     4.6%     0.0%     0.0%     1.0%     0.1%
Feb 20 10:04:26     46.8    28459155      290    94.3%    290.6     0.2%     4.6%     0.0%     0.0%     1.0%     0.1%
Feb 20 10:05:30     46.5    29142384      290    94.3%    290.5     0.2%     4.6%     0.0%     0.0%     1.0%     0.1%
Feb 20 10:06:33     46.5    29910075      290    94.3%    290.5     0.2%     4.6%     0.0%     0.0%     1.0%     0.1%
Feb 20 10:07:33     46.2    30506997      290    94.3%    290.5     0.2%     4.6%     0.0%     0.0%     1.0%     0.1%
Feb 20 10:08:33     46.2    31275696      290    94.3%    290.5     0.2%     4.6%     0.0%     0.0%     1.0%     0.1%
Feb 20 10:09:39     46.0    32001080      290    94.3%    290.5     0.2%     4.6%     0.0%     0.0%     1.0%     0.1%
Feb 20 10:10:39     46.2    32939863      290    94.3%    290.5     0.2%     4.6%     0.0%     0.0%     1.0%     0.1%
Feb 20 10:11:47     46.0    33622776      290    94.3%    290.5     0.2%     4.6%     0.0%     0.0%     1.0%     0.1%
Feb 20 10:12:48     46.1    34518520      290    94.3%    290.5     0.2%     4.6%     0.0%     0.0%     1.0%     0.1%
Feb 20 10:13:48     46.1    35286473      290    94.3%    290.5     0.2%     4.6%     0.0%     0.0%     1.0%     0.1%
Feb 20 10:14:48     46.1    36011655      290    94.3%    290.5     0.2%     4.6%     0.0%     0.0%     1.0%     0.1%
Feb 20 10:15:49     46.1    36778889      290    94.3%    290.5     0.2%     4.6%     0.0%     0.0%     1.0%     0.1%
Feb 20 10:16:56     45.9    37503910      290    94.3%    290.5     0.2%     4.6%     0.0%     0.0%     1.0%     0.1%
Feb 20 10:17:57     45.9    38272427      290    94.3%    290.5     0.2%     4.6%     0.0%     0.0%     1.0%     0.1%
Feb 20 10:19:01     45.9    39125578      290    94.3%    290.5     0.2%     4.6%     0.0%     0.0%     1.0%     0.1%
Feb 20 10:20:01     45.9    39894021      290    94.3%    290.4     0.2%     4.6%     0.0%     0.0%     1.0%     0.1%
Feb 20 10:21:06     45.9    40662475      290    94.3%    290.4     0.2%     4.6%     0.0%     0.0%     1.0%     0.1%
Feb 20 10:22:10     45.8    41430356      290    94.3%    290.4     0.2%     4.6%     0.0%     0.0%     1.0%     0.1%
Feb 20 10:23:15     45.8    42241586      290    94.3%    290.4     0.2%     4.6%     0.0%     0.0%     1.0%     0.1%
Feb 20 10:24:15     46.0    43180558      290    94.3%    290.4     0.2%     4.6%     0.0%     0.0%     1.0%     0.1%
Feb 20 10:25:16     46.0    43948277      290    94.3%    290.4     0.2%     4.6%     0.0%     0.0%     1.0%     0.1%
Feb 20 10:26:17     46.0    44759325      290    94.3%    290.4     0.2%     4.6%     0.0%     0.0%     1.0%     0.1%
Feb 20 10:27:17     46.1    45655111      290    94.3%    290.4     0.2%     4.6%     0.0%     0.0%     1.0%     0.1%
Feb 20 10:28:21     46.0    46337020      290    94.3%    290.4     0.2%     4.6%     0.0%     0.0%     1.0%     0.1%
ALL DONE!
