                                 Started job on |	Feb 20 09:43:48
                             Started mapping on |	Feb 20 10:13:43
                                    Finished on |	Feb 20 10:44:05
       Mapping speed, Million of reads per hour |	61.71

                          Number of input reads |	31232772
                      Average input read length |	290
                                    UNIQUE READS:
                   Uniquely mapped reads number |	29515172
                        Uniquely mapped reads % |	94.50%
                          Average mapped length |	290.30
                       Number of splices: Total |	40418908
            Number of splices: Annotated (sjdb) |	40397816
                       Number of splices: GT/AG |	39897012
                       Number of splices: GC/AG |	447670
                       Number of splices: AT/AC |	46350
               Number of splices: Non-canonical |	27876
                      Mismatch rate per base, % |	0.19%
                         Deletion rate per base |	0.01%
                        Deletion average length |	2.36
                        Insertion rate per base |	0.01%
                       Insertion average length |	2.06
                             MULTI-MAPPING READS:
        Number of reads mapped to multiple loci |	1399416
             % of reads mapped to multiple loci |	4.48%
        Number of reads mapped to too many loci |	15416
             % of reads mapped to too many loci |	0.05%
                                  UNMAPPED READS:
  Number of reads unmapped: too many mismatches |	0
       % of reads unmapped: too many mismatches |	0.00%
            Number of reads unmapped: too short |	283098
                 % of reads unmapped: too short |	0.91%
                Number of reads unmapped: other |	19670
                     % of reads unmapped: other |	0.06%
                                  CHIMERIC READS:
                       Number of chimeric reads |	0
                            % of chimeric reads |	0.00%
