           Time    Speed        Read     Read   Mapped   Mapped   Mapped   Mapped Unmapped Unmapped Unmapped Unmapped
                    M/hr      number   length   unique   length   MMrate    multi   multi+       MM    short    other
Feb 20 09:48:40	Started 1st pass mapping
Feb 20 09:48:59      8.2       43194      289    94.7%    289.3     0.2%     4.3%     0.0%     0.0%     0.9%     0.0%
Feb 20 09:50:02     77.1     1757129      290    94.8%    290.3     0.2%     4.2%     0.1%     0.0%     0.9%     0.0%
Feb 20 09:51:03     80.9     3211866      290    94.8%    290.2     0.2%     4.3%     0.1%     0.0%     0.9%     0.0%
Feb 20 09:52:04     83.1     4708868      290    94.7%    290.3     0.2%     4.3%     0.1%     0.0%     0.9%     0.0%
Feb 20 09:53:05     86.0     6333787      290    94.7%    290.3     0.2%     4.3%     0.1%     0.0%     0.9%     0.0%
Feb 20 09:54:05     90.0     8129416      290    94.7%    290.3     0.2%     4.3%     0.1%     0.0%     0.9%     0.0%
Feb 20 09:55:05     93.6    10011668      290    94.7%    290.3     0.2%     4.3%     0.1%     0.0%     0.9%     0.0%
Feb 20 09:56:07     95.7    11888309      290    94.7%    290.3     0.2%     4.3%     0.1%     0.0%     0.9%     0.0%
Feb 20 09:57:09     98.0    13850514      290    94.7%    290.3     0.2%     4.3%     0.1%     0.0%     0.9%     0.0%
Feb 20 09:58:09     99.0    15640915      290    94.7%    290.3     0.2%     4.3%     0.1%     0.0%     0.9%     0.0%
Feb 20 09:59:10     99.1    17347077      290    94.7%    290.3     0.2%     4.3%     0.1%     0.0%     0.9%     0.0%
Feb 20 10:00:11     98.2    18840314      290    94.7%    290.3     0.2%     4.3%     0.1%     0.0%     0.9%     0.0%
Feb 20 10:01:11     97.7    20375684      290    94.7%    290.3     0.2%     4.3%     0.1%     0.0%     0.9%     0.0%
Feb 20 10:02:12     96.6    21782773      290    94.7%    290.3     0.2%     4.3%     0.1%     0.0%     0.9%     0.0%
Feb 20 10:03:13     95.4    23146280      290    94.7%    290.3     0.2%     4.3%     0.1%     0.0%     0.9%     0.0%
Feb 20 10:04:13     94.7    24554250      290    94.7%    290.3     0.2%     4.3%     0.1%     0.0%     0.9%     0.0%
Feb 20 10:05:14     94.5    26090038      290    94.7%    290.3     0.2%     4.3%     0.1%     0.0%     0.9%     0.0%
Feb 20 10:06:14     93.8    27454660      290    94.7%    290.3     0.2%     4.3%     0.1%     0.0%     0.9%     0.0%
Feb 20 10:07:15     93.5    28947585      290    94.7%    290.3     0.2%     4.3%     0.1%     0.0%     0.9%     0.0%
Feb 20 10:08:15     93.0    30355212      290    94.7%    290.3     0.2%     4.3%     0.1%     0.0%     0.9%     0.0%
Feb 20 10:08:52	Finished 1st pass mapping
Feb 20 10:14:43     41.2      687405      290    94.5%    289.9     0.2%     4.5%     0.0%     0.0%     0.9%     0.1%
Feb 20 10:15:44     49.7     1671719      290    94.5%    290.2     0.2%     4.5%     0.0%     0.0%     0.9%     0.1%
Feb 20 10:16:48     55.0     2827050      290    94.5%    290.2     0.2%     4.5%     0.0%     0.0%     0.9%     0.1%
Feb 20 10:17:49     55.1     3767368      290    94.5%    290.3     0.2%     4.5%     0.0%     0.0%     0.9%     0.1%
Feb 20 10:18:51     53.5     4580553      290    94.5%    290.3     0.2%     4.5%     0.0%     0.0%     0.9%     0.1%
Feb 20 10:19:53     54.1     5563797      290    94.5%    290.3     0.2%     4.5%     0.0%     0.0%     0.9%     0.1%
Feb 20 10:20:53     54.1     6462014      290    94.5%    290.3     0.2%     4.5%     0.0%     0.0%     0.9%     0.1%
Feb 20 10:21:55     54.8     7487480      290    94.5%    290.3     0.2%     4.5%     0.0%     0.0%     0.9%     0.1%
Feb 20 10:22:58     55.0     8471732      290    94.5%    290.3     0.2%     4.5%     0.0%     0.0%     0.9%     0.1%
Feb 20 10:23:58     56.3     9626170      290    94.5%    290.3     0.2%     4.5%     0.0%     0.0%     0.9%     0.1%
Feb 20 10:25:00     58.0    10907432      290    94.5%    290.3     0.2%     4.5%     0.0%     0.0%     0.9%     0.1%
Feb 20 10:26:01     59.2    12144430      290    94.5%    290.3     0.2%     4.5%     0.0%     0.0%     0.9%     0.1%
Feb 20 10:27:02     60.3    13381147      290    94.5%    290.3     0.2%     4.5%     0.0%     0.0%     0.9%     0.1%
Feb 20 10:28:03     59.9    14319777      290    94.5%    290.3     0.2%     4.5%     0.0%     0.0%     0.9%     0.1%
Feb 20 10:29:03     60.4    15427885      290    94.5%    290.3     0.2%     4.5%     0.0%     0.0%     0.9%     0.1%
Feb 20 10:30:03     60.6    16494615      290    94.5%    290.3     0.2%     4.5%     0.0%     0.0%     0.9%     0.1%
Feb 20 10:31:06     61.1    17688448      290    94.5%    290.3     0.2%     4.5%     0.0%     0.0%     0.9%     0.1%
Feb 20 10:32:06     61.5    18840323      290    94.5%    290.3     0.2%     4.5%     0.0%     0.0%     0.9%     0.1%
Feb 20 10:33:07     61.8    19991841      290    94.5%    290.3     0.2%     4.5%     0.0%     0.0%     0.9%     0.1%
Feb 20 10:34:07     62.4    21228106      290    94.5%    290.3     0.2%     4.5%     0.0%     0.0%     0.9%     0.1%
Feb 20 10:35:08     62.3    22251692      290    94.5%    290.3     0.2%     4.5%     0.0%     0.0%     0.9%     0.1%
Feb 20 10:36:09     62.6    23402215      290    94.5%    290.3     0.2%     4.5%     0.0%     0.0%     0.9%     0.1%
Feb 20 10:37:13     62.4    24426364      290    94.5%    290.3     0.2%     4.5%     0.0%     0.0%     0.9%     0.1%
Feb 20 10:38:13     62.1    25364390      290    94.5%    290.3     0.2%     4.5%     0.0%     0.0%     0.9%     0.1%
Feb 20 10:39:14     62.3    26473836      290    94.5%    290.3     0.2%     4.5%     0.0%     0.0%     0.9%     0.1%
Feb 20 10:40:15     62.3    27540022      290    94.5%    290.3     0.2%     4.5%     0.0%     0.0%     0.9%     0.1%
Feb 20 10:41:15     62.1    28478641      290    94.5%    290.3     0.2%     4.5%     0.0%     0.0%     0.9%     0.1%
Feb 20 10:42:18     62.0    29544839      290    94.5%    290.3     0.2%     4.5%     0.0%     0.0%     0.9%     0.1%
Feb 20 10:43:21     61.8    30525699      290    94.5%    290.3     0.2%     4.5%     0.0%     0.0%     0.9%     0.1%
ALL DONE!
