           Time    Speed        Read     Read   Mapped   Mapped   Mapped   Mapped Unmapped Unmapped Unmapped Unmapped
                    M/hr      number   length   unique   length   MMrate    multi   multi+       MM    short    other
Feb 20 10:49:29	Started 1st pass mapping
Feb 20 10:49:49      7.8       43135      289    95.1%    289.5     0.2%     4.2%     0.1%     0.0%     0.7%     0.0%
Feb 20 10:50:51     67.8     1545441      290    94.9%    289.9     0.2%     4.3%     0.1%     0.0%     0.7%     0.0%
Feb 20 10:51:51     79.3     3128290      290    94.9%    290.1     0.2%     4.3%     0.1%     0.0%     0.7%     0.0%
Feb 20 10:52:53     80.9     4584754      290    94.9%    290.0     0.2%     4.3%     0.1%     0.0%     0.7%     0.0%
Feb 20 10:53:57     81.7     6083123      290    94.9%    290.0     0.2%     4.3%     0.1%     0.0%     0.7%     0.0%
Feb 20 10:54:57     83.2     7581830      290    94.9%    290.0     0.2%     4.3%     0.1%     0.0%     0.7%     0.0%
Feb 20 10:55:59     83.8     9080577      290    94.9%    290.0     0.2%     4.3%     0.1%     0.0%     0.7%     0.0%
Feb 20 10:57:00     83.7    10491364      290    94.9%    290.0     0.2%     4.3%     0.1%     0.0%     0.7%     0.0%
Feb 20 10:58:02     83.2    11858112      290    94.9%    290.0     0.2%     4.3%     0.1%     0.0%     0.7%     0.0%
Feb 20 10:59:02     83.3    13266193      290    94.9%    290.0     0.2%     4.3%     0.1%     0.0%     0.7%     0.0%
Feb 20 11:00:05     83.3    14718127      290    94.9%    290.0     0.2%     4.3%     0.1%     0.0%     0.7%     0.0%
Feb 20 11:01:06     84.8    16425746      290    94.9%    290.0     0.2%     4.3%     0.1%     0.0%     0.7%     0.0%
Feb 20 11:02:07     85.5    18005630      290    94.9%    290.0     0.2%     4.3%     0.1%     0.0%     0.7%     0.0%
Feb 20 11:03:07     85.8    19500661      290    94.9%    290.0     0.2%     4.3%     0.1%     0.0%     0.7%     0.0%
Feb 20 11:04:08     86.7    21165980      290    94.9%    290.0     0.2%     4.3%     0.1%     0.0%     0.7%     0.0%
Feb 20 11:05:08     86.7    22618491      290    94.9%    290.0     0.2%     4.3%     0.1%     0.0%     0.7%     0.0%
Feb 20 11:06:09     87.4    24283162      290    94.9%    290.0     0.2%     4.3%     0.1%     0.0%     0.7%     0.0%
Feb 20 11:07:12     88.3    26077601      290    94.9%    290.0     0.2%     4.3%     0.1%     0.0%     0.7%     0.0%
Feb 20 11:08:13     89.4    27913027      290    94.9%    290.0     0.2%     4.3%     0.1%     0.0%     0.7%     0.0%
Feb 20 11:09:14     90.0    29623449      290    94.9%    290.0     0.2%     4.3%     0.1%     0.0%     0.7%     0.0%
Feb 20 11:10:14     91.0    31462378      290    94.9%    289.9     0.2%     4.3%     0.1%     0.0%     0.7%     0.0%
Feb 20 11:11:14     91.5    33172678      290    94.9%    289.9     0.2%     4.3%     0.1%     0.0%     0.7%     0.0%
Feb 20 11:12:14     92.2    34967588      290    94.9%    289.9     0.2%     4.3%     0.1%     0.0%     0.7%     0.0%
Feb 20 11:13:14     92.9    36761492      290    94.9%    289.9     0.2%     4.3%     0.1%     0.0%     0.7%     0.0%
Feb 20 11:14:15     93.6    38643481      290    94.9%    289.9     0.2%     4.3%     0.1%     0.0%     0.7%     0.0%
Feb 20 11:15:15     94.0    40354154      290    94.9%    289.9     0.2%     4.3%     0.1%     0.0%     0.7%     0.0%
Feb 20 11:16:17     94.7    42278442      290    94.9%    289.8     0.2%     4.3%     0.1%     0.0%     0.7%     0.0%
Feb 20 11:17:17     95.2    44116679      290    94.9%    289.8     0.2%     4.3%     0.1%     0.0%     0.7%     0.0%
Feb 20 11:18:08	Finished 1st pass mapping
Feb 20 11:23:27     51.6      903085      289    94.5%    289.6     0.2%     4.7%     0.1%     0.0%     0.7%     0.1%
Feb 20 11:24:27     59.0     2016406      290    94.5%    289.9     0.2%     4.7%     0.1%     0.0%     0.7%     0.1%
Feb 20 11:25:28     62.9     3213792      290    94.5%    290.1     0.2%     4.7%     0.1%     0.0%     0.7%     0.1%
Feb 20 11:26:29     63.6     4327742      290    94.5%    290.0     0.2%     4.7%     0.1%     0.0%     0.7%     0.1%
Feb 20 11:27:31     63.8     5441015      290    94.5%    290.0     0.2%     4.7%     0.1%     0.0%     0.7%     0.1%
Feb 20 11:28:31     64.7     6596541      290    94.5%    290.0     0.2%     4.7%     0.1%     0.0%     0.7%     0.1%
Feb 20 11:29:31     65.0     7710369      290    94.5%    290.0     0.2%     4.7%     0.1%     0.0%     0.7%     0.1%
Feb 20 11:30:32     65.1     8823724      290    94.5%    290.0     0.2%     4.7%     0.1%     0.0%     0.7%     0.1%
Feb 20 11:31:33     65.4     9979100      290    94.5%    290.0     0.2%     4.7%     0.1%     0.0%     0.7%     0.1%
Feb 20 11:32:33     66.1    11175074      290    94.5%    290.0     0.2%     4.7%     0.1%     0.0%     0.7%     0.1%
Feb 20 11:33:36     66.7    12455565      290    94.5%    290.0     0.2%     4.7%     0.1%     0.0%     0.7%     0.1%
Feb 20 11:34:40     67.4    13777890      290    94.5%    290.1     0.2%     4.7%     0.1%     0.0%     0.7%     0.1%
Feb 20 11:35:42     67.9    15059761      290    94.5%    290.0     0.2%     4.7%     0.1%     0.0%     0.7%     0.1%
Feb 20 11:36:43     68.7    16383074      290    94.5%    290.0     0.2%     4.7%     0.1%     0.0%     0.7%     0.1%
Feb 20 11:37:43     69.2    17663597      290    94.5%    290.0     0.2%     4.7%     0.1%     0.0%     0.7%     0.1%
Feb 20 11:38:43     69.0    18774673      290    94.5%    290.0     0.2%     4.7%     0.1%     0.0%     0.7%     0.1%
Feb 20 11:39:44     69.7    20141072      290    94.5%    290.0     0.2%     4.7%     0.1%     0.0%     0.7%     0.1%
Feb 20 11:40:44     70.4    21507954      290    94.5%    290.0     0.2%     4.7%     0.1%     0.0%     0.7%     0.1%
Feb 20 11:41:45     70.3    22661180      290    94.5%    290.0     0.2%     4.7%     0.1%     0.0%     0.7%     0.1%
Feb 20 11:42:47     70.6    23984449      290    94.5%    290.0     0.2%     4.7%     0.1%     0.0%     0.7%     0.1%
Feb 20 11:43:47     71.0    25308885      290    94.5%    290.0     0.2%     4.7%     0.1%     0.0%     0.7%     0.1%
Feb 20 11:44:47     71.3    26589867      290    94.5%    290.0     0.2%     4.7%     0.1%     0.0%     0.7%     0.1%
Feb 20 11:45:47     71.6    27912973      290    94.5%    290.0     0.2%     4.7%     0.1%     0.0%     0.7%     0.1%
Feb 20 11:46:51     71.8    29238922      290    94.5%    290.0     0.2%     4.7%     0.1%     0.0%     0.7%     0.1%
Feb 20 11:47:53     72.2    30649899      290    94.5%    289.9     0.2%     4.7%     0.1%     0.0%     0.7%     0.1%
Feb 20 11:48:53     72.4    31975164      290    94.5%    289.9     0.2%     4.7%     0.1%     0.0%     0.7%     0.1%
Feb 20 11:49:53     72.8    33343670      290    94.5%    289.9     0.2%     4.7%     0.1%     0.0%     0.7%     0.1%
Feb 20 11:50:55     73.2    34796552      290    94.5%    289.9     0.2%     4.7%     0.1%     0.0%     0.7%     0.1%
Feb 20 11:51:55     73.4    36121318      290    94.5%    289.9     0.2%     4.7%     0.1%     0.0%     0.7%     0.1%
Feb 20 11:52:55     73.5    37403745      290    94.4%    289.9     0.2%     4.7%     0.1%     0.0%     0.7%     0.1%
Feb 20 11:54:00     73.9    38899645      290    94.4%    289.9     0.2%     4.7%     0.1%     0.0%     0.7%     0.1%
Feb 20 11:55:00     74.1    40268631      290    94.4%    289.9     0.2%     4.7%     0.1%     0.0%     0.7%     0.1%
Feb 20 11:56:05     74.5    41808031      290    94.4%    289.8     0.2%     4.7%     0.1%     0.0%     0.7%     0.1%
Feb 20 11:57:06     74.7    43176019      290    94.4%    289.8     0.2%     4.7%     0.1%     0.0%     0.7%     0.1%
Feb 20 11:58:06     74.9    44544262      290    94.4%    289.8     0.2%     4.7%     0.1%     0.0%     0.7%     0.1%
Feb 20 11:59:11     74.8    45863956      290    94.4%    289.8     0.2%     4.7%     0.1%     0.0%     0.7%     0.1%
ALL DONE!
