                                 Started job on |	Feb 21 09:38:32
                             Started mapping on |	Feb 21 10:28:33
                                    Finished on |	Feb 21 11:28:05
       Mapping speed, Million of reads per hour |	44.52

                          Number of input reads |	44169917
                      Average input read length |	300
                                    UNIQUE READS:
                   Uniquely mapped reads number |	39784637
                        Uniquely mapped reads % |	90.07%
                          Average mapped length |	295.97
                       Number of splices: Total |	58702755
            Number of splices: Annotated (sjdb) |	58667864
                       Number of splices: GT/AG |	57878885
                       Number of splices: GC/AG |	711629
                       Number of splices: AT/AC |	70726
               Number of splices: Non-canonical |	41515
                      Mismatch rate per base, % |	0.18%
                         Deletion rate per base |	0.01%
                        Deletion average length |	2.35
                        Insertion rate per base |	0.01%
                       Insertion average length |	2.07
                             MULTI-MAPPING READS:
        Number of reads mapped to multiple loci |	1907221
             % of reads mapped to multiple loci |	4.32%
        Number of reads mapped to too many loci |	12627
             % of reads mapped to too many loci |	0.03%
                                  UNMAPPED READS:
  Number of reads unmapped: too many mismatches |	0
       % of reads unmapped: too many mismatches |	0.00%
            Number of reads unmapped: too short |	2446801
                 % of reads unmapped: too short |	5.54%
                Number of reads unmapped: other |	18631
                     % of reads unmapped: other |	0.04%
                                  CHIMERIC READS:
                       Number of chimeric reads |	0
                            % of chimeric reads |	0.00%
