           Time    Speed        Read     Read   Mapped   Mapped   Mapped   Mapped Unmapped Unmapped Unmapped Unmapped
                    M/hr      number   length   unique   length   MMrate    multi   multi+       MM    short    other
Feb 21 09:43:44	Started 1st pass mapping
Feb 21 09:44:07      6.5       41829      300    90.4%    296.0     0.2%     3.8%     0.0%     0.0%     5.8%     0.0%
Feb 21 09:45:07     48.9     1128302      300    90.5%    296.0     0.2%     3.8%     0.0%     0.0%     5.6%     0.0%
Feb 21 09:46:07     55.7     2211819      300    90.6%    296.0     0.2%     3.8%     0.0%     0.0%     5.5%     0.0%
Feb 21 09:47:09     58.6     3337027      300    90.7%    296.0     0.2%     3.9%     0.0%     0.0%     5.4%     0.0%
Feb 21 09:48:09     60.1     4420543      300    90.6%    296.0     0.2%     3.8%     0.0%     0.0%     5.5%     0.0%
Feb 21 09:49:10     60.3     5462381      300    90.6%    296.0     0.2%     3.8%     0.0%     0.0%     5.5%     0.0%
Feb 21 09:50:10     61.0     6545897      300    90.6%    296.0     0.2%     3.9%     0.0%     0.0%     5.5%     0.0%
Feb 21 09:51:10     62.6     7754419      300    90.6%    296.0     0.2%     3.9%     0.0%     0.0%     5.5%     0.0%
Feb 21 09:52:12     62.9     8879610      300    90.6%    296.0     0.2%     3.8%     0.0%     0.0%     5.5%     0.0%
Feb 21 09:53:13     62.2     9838093      300    90.6%    296.0     0.2%     3.9%     0.0%     0.0%     5.5%     0.0%
Feb 21 09:54:13     62.0    10835939      300    90.6%    296.0     0.2%     3.9%     0.0%     0.0%     5.5%     0.0%
Feb 21 09:55:14     62.0    11874880      300    90.6%    296.0     0.2%     3.8%     0.0%     0.0%     5.5%     0.0%
Feb 21 09:56:14     62.2    12955369      300    90.6%    296.0     0.2%     3.8%     0.0%     0.0%     5.5%     0.0%
Feb 21 09:57:16     62.0    13994307      300    90.6%    296.0     0.2%     3.8%     0.0%     0.0%     5.5%     0.0%
Feb 21 09:58:16     62.1    15033221      300    90.6%    296.0     0.2%     3.8%     0.0%     0.0%     5.5%     0.0%
Feb 21 09:59:18     62.1    16113740      300    90.6%    296.0     0.2%     3.8%     0.0%     0.0%     5.5%     0.0%
Feb 21 10:00:20     61.8    17111079      300    90.6%    296.0     0.2%     3.8%     0.0%     0.0%     5.5%     0.0%
Feb 21 10:01:21     61.7    18108442      300    90.6%    296.0     0.2%     3.8%     0.0%     0.0%     5.5%     0.0%
Feb 21 10:02:21     62.1    19272028      300    90.6%    296.0     0.2%     3.8%     0.0%     0.0%     5.5%     0.0%
Feb 21 10:03:25     62.3    20435636      300    90.6%    296.0     0.2%     3.8%     0.0%     0.0%     5.5%     0.0%
Feb 21 10:04:25     62.2    21432992      300    90.6%    296.0     0.2%     3.8%     0.0%     0.0%     5.5%     0.0%
Feb 21 10:05:25     62.5    22596567      300    90.6%    296.0     0.2%     3.8%     0.0%     0.0%     5.5%     0.0%
Feb 21 10:06:28     62.6    23718631      300    90.6%    296.0     0.2%     3.8%     0.0%     0.0%     5.5%     0.0%
Feb 21 10:07:30     62.9    24923755      300    90.6%    296.0     0.2%     3.8%     0.0%     0.0%     5.5%     0.0%
Feb 21 10:08:30     63.7    26295118      300    90.6%    296.0     0.2%     3.8%     0.0%     0.0%     5.5%     0.0%
Feb 21 10:09:31     64.6    27749611      300    90.6%    296.0     0.2%     3.8%     0.0%     0.0%     5.5%     0.0%
Feb 21 10:10:31     65.2    29120982      300    90.6%    296.0     0.2%     3.8%     0.0%     0.0%     5.5%     0.0%
Feb 21 10:11:35     65.9    30575475      300    90.6%    296.0     0.2%     3.8%     0.0%     0.0%     5.5%     0.0%
Feb 21 10:12:37     66.5    32029963      300    90.6%    296.0     0.2%     3.8%     0.0%     0.0%     5.5%     0.0%
Feb 21 10:13:37     67.1    33442887      300    90.6%    296.0     0.2%     3.8%     0.0%     0.0%     5.5%     0.0%
Feb 21 10:14:38     67.2    34606472      300    90.6%    296.0     0.2%     3.8%     0.0%     0.0%     5.5%     0.0%
Feb 21 10:15:40     67.4    35853166      300    90.6%    296.0     0.2%     3.9%     0.0%     0.0%     5.5%     0.0%
Feb 21 10:16:40     67.5    37058285      300    90.6%    296.0     0.2%     3.9%     0.0%     0.0%     5.5%     0.0%
Feb 21 10:17:42     67.5    38221868      300    90.6%    296.0     0.2%     3.9%     0.0%     0.0%     5.5%     0.0%
Feb 21 10:18:45     67.6    39468553      300    90.6%    296.0     0.2%     3.9%     0.0%     0.0%     5.5%     0.0%
Feb 21 10:19:48     67.7    40673673      300    90.5%    296.0     0.2%     3.9%     0.0%     0.0%     5.5%     0.0%
Feb 21 10:20:58     67.7    42003468      300    90.5%    296.0     0.2%     3.9%     0.0%     0.0%     5.6%     0.0%
Feb 21 10:21:58     67.7    43125491      300    90.5%    296.0     0.2%     3.9%     0.0%     0.0%     5.6%     0.0%
Feb 21 10:22:55	Finished 1st pass mapping
Feb 21 10:29:39     29.7      543595      300    89.9%    295.9     0.2%     4.3%     0.0%     0.0%     5.7%     0.0%
Feb 21 10:30:43     39.3     1420022      300    90.1%    296.0     0.2%     4.3%     0.0%     0.0%     5.6%     0.0%
Feb 21 10:31:44     40.9     2170154      300    90.1%    296.0     0.2%     4.3%     0.0%     0.0%     5.5%     0.0%
Feb 21 10:32:45     41.7     2920266      300    90.2%    296.0     0.2%     4.3%     0.0%     0.0%     5.4%     0.0%
Feb 21 10:33:56     41.8     3753764      300    90.2%    296.0     0.2%     4.3%     0.0%     0.0%     5.5%     0.0%
Feb 21 10:35:02     44.0     4753917      300    90.1%    296.0     0.2%     4.3%     0.0%     0.0%     5.5%     0.0%
Feb 21 10:36:05     44.5     5587402      300    90.1%    296.0     0.2%     4.3%     0.0%     0.0%     5.5%     0.0%
Feb 21 10:37:05     44.6     6337535      300    90.1%    296.0     0.2%     4.3%     0.0%     0.0%     5.5%     0.0%
Feb 21 10:38:10     45.0     7212681      300    90.1%    296.0     0.2%     4.3%     0.0%     0.0%     5.5%     0.0%
Feb 21 10:39:12     45.3     8046156      300    90.1%    296.0     0.2%     4.3%     0.0%     0.0%     5.5%     0.0%
Feb 21 10:40:13     45.9     8921268      300    90.1%    296.0     0.2%     4.3%     0.0%     0.0%     5.5%     0.0%
Feb 21 10:41:16     46.2     9796427      300    90.1%    296.0     0.2%     4.3%     0.0%     0.0%     5.5%     0.0%
Feb 21 10:42:16     46.3    10586584      300    90.1%    296.0     0.2%     4.3%     0.0%     0.0%     5.5%     0.0%
Feb 21 10:43:17     46.3    11376186      300    90.1%    296.0     0.2%     4.3%     0.0%     0.0%     5.5%     0.0%
Feb 21 10:44:21     46.2    12165800      300    90.1%    296.0     0.2%     4.3%     0.0%     0.0%     5.5%     0.0%
Feb 21 10:45:21     46.1    12913812      300    90.2%    296.0     0.2%     4.3%     0.0%     0.0%     5.5%     0.0%
Feb 21 10:46:23     46.0    13661853      300    90.2%    296.0     0.2%     4.3%     0.0%     0.0%     5.5%     0.0%
Feb 21 10:47:23     46.3    14534553      300    90.1%    296.0     0.2%     4.3%     0.0%     0.0%     5.5%     0.0%
Feb 21 10:48:23     46.6    15407225      300    90.1%    296.0     0.2%     4.3%     0.0%     0.0%     5.5%     0.0%
Feb 21 10:49:28     46.5    16196825      300    90.1%    296.0     0.2%     4.3%     0.0%     0.0%     5.5%     0.0%
Feb 21 10:50:32     46.9    17194195      300    90.1%    296.0     0.2%     4.3%     0.0%     0.0%     5.5%     0.0%
Feb 21 10:51:36     47.1    18108460      300    90.1%    296.0     0.2%     4.3%     0.0%     0.0%     5.5%     0.0%
Feb 21 10:52:43     47.1    18981128      300    90.1%    296.0     0.2%     4.3%     0.0%     0.0%     5.5%     0.0%
Feb 21 10:53:46     47.0    19770713      300    90.1%    296.0     0.2%     4.3%     0.0%     0.0%     5.5%     0.0%
Feb 21 10:54:48     46.7    20435648      300    90.1%    296.0     0.2%     4.3%     0.0%     0.0%     5.5%     0.0%
Feb 21 10:55:59     46.8    21391440      300    90.1%    296.0     0.2%     4.3%     0.0%     0.0%     5.5%     0.0%
Feb 21 10:57:09     47.0    22388814      300    90.1%    296.0     0.2%     4.3%     0.0%     0.0%     5.5%     0.0%
Feb 21 10:58:17     47.2    23386160      300    90.1%    296.0     0.2%     4.3%     0.0%     0.0%     5.5%     0.0%
Feb 21 10:59:18     47.5    24341949      300    90.1%    296.0     0.2%     4.3%     0.0%     0.0%     5.5%     0.0%
Feb 21 11:00:18     47.5    25131555      300    90.1%    296.0     0.2%     4.3%     0.0%     0.0%     5.5%     0.0%
Feb 21 11:01:31     47.3    25962679      300    90.1%    296.0     0.2%     4.3%     0.0%     0.0%     5.5%     0.0%
Feb 21 11:02:34     47.2    26752252      300    90.1%    296.0     0.2%     4.3%     0.0%     0.0%     5.5%     0.0%
Feb 21 11:03:42     47.0    27541824      300    90.1%    296.0     0.2%     4.3%     0.0%     0.0%     5.5%     0.0%
Feb 21 11:04:47     46.9    28331404      300    90.1%    296.0     0.2%     4.3%     0.0%     0.0%     5.5%     0.0%
Feb 21 11:05:47     46.7    28954759      300    90.1%    296.0     0.2%     4.3%     0.0%     0.0%     5.5%     0.0%
Feb 21 11:06:50     46.3    29536549      300    90.1%    296.0     0.2%     4.3%     0.0%     0.0%     5.5%     0.0%
Feb 21 11:07:50     46.2    30243025      300    90.1%    296.0     0.2%     4.3%     0.0%     0.0%     5.5%     0.0%
Feb 21 11:08:57     46.1    31032591      300    90.1%    296.0     0.2%     4.3%     0.0%     0.0%     5.5%     0.0%
Feb 21 11:10:01     45.9    31739056      300    90.1%    296.0     0.2%     4.3%     0.0%     0.0%     5.5%     0.0%
Feb 21 11:11:03     45.8    32445527      300    90.1%    296.0     0.2%     4.3%     0.0%     0.0%     5.5%     0.0%
Feb 21 11:12:07     45.7    33151994      300    90.1%    296.0     0.2%     4.3%     0.0%     0.0%     5.5%     0.0%
Feb 21 11:13:07     45.5    33775337      300    90.1%    296.0     0.2%     4.3%     0.0%     0.0%     5.5%     0.0%
Feb 21 11:14:12     45.4    34523356      300    90.1%    296.0     0.2%     4.3%     0.0%     0.0%     5.5%     0.0%
Feb 21 11:15:19     45.1    35188265      300    90.1%    296.0     0.2%     4.3%     0.0%     0.0%     5.5%     0.0%
Feb 21 11:16:23     45.2    36060943      300    90.1%    296.0     0.2%     4.3%     0.0%     0.0%     5.5%     0.0%
Feb 21 11:17:27     45.2    36808952      300    90.1%    296.0     0.2%     4.3%     0.0%     0.0%     5.5%     0.0%
Feb 21 11:18:32     45.2    37640072      300    90.1%    296.0     0.2%     4.3%     0.0%     0.0%     5.5%     0.0%
Feb 21 11:19:33     45.1    38346536      300    90.1%    296.0     0.2%     4.3%     0.0%     0.0%     5.5%     0.0%
Feb 21 11:20:35     45.1    39094543      300    90.1%    296.0     0.2%     4.3%     0.0%     0.0%     5.5%     0.0%
Feb 21 11:21:38     45.0    39842560      300    90.1%    296.0     0.2%     4.3%     0.0%     0.0%     5.5%     0.0%
Feb 21 11:22:41     44.9    40549013      300    90.1%    296.0     0.2%     4.3%     0.0%     0.0%     5.5%     0.0%
Feb 21 11:23:41     45.0    41338571      300    90.1%    296.0     0.2%     4.3%     0.0%     0.0%     5.5%     0.0%
Feb 21 11:24:41     44.9    42003464      300    90.1%    296.0     0.2%     4.3%     0.0%     0.0%     5.5%     0.0%
Feb 21 11:25:41     44.9    42709926      300    90.1%    296.0     0.2%     4.3%     0.0%     0.0%     5.5%     0.0%
Feb 21 11:26:53     44.6    43374819      300    90.1%    296.0     0.2%     4.3%     0.0%     0.0%     5.5%     0.0%
Feb 21 11:27:54     44.7    44169917      300    90.1%    296.0     0.2%     4.3%     0.0%     0.0%     5.5%     0.0%
ALL DONE!
