                                 Started job on |	Feb 21 11:28:08
                             Started mapping on |	Feb 21 12:35:00
                                    Finished on |	Feb 21 13:12:42
       Mapping speed, Million of reads per hour |	65.49

                          Number of input reads |	41147325
                      Average input read length |	300
                                    UNIQUE READS:
                   Uniquely mapped reads number |	36077726
                        Uniquely mapped reads % |	87.68%
                          Average mapped length |	294.32
                       Number of splices: Total |	52949035
            Number of splices: Annotated (sjdb) |	52916904
                       Number of splices: GT/AG |	52196851
                       Number of splices: GC/AG |	654438
                       Number of splices: AT/AC |	63206
               Number of splices: Non-canonical |	34540
                      Mismatch rate per base, % |	0.19%
                         Deletion rate per base |	0.01%
                        Deletion average length |	2.37
                        Insertion rate per base |	0.01%
                       Insertion average length |	2.09
                             MULTI-MAPPING READS:
        Number of reads mapped to multiple loci |	1785650
             % of reads mapped to multiple loci |	4.34%
        Number of reads mapped to too many loci |	12630
             % of reads mapped to too many loci |	0.03%
                                  UNMAPPED READS:
  Number of reads unmapped: too many mismatches |	0
       % of reads unmapped: too many mismatches |	0.00%
            Number of reads unmapped: too short |	3251087
                 % of reads unmapped: too short |	7.90%
                Number of reads unmapped: other |	20232
                     % of reads unmapped: other |	0.05%
                                  CHIMERIC READS:
                       Number of chimeric reads |	0
                            % of chimeric reads |	0.00%
