           Time    Speed        Read     Read   Mapped   Mapped   Mapped   Mapped Unmapped Unmapped Unmapped Unmapped
                    M/hr      number   length   unique   length   MMrate    multi   multi+       MM    short    other
Feb 21 11:36:29	Started 1st pass mapping
Feb 21 11:37:11      3.6       41782      300    87.8%    294.1     0.2%     4.1%     0.0%     0.0%     8.1%     0.0%
Feb 21 11:38:23     33.0     1044942      300    88.1%    294.3     0.2%     3.9%     0.0%     0.0%     7.9%     0.0%
Feb 21 11:39:30     42.3     2128493      300    88.2%    294.4     0.2%     3.9%     0.0%     0.0%     7.8%     0.0%
Feb 21 11:40:32     45.7     3086994      300    88.3%    294.4     0.2%     3.9%     0.0%     0.0%     7.7%     0.0%
Feb 21 11:41:34     47.8     4045508      300    88.2%    294.4     0.2%     3.9%     0.0%     0.0%     7.8%     0.0%
Feb 21 11:42:40     47.7     4920654      300    88.2%    294.4     0.2%     3.9%     0.0%     0.0%     7.8%     0.0%
Feb 21 11:43:46     48.1     5837498      300    88.2%    294.4     0.2%     3.9%     0.0%     0.0%     7.8%     0.0%
Feb 21 11:44:46     47.4     6545955      300    88.2%    294.4     0.2%     4.0%     0.0%     0.0%     7.8%     0.0%
Feb 21 11:45:48     47.5     7379430      300    88.2%    294.4     0.2%     3.9%     0.0%     0.0%     7.8%     0.0%
Feb 21 11:46:52     47.5     8212906      300    88.2%    294.4     0.2%     3.9%     0.0%     0.0%     7.8%     0.0%
Feb 21 11:47:55     47.7     9088074      300    88.2%    294.4     0.2%     3.9%     0.0%     0.0%     7.8%     0.0%
Feb 21 11:48:55     48.1     9963215      300    88.2%    294.4     0.2%     3.9%     0.0%     0.0%     7.8%     0.0%
Feb 21 11:50:03     47.4    10711352      300    88.2%    294.4     0.2%     3.9%     0.0%     0.0%     7.8%     0.0%
Feb 21 11:51:15     47.6    11708740      300    88.2%    294.4     0.2%     3.9%     0.0%     0.0%     7.8%     0.0%
Feb 21 11:52:16     47.7    12539895      300    88.2%    294.4     0.2%     3.9%     0.0%     0.0%     7.8%     0.0%
Feb 21 11:53:19     47.5    13329488      300    88.2%    294.4     0.2%     3.9%     0.0%     0.0%     7.8%     0.0%
Feb 21 11:54:22     47.6    14202172      300    88.2%    294.4     0.2%     3.9%     0.0%     0.0%     7.8%     0.0%
Feb 21 11:55:23     47.9    15074878      300    88.2%    294.4     0.2%     3.9%     0.0%     0.0%     7.8%     0.0%
Feb 21 11:56:24     47.8    15864466      300    88.2%    294.4     0.2%     3.9%     0.0%     0.0%     7.8%     0.0%
Feb 21 11:57:30     47.8    16737185      300    88.2%    294.4     0.2%     3.9%     0.0%     0.0%     7.8%     0.0%
Feb 21 11:58:30     47.7    17485204      300    88.2%    294.4     0.2%     3.9%     0.0%     0.0%     7.8%     0.0%
Feb 21 11:59:35     47.9    18441027      300    88.2%    294.4     0.2%     3.9%     0.0%     0.0%     7.8%     0.0%
Feb 21 12:00:38     48.2    19396853      300    88.2%    294.4     0.2%     3.9%     0.0%     0.0%     7.8%     0.0%
Feb 21 12:01:42     48.3    20311129      300    88.2%    294.4     0.2%     3.9%     0.0%     0.0%     7.8%     0.0%
Feb 21 12:02:43     48.4    21142274      300    88.2%    294.4     0.2%     3.9%     0.0%     0.0%     7.8%     0.0%
Feb 21 12:03:51     48.2    21973405      300    88.2%    294.4     0.2%     3.9%     0.0%     0.0%     7.8%     0.0%
Feb 21 12:04:51     48.3    22846107      300    88.2%    294.4     0.2%     3.9%     0.0%     0.0%     7.8%     0.0%
Feb 21 12:05:51     48.5    23718804      300    88.2%    294.4     0.2%     3.9%     0.0%     0.0%     7.8%     0.0%
Feb 21 12:06:51     48.4    24508399      300    88.2%    294.4     0.2%     3.9%     0.0%     0.0%     7.8%     0.0%
Feb 21 12:07:51     48.2    25214878      300    88.2%    294.4     0.2%     3.9%     0.0%     0.0%     7.8%     0.0%
Feb 21 12:08:57     48.1    26045989      300    88.2%    294.4     0.2%     3.9%     0.0%     0.0%     7.8%     0.0%
Feb 21 12:09:58     48.2    26877146      300    88.2%    294.4     0.2%     3.9%     0.0%     0.0%     7.8%     0.0%
Feb 21 12:11:01     48.1    27708290      300    88.2%    294.4     0.2%     3.9%     0.0%     0.0%     7.8%     0.0%
Feb 21 12:12:01     48.2    28539417      300    88.2%    294.4     0.2%     3.9%     0.0%     0.0%     7.8%     0.0%
Feb 21 12:13:02     48.0    29245892      300    88.2%    294.4     0.2%     3.9%     0.0%     0.0%     7.8%     0.0%
Feb 21 12:14:02     48.0    30035472      300    88.1%    294.4     0.2%     3.9%     0.0%     0.0%     7.9%     0.0%
Feb 21 12:15:12     47.8    30866612      300    88.1%    294.4     0.2%     3.9%     0.0%     0.0%     7.9%     0.0%
Feb 21 12:16:12     47.8    31656200      300    88.1%    294.4     0.2%     3.9%     0.0%     0.0%     7.9%     0.0%
Feb 21 12:17:18     47.6    32362660      300    88.1%    294.4     0.2%     3.9%     0.0%     0.0%     7.9%     0.0%
Feb 21 12:18:20     47.8    33318460      300    88.1%    294.4     0.2%     3.9%     0.0%     0.0%     7.9%     0.0%
Feb 21 12:19:23     47.6    34066473      300    88.1%    294.3     0.2%     3.9%     0.0%     0.0%     7.9%     0.0%
Feb 21 12:20:36     47.6    35022274      300    88.1%    294.3     0.2%     3.9%     0.0%     0.0%     7.9%     0.0%
Feb 21 12:21:39     47.7    35894951      300    88.1%    294.3     0.2%     3.9%     0.0%     0.0%     7.9%     0.0%
Feb 21 12:22:39     47.8    36809195      300    88.1%    294.3     0.2%     3.9%     0.0%     0.0%     7.9%     0.0%
Feb 21 12:23:39     47.6    37432542      300    88.1%    294.3     0.2%     3.9%     0.0%     0.0%     7.9%     0.0%
Feb 21 12:24:40     47.6    38222121      300    88.1%    294.3     0.2%     4.0%     0.0%     0.0%     7.9%     0.0%
Feb 21 12:25:42     47.6    39011688      300    88.1%    294.3     0.2%     4.0%     0.0%     0.0%     7.9%     0.0%
Feb 21 12:26:42     47.6    39842818      300    88.1%    294.3     0.2%     4.0%     0.0%     0.0%     7.9%     0.0%
Feb 21 12:27:42     47.7    40715501      300    88.1%    294.3     0.2%     4.0%     0.0%     0.0%     7.9%     0.0%
Feb 21 12:28:11	Finished 1st pass mapping
Feb 21 12:36:16     25.7      543600      300    87.5%    294.2     0.2%     4.3%     0.0%     0.0%     8.1%     0.0%
Feb 21 12:37:17     38.4     1461704      300    87.7%    294.3     0.2%     4.3%     0.0%     0.0%     7.9%     0.0%
Feb 21 12:38:21     38.9     2170167      300    87.8%    294.4     0.2%     4.3%     0.0%     0.0%     7.8%     0.0%
Feb 21 12:39:26     40.1     2961969      300    87.9%    294.4     0.2%     4.3%     0.0%     0.0%     7.7%     0.0%
Feb 21 12:40:26     40.5     3670436      300    87.8%    294.4     0.2%     4.3%     0.0%     0.0%     7.8%     0.0%
Feb 21 12:41:28     40.6     4378884      300    87.8%    294.4     0.2%     4.3%     0.0%     0.0%     7.8%     0.0%
Feb 21 12:42:32     40.5     5087351      300    87.8%    294.4     0.2%     4.3%     0.0%     0.0%     7.8%     0.0%
Feb 21 12:43:38     41.7     6004193      300    87.8%    294.4     0.2%     4.3%     0.0%     0.0%     7.7%     0.0%
Feb 21 12:44:38     42.1     6754327      300    87.8%    294.4     0.2%     4.3%     0.0%     0.0%     7.7%     0.0%
Feb 21 12:45:39     44.6     7921204      300    87.8%    294.4     0.2%     4.3%     0.0%     0.0%     7.8%     0.0%
Feb 21 12:46:39     47.0     9129747      300    87.8%    294.4     0.2%     4.3%     0.0%     0.0%     7.7%     0.0%
Feb 21 12:47:40     49.0    10337349      300    87.8%    294.4     0.2%     4.3%     0.0%     0.0%     7.8%     0.0%
Feb 21 12:48:43     50.9    11625617      300    87.8%    294.4     0.2%     4.3%     0.0%     0.0%     7.8%     0.0%
Feb 21 12:49:44     52.1    12789250      300    87.8%    294.4     0.2%     4.3%     0.0%     0.0%     7.7%     0.0%
Feb 21 12:50:45     53.8    14119070      300    87.8%    294.4     0.2%     4.3%     0.0%     0.0%     7.8%     0.0%
Feb 21 12:51:49     55.0    15407342      300    87.8%    294.4     0.2%     4.3%     0.0%     0.0%     7.8%     0.0%
Feb 21 12:52:50     56.0    16654063      300    87.8%    294.4     0.2%     4.3%     0.0%     0.0%     7.8%     0.0%
Feb 21 12:53:51     57.1    17942332      300    87.8%    294.4     0.2%     4.3%     0.0%     0.0%     7.8%     0.0%
Feb 21 12:54:53     57.8    19147500      300    87.8%    294.4     0.2%     4.3%     0.0%     0.0%     7.8%     0.0%
Feb 21 12:55:53     58.7    20435783      300    87.8%    294.4     0.2%     4.3%     0.0%     0.0%     7.8%     0.0%
Feb 21 12:56:54     59.4    21682519      300    87.8%    294.4     0.2%     4.3%     0.0%     0.0%     7.8%     0.0%
Feb 21 12:57:55     59.9    22887678      300    87.8%    294.4     0.2%     4.3%     0.0%     0.0%     7.8%     0.0%
Feb 21 12:58:55     60.5    24134375      300    87.8%    294.4     0.2%     4.3%     0.0%     0.0%     7.8%     0.0%
Feb 21 12:59:56     61.2    25422660      300    87.8%    294.4     0.2%     4.3%     0.0%     0.0%     7.8%     0.0%
Feb 21 13:00:56     61.6    26627791      300    87.8%    294.4     0.2%     4.3%     0.0%     0.0%     7.8%     0.0%
Feb 21 13:01:56     62.2    27916068      300    87.8%    294.4     0.2%     4.3%     0.0%     0.0%     7.8%     0.0%
Feb 21 13:02:58     62.7    29204337      300    87.8%    294.4     0.2%     4.3%     0.0%     0.0%     7.8%     0.0%
Feb 21 13:03:59     63.3    30575716      300    87.7%    294.4     0.2%     4.3%     0.0%     0.0%     7.8%     0.0%
Feb 21 13:04:59     63.7    31822423      300    87.7%    294.4     0.2%     4.3%     0.0%     0.0%     7.8%     0.0%
Feb 21 13:06:06     63.9    33110678      300    87.7%    294.4     0.2%     4.3%     0.0%     0.0%     7.9%     0.0%
Feb 21 13:07:06     64.5    34482031      300    87.7%    294.3     0.2%     4.3%     0.0%     0.0%     7.9%     0.0%
Feb 21 13:08:08     64.5    35645611      300    87.7%    294.3     0.2%     4.3%     0.0%     0.0%     7.9%     0.0%
Feb 21 13:09:10     65.0    37016980      300    87.7%    294.3     0.2%     4.3%     0.0%     0.0%     7.9%     0.0%
Feb 21 13:10:11     65.0    38139006      300    87.7%    294.3     0.2%     4.3%     0.0%     0.0%     7.9%     0.0%
Feb 21 13:11:11     65.5    39510360      300    87.7%    294.3     0.2%     4.3%     0.0%     0.0%     7.9%     0.0%
Feb 21 13:12:12     65.7    40757056      300    87.7%    294.3     0.2%     4.3%     0.0%     0.0%     7.9%     0.0%
ALL DONE!
