           Time    Speed        Read     Read   Mapped   Mapped   Mapped   Mapped Unmapped Unmapped Unmapped Unmapped
                    M/hr      number   length   unique   length   MMrate    multi   multi+       MM    short    other
Feb 21 10:52:33	Started 1st pass mapping
Feb 21 10:53:06      4.6       41786      300    88.6%    294.4     0.2%     4.1%     0.0%     0.0%     7.2%     0.0%
Feb 21 10:54:08     44.3     1169979      300    88.9%    294.5     0.2%     4.0%     0.0%     0.0%     7.0%     0.0%
Feb 21 10:55:13     51.6     2295147      300    89.0%    294.6     0.2%     4.0%     0.0%     0.0%     6.9%     0.0%
Feb 21 10:56:14     57.8     3545383      300    89.1%    294.7     0.2%     4.0%     0.0%     0.0%     6.8%     0.0%
Feb 21 10:57:15     60.2     4712249      300    89.0%    294.6     0.2%     4.0%     0.0%     0.0%     6.9%     0.0%
Feb 21 10:58:17     62.8     6004150      300    89.0%    294.6     0.2%     4.0%     0.0%     0.0%     6.9%     0.0%
Feb 21 10:59:23     62.6     7129337      300    89.0%    294.6     0.2%     4.0%     0.0%     0.0%     6.9%     0.0%
Feb 21 11:00:23     64.5     8421216      300    89.0%    294.6     0.2%     4.0%     0.0%     0.0%     6.9%     0.0%
Feb 21 11:01:23     64.6     9504738      300    89.0%    294.6     0.2%     4.0%     0.0%     0.0%     6.9%     0.0%
Feb 21 11:02:24     63.5    10420386      300    89.0%    294.6     0.2%     4.0%     0.0%     0.0%     6.9%     0.0%
Feb 21 11:03:24     62.0    11209974      300    89.0%    294.6     0.2%     4.0%     0.0%     0.0%     6.9%     0.0%
Feb 21 11:04:24     61.8    12207355      300    89.0%    294.6     0.2%     4.0%     0.0%     0.0%     6.9%     0.0%
Feb 21 11:05:28     61.1    13163190      300    89.0%    294.6     0.2%     4.0%     0.0%     0.0%     6.9%     0.0%
Feb 21 11:06:30     60.5    14077460      300    89.0%    294.6     0.2%     4.0%     0.0%     0.0%     6.9%     0.0%
Feb 21 11:07:35     60.5    15157931      300    89.0%    294.6     0.2%     4.0%     0.0%     0.0%     6.9%     0.0%
Feb 21 11:08:35     60.5    16155312      300    89.0%    294.6     0.2%     4.0%     0.0%     0.0%     6.9%     0.0%
Feb 21 11:09:36     60.2    17111133      300    89.0%    294.6     0.2%     4.0%     0.0%     0.0%     6.9%     0.0%
Feb 21 11:10:36     59.9    18025373      300    89.0%    294.6     0.2%     4.0%     0.0%     0.0%     6.9%     0.0%
Feb 21 11:11:36     60.0    19064280      300    89.0%    294.6     0.2%     4.0%     0.0%     0.0%     6.9%     0.0%
Feb 21 11:12:36     60.0    20061649      300    89.0%    294.6     0.2%     4.0%     0.0%     0.0%     6.9%     0.0%
Feb 21 11:13:36     59.6    20892791      300    89.0%    294.6     0.2%     4.0%     0.0%     0.0%     6.9%     0.0%
Feb 21 11:14:38     59.6    21931719      300    89.0%    294.6     0.2%     4.0%     0.0%     0.0%     6.9%     0.0%
Feb 21 11:15:40     59.6    22970646      300    89.0%    294.6     0.2%     4.0%     0.0%     0.0%     6.9%     0.0%
Feb 21 11:16:41     59.7    24009571      300    89.0%    294.6     0.2%     4.0%     0.0%     0.0%     6.9%     0.0%
Feb 21 11:17:45     59.8    25131596      300    89.0%    294.6     0.2%     4.0%     0.0%     0.0%     6.9%     0.0%
Feb 21 11:18:46     60.2    26295180      300    89.0%    294.6     0.2%     4.0%     0.0%     0.0%     6.9%     0.0%
Feb 21 11:19:47     60.2    27334104      300    89.0%    294.6     0.2%     4.0%     0.0%     0.0%     6.9%     0.0%
Feb 21 11:20:50     60.2    28373030      300    89.0%    294.6     0.2%     4.0%     0.0%     0.0%     6.9%     0.0%
Feb 21 11:21:54     60.4    29536631      300    89.0%    294.6     0.2%     4.0%     0.0%     0.0%     6.9%     0.0%
Feb 21 11:22:59     60.1    30492450      300    89.0%    294.6     0.2%     4.0%     0.0%     0.0%     6.9%     0.0%
Feb 21 11:23:59     59.9    31406696      300    89.0%    294.6     0.2%     4.0%     0.0%     0.0%     7.0%     0.0%
Feb 21 11:24:59     59.9    32362505      300    89.0%    294.6     0.2%     4.0%     0.0%     0.0%     7.0%     0.0%
Feb 21 11:26:03     59.9    33442985      300    89.0%    294.6     0.2%     4.0%     0.0%     0.0%     7.0%     0.0%
Feb 21 11:27:05     59.8    34398791      300    89.0%    294.6     0.2%     4.0%     0.0%     0.0%     7.0%     0.0%
Feb 21 11:28:09     60.0    35603948      300    88.9%    294.6     0.2%     4.0%     0.0%     0.0%     7.0%     0.0%
Feb 21 11:29:10     60.3    36809089      300    88.9%    294.6     0.2%     4.0%     0.0%     0.0%     7.0%     0.0%
Feb 21 11:30:10     60.7    38055793      300    88.9%    294.6     0.2%     4.0%     0.0%     0.0%     7.0%     0.0%
Feb 21 11:31:11     60.7    39094698      300    88.9%    294.6     0.2%     4.0%     0.0%     0.0%     7.0%     0.0%
Feb 21 11:32:15     61.2    40466072      300    88.9%    294.5     0.2%     4.0%     0.0%     0.0%     7.0%     0.0%
Feb 21 11:33:17     61.2    41546537      300    88.9%    294.5     0.2%     4.0%     0.0%     0.0%     7.0%     0.0%
Feb 21 11:34:17     61.5    42793238      300    88.9%    294.5     0.2%     4.0%     0.0%     0.0%     7.0%     0.0%
Feb 21 11:35:21     61.7    44039923      300    88.9%    294.5     0.2%     4.0%     0.0%     0.0%     7.0%     0.0%
Feb 21 11:36:26     61.9    45286620      300    88.9%    294.5     0.2%     4.0%     0.0%     0.0%     7.0%     0.0%
Feb 21 11:36:48	Finished 1st pass mapping
Feb 21 11:43:07     30.1      501810      300    88.4%    294.4     0.2%     4.4%     0.0%     0.0%     7.1%     0.0%
Feb 21 11:44:08     42.2     1420012      300    88.5%    294.6     0.2%     4.4%     0.0%     0.0%     7.0%     0.0%
Feb 21 11:45:08     43.2     2170149      300    88.6%    294.6     0.2%     4.4%     0.0%     0.0%     6.9%     0.0%
Feb 21 11:46:12     44.1     3003618      300    88.7%    294.7     0.2%     4.4%     0.0%     0.0%     6.8%     0.0%
Feb 21 11:47:13     45.1     3837099      300    88.7%    294.6     0.2%     4.4%     0.0%     0.0%     6.9%     0.0%
Feb 21 11:48:13     45.9     4670565      300    88.6%    294.6     0.2%     4.4%     0.0%     0.0%     6.9%     0.0%
Feb 21 11:49:13     46.5     5504054      300    88.6%    294.6     0.2%     4.4%     0.0%     0.0%     6.9%     0.0%
Feb 21 11:50:13     46.6     6295860      300    88.6%    294.6     0.2%     4.4%     0.0%     0.0%     6.9%     0.0%
Feb 21 11:51:14     46.9     7129338      300    88.6%    294.6     0.2%     4.4%     0.0%     0.0%     6.9%     0.0%
Feb 21 11:52:17     46.7     7921134      300    88.6%    294.6     0.2%     4.4%     0.0%     0.0%     6.9%     0.0%
Feb 21 11:53:20     47.1     8796270      300    88.6%    294.6     0.2%     4.4%     0.0%     0.0%     6.9%     0.0%
Feb 21 11:54:25     47.0     9629754      300    88.6%    294.6     0.2%     4.4%     0.0%     0.0%     6.9%     0.0%
Feb 21 11:55:25     47.4    10503517      300    88.6%    294.6     0.2%     4.4%     0.0%     0.0%     6.9%     0.0%
Feb 21 11:56:26     47.3    11293108      300    88.6%    294.6     0.2%     4.4%     0.0%     0.0%     6.9%     0.0%
Feb 21 11:57:26     47.8    12207356      300    88.6%    294.6     0.2%     4.4%     0.0%     0.0%     6.9%     0.0%
Feb 21 11:58:26     48.4    13163190      300    88.6%    294.6     0.2%     4.4%     0.0%     0.0%     6.9%     0.0%
Feb 21 11:59:27     49.3    14243679      300    88.6%    294.6     0.2%     4.4%     0.0%     0.0%     6.9%     0.0%
Feb 21 12:00:29     49.8    15241057      300    88.6%    294.6     0.2%     4.4%     0.0%     0.0%     6.9%     0.0%
Feb 21 12:01:29     50.2    16196864      300    88.6%    294.6     0.2%     4.4%     0.0%     0.0%     6.9%     0.0%
Feb 21 12:02:32     50.5    17194239      300    88.6%    294.6     0.2%     4.4%     0.0%     0.0%     6.9%     0.0%
Feb 21 12:03:35     50.8    18191592      300    88.6%    294.6     0.2%     4.4%     0.0%     0.0%     6.9%     0.0%
Feb 21 12:04:38     51.1    19188966      300    88.6%    294.6     0.2%     4.4%     0.0%     0.0%     6.9%     0.0%
Feb 21 12:05:38     51.4    20144759      300    88.6%    294.6     0.2%     4.4%     0.0%     0.0%     6.9%     0.0%
Feb 21 12:06:38     51.8    21183698      300    88.6%    294.6     0.2%     4.4%     0.0%     0.0%     6.9%     0.0%
Feb 21 12:07:40     52.2    22222623      300    88.6%    294.6     0.2%     4.4%     0.0%     0.0%     6.9%     0.0%
Feb 21 12:08:40     52.3    23136869      300    88.6%    294.6     0.2%     4.4%     0.0%     0.0%     6.9%     0.0%
Feb 21 12:09:40     52.5    24092695      300    88.6%    294.6     0.2%     4.4%     0.0%     0.0%     6.9%     0.0%
Feb 21 12:10:41     52.7    25090038      300    88.6%    294.6     0.2%     4.4%     0.0%     0.0%     6.9%     0.0%
Feb 21 12:11:42     52.8    26045850      300    88.6%    294.6     0.2%     4.4%     0.0%     0.0%     6.9%     0.0%
Feb 21 12:12:42     53.1    27043201      300    88.6%    294.6     0.2%     4.4%     0.0%     0.0%     6.9%     0.0%
Feb 21 12:13:44     53.3    28082134      300    88.6%    294.6     0.2%     4.4%     0.0%     0.0%     6.9%     0.0%
Feb 21 12:14:45     53.5    29121059      300    88.6%    294.6     0.2%     4.4%     0.0%     0.0%     6.9%     0.0%
Feb 21 12:15:46     53.9    30201532      300    88.6%    294.6     0.2%     4.4%     0.0%     0.0%     6.9%     0.0%
Feb 21 12:16:48     54.1    31282026      300    88.6%    294.6     0.2%     4.4%     0.0%     0.0%     6.9%     0.0%
Feb 21 12:17:50     54.2    32279395      300    88.6%    294.6     0.2%     4.4%     0.0%     0.0%     6.9%     0.0%
Feb 21 12:18:51     54.5    33359864      300    88.6%    294.6     0.2%     4.4%     0.0%     0.0%     7.0%     0.0%
Feb 21 12:19:52     54.7    34440343      300    88.6%    294.6     0.2%     4.4%     0.0%     0.0%     7.0%     0.0%
Feb 21 12:20:56     54.8    35479272      300    88.5%    294.6     0.2%     4.4%     0.0%     0.0%     7.0%     0.0%
Feb 21 12:21:58     54.9    36476640      300    88.5%    294.6     0.2%     4.4%     0.0%     0.0%     7.0%     0.0%
Feb 21 12:22:58     55.0    37473992      300    88.5%    294.6     0.2%     4.4%     0.0%     0.0%     7.0%     0.0%
Feb 21 12:23:58     55.0    38346681      300    88.5%    294.6     0.2%     4.4%     0.0%     0.0%     7.0%     0.0%
Feb 21 12:25:00     55.0    39302476      300    88.5%    294.5     0.2%     4.4%     0.0%     0.0%     7.0%     0.0%
Feb 21 12:26:05     55.0    40299837      300    88.5%    294.5     0.2%     4.4%     0.0%     0.0%     7.0%     0.0%
Feb 21 12:27:07     55.3    41463431      300    88.5%    294.5     0.2%     4.4%     0.0%     0.0%     7.0%     0.0%
Feb 21 12:28:07     55.4    42460782      300    88.5%    294.5     0.2%     4.4%     0.0%     0.0%     7.0%     0.0%
Feb 21 12:29:08     55.5    43499688      300    88.5%    294.5     0.2%     4.4%     0.0%     0.0%     7.0%     0.0%
Feb 21 12:30:09     55.8    44704830      300    88.5%    294.5     0.2%     4.4%     0.0%     0.0%     7.0%     0.0%
Feb 21 12:31:09     56.0    45760059      300    88.5%    294.5     0.2%     4.4%     0.0%     0.0%     7.0%     0.0%
ALL DONE!
