                                 Started job on |	Feb 21 10:46:06
                             Started mapping on |	Feb 21 11:42:07
                                    Finished on |	Feb 21 12:31:09
       Mapping speed, Million of reads per hour |	55.99

                          Number of input reads |	45760059
                      Average input read length |	300
                                    UNIQUE READS:
                   Uniquely mapped reads number |	40497647
                        Uniquely mapped reads % |	88.50%
                          Average mapped length |	294.53
                       Number of splices: Total |	59312497
            Number of splices: Annotated (sjdb) |	59276529
                       Number of splices: GT/AG |	58486197
                       Number of splices: GC/AG |	713319
                       Number of splices: AT/AC |	72707
               Number of splices: Non-canonical |	40274
                      Mismatch rate per base, % |	0.18%
                         Deletion rate per base |	0.01%
                        Deletion average length |	2.35
                        Insertion rate per base |	0.01%
                       Insertion average length |	2.11
                             MULTI-MAPPING READS:
        Number of reads mapped to multiple loci |	2021550
             % of reads mapped to multiple loci |	4.42%
        Number of reads mapped to too many loci |	14336
             % of reads mapped to too many loci |	0.03%
                                  UNMAPPED READS:
  Number of reads unmapped: too many mismatches |	0
       % of reads unmapped: too many mismatches |	0.00%
            Number of reads unmapped: too short |	3205798
                 % of reads unmapped: too short |	7.01%
                Number of reads unmapped: other |	20728
                     % of reads unmapped: other |	0.05%
                                  CHIMERIC READS:
                       Number of chimeric reads |	0
                            % of chimeric reads |	0.00%
