STAR version=2.7.10a
STAR compilation time,server,dir=2022-01-14T18:50:00-05:00 :/home/dobin/data/STAR/STARcode/STAR.master/source
STAR git: On branch master ; commit ae26add7ea1724f3281ec8abedb71bcff6a4ae73 ; diff files: CHANGES.md README.md RELEASEnotes.md doc/STARmanual.pdf extras/doc-latex/STARmanual.tex extras/doc-latex/convertParDefToLatexTable.awk extras/doc-latex/parametersDefault.tex extras/docker/Dockerfile source/VERSION 
##### Command Line:
STAR --genomeDir star --readFilesIn input1/D3_R1.fastq.gz input2/D3_R2.fastq.gz --runThreadN 12 --outFileNamePrefix D3. --sjdbGTFfile Mus_musculus.gtf --outSAMattrRGline ID:D3 SM:D3 --quantMode TranscriptomeSAM --twopassMode Basic --outSAMtype BAM Unsorted --readFilesCommand zcat --runRNGseed 0 --outFilterMultimapNmax 20 --alignSJDBoverhangMin 1 --outSAMattributes NH HI AS NM MD --quantTranscriptomeBan Singleend --outSAMstrandField intronMotif
##### Initial USER parameters from Command Line:
outFileNamePrefix                 D3.
###### All USER parameters from Command Line:
genomeDir                     star     ~RE-DEFINED
readFilesIn                   input1/D3_R1.fastq.gz   input2/D3_R2.fastq.gz        ~RE-DEFINED
runThreadN                    12     ~RE-DEFINED
outFileNamePrefix             D3.     ~RE-DEFINED
sjdbGTFfile                   Mus_musculus.gtf     ~RE-DEFINED
outSAMattrRGline              ID:D3   SM:D3        ~RE-DEFINED
quantMode                     TranscriptomeSAM        ~RE-DEFINED
twopassMode                   Basic     ~RE-DEFINED
outSAMtype                    BAM   Unsorted        ~RE-DEFINED
readFilesCommand              zcat        ~RE-DEFINED
runRNGseed                    0     ~RE-DEFINED
outFilterMultimapNmax         20     ~RE-DEFINED
alignSJDBoverhangMin          1     ~RE-DEFINED
outSAMattributes              NH   HI   AS   NM   MD        ~RE-DEFINED
quantTranscriptomeBan         Singleend     ~RE-DEFINED
outSAMstrandField             intronMotif     ~RE-DEFINED
##### Finished reading parameters from all sources

##### Final user re-defined parameters-----------------:
runThreadN                        12
runRNGseed                        0
genomeDir                         star
readFilesIn                       input1/D3_R1.fastq.gz   input2/D3_R2.fastq.gz   
readFilesCommand                  zcat   
outFileNamePrefix                 D3.
outSAMtype                        BAM   Unsorted   
outSAMstrandField                 intronMotif
outSAMattributes                  NH   HI   AS   NM   MD   
outSAMattrRGline                  ID:D3   SM:D3   
outFilterMultimapNmax             20
alignSJDBoverhangMin              1
sjdbGTFfile                       Mus_musculus.gtf
quantMode                         TranscriptomeSAM   
quantTranscriptomeBan             Singleend
twopassMode                       Basic

-------------------------------
##### Final effective command line:
STAR   --runThreadN 12   --runRNGseed 0   --genomeDir star   --readFilesIn input1/D3_R1.fastq.gz   input2/D3_R2.fastq.gz      --readFilesCommand zcat      --outFileNamePrefix D3.   --outSAMtype BAM   Unsorted      --outSAMstrandField intronMotif   --outSAMattributes NH   HI   AS   NM   MD      --outSAMattrRGline ID:D3   SM:D3      --outFilterMultimapNmax 20   --alignSJDBoverhangMin 1   --sjdbGTFfile Mus_musculus.gtf   --quantMode TranscriptomeSAM      --quantTranscriptomeBan Singleend   --twopassMode Basic
----------------------------------------

Number of fastq files for each mate = 1

   Input read files for mate 1 :
-rw-rw-r-- 1 songz songz 3124385997 Feb18日 07:57 input1/D3_R1.fastq.gz

   readsCommandsFile:
exec > "D3._STARtmp/tmp.fifo.read1"
echo FILE 0
zcat      "input1/D3_R1.fastq.gz"


   Input read files for mate 2 :
-rw-rw-r-- 1 songz songz 3167154032 Feb18日 08:56 input2/D3_R2.fastq.gz

   readsCommandsFile:
exec > "D3._STARtmp/tmp.fifo.read2"
echo FILE 0
zcat      "input2/D3_R2.fastq.gz"

WARNING --outSAMattrRG defines a read group, therefore STAR will output RG attribute
WARNING --outSAMstrandField=intronMotif, therefore STAR will output XS attribute
ParametersSolo: --soloCellFilterType CellRanger2.2 filtering parameters:  3000 0.99 10
Finished loading and checking parameters
Reading genome generation parameters:
### /home/songz/miniforge3/envs/R44_RNA/bin/STAR-avx2   --runMode genomeGenerate      --runThreadN 8   --genomeDir star/   --genomeFastaFiles Mus_musculus.fasta      --genomeSAindexNbases 14   --limitGenomeGenerateRAM 34259738368   --sjdbGTFfile Mus_musculus.gtf
### GstrandBit=32
versionGenome                 2.7.4a     ~RE-DEFINED
genomeType                    Full     ~RE-DEFINED
genomeFastaFiles              Mus_musculus.fasta        ~RE-DEFINED
genomeSAindexNbases           14     ~RE-DEFINED
genomeChrBinNbits             18     ~RE-DEFINED
genomeSAsparseD               1     ~RE-DEFINED
genomeTransformType           None     ~RE-DEFINED
genomeTransformVCF            -     ~RE-DEFINED
sjdbOverhang                  100     ~RE-DEFINED
sjdbFileChrStartEnd           -        ~RE-DEFINED
sjdbGTFfile                   Mus_musculus.gtf     ~RE-DEFINED
sjdbGTFchrPrefix              -     ~RE-DEFINED
sjdbGTFfeatureExon            exon     ~RE-DEFINED
sjdbGTFtagExonParentTranscripttranscript_id     ~RE-DEFINED
sjdbGTFtagExonParentGene      gene_id     ~RE-DEFINED
sjdbInsertSave                Basic     ~RE-DEFINED
genomeFileSizes               2796660495   22379246690        ~RE-DEFINED
Genome version is compatible with current STAR
Number of real (reference) chromosomes= 61
1	1	195154279	0
2	10	130530862	195297280
3	11	121973369	325844992
4	12	120092757	448004096
5	13	120883175	568328192
6	14	125139656	689438720
7	15	104073951	814743552
8	16	98008968	919076864
9	17	95294699	1017118720
10	18	90720763	1112539136
11	19	61420004	1203503104
12	2	181755017	1265106944
13	3	159745316	1447034880
14	4	156860686	1606942720
15	5	151758149	1763966976
16	6	149588044	1915748352
17	7	144995196	2065432576
18	8	130127694	2210660352
19	9	124359700	2340945920
20	MT	16299	2465464320
21	X	169476592	2465726464
22	Y	91455967	2635333632
23	JH584299.1	953012	2726821888
24	GL456233.2	559103	2727870464
25	JH584301.1	259875	2728656896
26	GL456211.1	241735	2728919040
27	GL456221.1	206961	2729181184
28	JH584297.1	205776	2729443328
29	JH584296.1	199368	2729705472
30	GL456354.1	195993	2729967616
31	JH584298.1	184189	2730229760
32	JH584300.1	182347	2730491904
33	GL456219.1	175968	2730754048
34	GL456210.1	169725	2731016192
35	JH584303.1	158099	2731278336
36	JH584302.1	155838	2731540480
37	GL456212.1	153618	2731802624
38	JH584304.1	114452	2732064768
39	GL456379.1	72385	2732326912
40	GL456366.1	47073	2732589056
41	GL456367.1	42057	2732851200
42	GL456239.1	40056	2733113344
43	GL456383.1	38659	2733375488
44	GL456385.1	35240	2733637632
45	GL456360.1	31704	2733899776
46	GL456378.1	31602	2734161920
47	MU069435.1	31129	2734424064
48	GL456389.1	28772	2734686208
49	GL456372.1	28664	2734948352
50	GL456370.1	26764	2735210496
51	GL456381.1	25871	2735472640
52	GL456387.1	24685	2735734784
53	GL456390.1	24668	2735996928
54	GL456394.1	24323	2736259072
55	GL456392.1	23629	2736521216
56	GL456382.1	23158	2736783360
57	GL456359.1	22974	2737045504
58	GL456396.1	21240	2737307648
59	GL456368.1	20208	2737569792
60	MU069434.1	8412	2737831936
61	JH584295.1	1976	2738094080
--sjdbOverhang = 100 taken from the generated genome
Started loading the genome: Sat Feb 21 10:46:06 2026

Genome: size given as a parameter = 2796660495
SA: size given as a parameter = 22379246690
SAindex: size given as a parameter = 1
Read from SAindex: pGe.gSAindexNbases=14  nSAi=357913940
nGenome=2796660495;  nSAbyte=22379246690
GstrandBit=32   SA number of indices=5425271924
Shared memory is not used for genomes. Allocated a private copy of the genome.
Genome file size: 2796660495 bytes; state: good=1 eof=0 fail=0 bad=0
Loading Genome ... done! state: good=1 eof=0 fail=0 bad=0; loaded 2796660495 bytes
SA file size: 22379246690 bytes; state: good=1 eof=0 fail=0 bad=0
Loading SA ... done! state: good=1 eof=0 fail=0 bad=0; loaded 22379246690 bytes
Loading SAindex ... done: 1565873619 bytes
Finished loading the genome: Sat Feb 21 10:46:54 2026

Processing splice junctions database sjdbN=290071,   pGe.sjdbOverhang=100 
alignIntronMax=alignMatesGapMax=0, the max intron size will be approximately determined by (2^winBinNbits)*winAnchorDistNbins=589824
Feb 21 10:46:55   Loaded database junctions from the generated genome star//sjdbList.out.tab: 290071 total junctions

Feb 21 10:46:55 ..... processing annotations GTF
Processing pGe.sjdbGTFfile=Mus_musculus.gtf, found:
		149547 transcripts
		869452 exons (non-collapsed)
		290117 collapsed junctions
Total junctions: 580188
Feb 21 10:47:30 ..... finished GTF processing

WARNING: long repeat for junction # 65793 : 13 36192501 36373186; left shift = 255; right shift = 29
WARNING: long repeat for junction # 73519 : 13 119631671 120070727; left shift = 36; right shift = 255
WARNING: long repeat for junction # 90235 : 15 75976552 75988902; left shift = 0; right shift = 255
WARNING: long repeat for junction # 200666 : 5 112922393 112922883; left shift = 255; right shift = 69
WARNING: long repeat for junction # 203070 : 5 123328298 123329023; left shift = 255; right shift = 19
WARNING: long repeat for junction # 212337 : 6 48731569 48732130; left shift = 81; right shift = 255
WARNING: long repeat for junction # 244652 : 7 141361933 141364041; left shift = 255; right shift = 255
WARNING: long repeat for junction # 355871 : 13 36192501 36373186; left shift = 255; right shift = 29
WARNING: long repeat for junction # 363600 : 13 119631671 120070727; left shift = 36; right shift = 255
WARNING: long repeat for junction # 380317 : 15 75976552 75988902; left shift = 0; right shift = 255
WARNING: long repeat for junction # 490764 : 5 112922393 112922883; left shift = 255; right shift = 69
WARNING: long repeat for junction # 493168 : 5 123328298 123329023; left shift = 255; right shift = 19
WARNING: long repeat for junction # 502436 : 6 48731569 48732130; left shift = 81; right shift = 255
WARNING: long repeat for junction # 534757 : 7 141361933 141364041; left shift = 255; right shift = 255
Feb 21 10:47:31   Finished preparing junctions
Feb 21 10:47:31 ..... inserting junctions into the genome indices
Feb 21 10:47:33   Finished SA search: number of new junctions=0, old junctions=290071
Feb 21 10:47:35   Finished sorting SA indicesL nInd=0
Genome size with junctions=2796660495  2738356224   58304271
GstrandBit1=32   GstrandBit=32
Feb 21 10:52:21   Finished inserting junction indices
Feb 21 10:52:32   Finished SAi
Feb 21 10:52:33 ..... finished inserting junctions into genome
Created thread # 1
Created thread # 2
Created thread # 3
Created thread # 4
Created thread # 5
Created thread # 6
Created thread # 7
Created thread # 8
Created thread # 9
Created thread # 10
Created thread # 11
Starting to map file # 0
mate 1:   input1/D3_R1.fastq.gz
mate 2:   input2/D3_R2.fastq.gz
Thread #4 end of input stream, nextChar=-1
Completed: thread #6
Completed: thread #2
Completed: thread #10
Completed: thread #3
Completed: thread #1
Completed: thread #0
Joined thread # 1
Joined thread # 2
Joined thread # 3
Completed: thread #9
Completed: thread #4
Joined thread # 4
Completed: thread #8
Completed: thread #5
Joined thread # 5
Joined thread # 6
Completed: thread #7
Joined thread # 7
Joined thread # 8
Joined thread # 9
Joined thread # 10
Completed: thread #11
Joined thread # 11
Feb 21 11:36:48   Loaded database junctions from the 1st pass file: D3._STARpass1//SJ.out.tab: 802168 total junctions

WARNING: long repeat for junction # 65793 : 13 36192501 36373186; left shift = 255; right shift = 29
WARNING: long repeat for junction # 73519 : 13 119631671 120070727; left shift = 36; right shift = 255
WARNING: long repeat for junction # 90235 : 15 75976552 75988902; left shift = 0; right shift = 255
WARNING: long repeat for junction # 200666 : 5 112922393 112922883; left shift = 255; right shift = 69
WARNING: long repeat for junction # 203070 : 5 123328298 123329023; left shift = 255; right shift = 19
WARNING: long repeat for junction # 212337 : 6 48731569 48732130; left shift = 81; right shift = 255
WARNING: long repeat for junction # 244652 : 7 141361933 141364041; left shift = 255; right shift = 255
WARNING: long repeat for junction # 355871 : 13 36192501 36373186; left shift = 255; right shift = 29
WARNING: long repeat for junction # 363600 : 13 119631671 120070727; left shift = 36; right shift = 255
WARNING: long repeat for junction # 380317 : 15 75976552 75988902; left shift = 0; right shift = 255
WARNING: long repeat for junction # 490764 : 5 112922393 112922883; left shift = 255; right shift = 69
WARNING: long repeat for junction # 493168 : 5 123328298 123329023; left shift = 255; right shift = 19
WARNING: long repeat for junction # 502436 : 6 48731569 48732130; left shift = 81; right shift = 255
WARNING: long repeat for junction # 534757 : 7 141361933 141364041; left shift = 255; right shift = 255
Feb 21 11:36:50   Finished preparing junctions
Feb 21 11:36:50 ..... inserting junctions into the genome indices
Feb 21 11:37:23   Finished SA search: number of new junctions=67681, old junctions=290071
Feb 21 11:37:51   Finished sorting SA indicesL nInd=27072262
Genome size with junctions=2810264376  2738356224   71908152
GstrandBit1=32   GstrandBit=32
Feb 21 11:41:41   Finished inserting junction indices
Feb 21 11:42:06   Finished SAi
Feb 21 11:42:06 ..... finished inserting junctions into genome

   Input read files for mate 1 :
-rw-rw-r-- 1 songz songz 3124385997 Feb18日 07:57 input1/D3_R1.fastq.gz

   readsCommandsFile:
exec > "D3._STARtmp/tmp.fifo.read1"
echo FILE 0
zcat      "input1/D3_R1.fastq.gz"


   Input read files for mate 2 :
-rw-rw-r-- 1 songz songz 3167154032 Feb18日 08:56 input2/D3_R2.fastq.gz

   readsCommandsFile:
exec > "D3._STARtmp/tmp.fifo.read2"
echo FILE 0
zcat      "input2/D3_R2.fastq.gz"

Loaded transcript database, nTr=149547
Loaded exon database, nEx=869452
Created thread # 1
Starting to map file # 0
mate 1:   input1/D3_R1.fastq.gz
mate 2:   input2/D3_R2.fastq.gz
Created thread # 2
Created thread # 3
Created thread # 4
Created thread # 5
Created thread # 6
Created thread # 7
Created thread # 8
Created thread # 9
Created thread # 10
Created thread # 11
Thread #9 end of input stream, nextChar=-1
Completed: thread #7
Completed: thread #10
Completed: thread #4
Completed: thread #0
Completed: thread #11
Completed: thread #9
Completed: thread #1
Joined thread # 1
Completed: thread #3
Completed: thread #6
Completed: thread #8
Completed: thread #5
Completed: thread #2
Joined thread # 2
Joined thread # 3
Joined thread # 4
Joined thread # 5
Joined thread # 6
Joined thread # 7
Joined thread # 8
Joined thread # 9
Joined thread # 10
Joined thread # 11
ALL DONE!
