           Time    Speed        Read     Read   Mapped   Mapped   Mapped   Mapped Unmapped Unmapped Unmapped Unmapped
                    M/hr      number   length   unique   length   MMrate    multi   multi+       MM    short    other
Feb 21 08:33:15	Started 1st pass mapping
Feb 21 08:33:57      3.6       41941      300    87.7%    294.3     0.2%     4.0%     0.0%     0.0%     8.2%     0.0%
Feb 21 08:35:12     32.2     1044928      300    88.0%    294.4     0.2%     3.9%     0.0%     0.0%     8.0%     0.0%
Feb 21 08:36:14     40.3     2003429      300    88.2%    294.5     0.2%     3.9%     0.0%     0.0%     7.8%     0.0%
Feb 21 08:37:15     42.6     2836897      300    88.2%    294.5     0.2%     3.9%     0.0%     0.0%     7.8%     0.0%
Feb 21 08:38:17     42.8     3587023      300    88.2%    294.5     0.2%     3.9%     0.0%     0.0%     7.8%     0.0%
Feb 21 08:39:18     44.7     4503850      300    88.2%    294.5     0.2%     3.9%     0.0%     0.0%     7.8%     0.0%
Feb 21 08:40:18     45.1     5295660      300    88.2%    294.5     0.2%     3.9%     0.0%     0.0%     7.8%     0.0%
Feb 21 08:41:21     45.1     6087459      300    88.2%    294.5     0.2%     3.9%     0.0%     0.0%     7.8%     0.0%
Feb 21 08:42:28     45.9     7045984      300    88.2%    294.5     0.2%     3.9%     0.0%     0.0%     7.8%     0.0%
Feb 21 08:43:40     46.6     8087829      300    88.2%    294.5     0.2%     3.9%     0.0%     0.0%     7.8%     0.0%
Feb 21 08:44:44     47.3     9046321      300    88.2%    294.5     0.2%     3.9%     0.0%     0.0%     7.8%     0.0%
Feb 21 08:45:46     47.0     9796467      300    88.2%    294.5     0.2%     3.9%     0.0%     0.0%     7.8%     0.0%
Feb 21 08:46:49     47.2    10669733      300    88.2%    294.5     0.2%     3.9%     0.0%     0.0%     7.8%     0.0%
Feb 21 08:47:51     47.8    11625525      300    88.2%    294.5     0.2%     3.9%     0.0%     0.0%     7.8%     0.0%
Feb 21 08:48:54     47.9    12498217      300    88.2%    294.5     0.2%     3.9%     0.0%     0.0%     7.8%     0.0%
Feb 21 08:49:56     48.2    13412480      300    88.2%    294.5     0.2%     3.9%     0.0%     0.0%     7.8%     0.0%
Feb 21 08:50:56     48.0    14160497      300    88.2%    294.5     0.2%     3.9%     0.0%     0.0%     7.8%     0.0%
Feb 21 08:51:57     48.4    15074762      300    88.2%    294.5     0.2%     3.9%     0.0%     0.0%     7.8%     0.0%
Feb 21 08:53:01     48.4    15947453      300    88.2%    294.5     0.2%     3.9%     0.0%     0.0%     7.8%     0.0%
Feb 21 08:54:02     48.6    16820171      300    88.2%    294.5     0.2%     3.9%     0.0%     0.0%     7.8%     0.0%
Feb 21 08:55:05     48.7    17734427      300    88.2%    294.5     0.2%     3.9%     0.0%     0.0%     7.8%     0.0%
Feb 21 08:56:06     48.7    18565569      300    88.2%    294.5     0.2%     3.9%     0.0%     0.0%     7.8%     0.0%
Feb 21 08:57:07     48.7    19355165      300    88.2%    294.5     0.2%     3.9%     0.0%     0.0%     7.8%     0.0%
Feb 21 08:58:07     49.0    20310977      300    88.2%    294.5     0.2%     3.9%     0.0%     0.0%     7.8%     0.0%
Feb 21 08:59:12     48.9    21142092      300    88.2%    294.5     0.2%     3.9%     0.0%     0.0%     7.8%     0.0%
Feb 21 09:00:12     49.0    22014781      300    88.2%    294.4     0.2%     3.9%     0.0%     0.0%     7.8%     0.0%
Feb 21 09:01:17     49.0    22887479      300    88.2%    294.4     0.2%     3.9%     0.0%     0.0%     7.8%     0.0%
Feb 21 09:02:19     49.2    23843264      300    88.2%    294.4     0.2%     3.9%     0.0%     0.0%     7.8%     0.0%
Feb 21 09:03:22     49.5    24840633      300    88.2%    294.4     0.2%     3.9%     0.0%     0.0%     7.8%     0.0%
Feb 21 09:04:25     49.8    25879568      300    88.1%    294.4     0.2%     3.9%     0.0%     0.0%     7.9%     0.0%
Feb 21 09:05:30     50.1    26918495      300    88.1%    294.4     0.2%     3.9%     0.0%     0.0%     7.9%     0.0%
Feb 21 09:06:30     50.4    27915827      300    88.1%    294.4     0.2%     3.9%     0.0%     0.0%     7.9%     0.0%
Feb 21 09:07:31     50.5    28830058      300    88.1%    294.4     0.2%     3.9%     0.0%     0.0%     7.9%     0.0%
Feb 21 09:08:32     50.4    29661188      300    88.1%    294.4     0.2%     3.9%     0.0%     0.0%     7.9%     0.0%
Feb 21 09:09:32     50.4    30492316      300    88.1%    294.4     0.2%     3.9%     0.0%     0.0%     7.9%     0.0%
Feb 21 09:10:35     50.5    31406553      300    88.1%    294.4     0.2%     3.9%     0.0%     0.0%     7.9%     0.0%
Feb 21 09:11:35     50.6    32320792      300    88.1%    294.4     0.2%     3.9%     0.0%     0.0%     7.9%     0.0%
Feb 21 09:12:37     50.6    33193481      300    88.1%    294.4     0.2%     3.9%     0.0%     0.0%     7.9%     0.0%
Feb 21 09:13:31	Finished 1st pass mapping
Feb 21 09:21:24     25.4      501805      300    87.5%    294.3     0.2%     4.3%     0.0%     0.0%     8.1%     0.1%
Feb 21 09:22:31     28.3     1086608      300    87.7%    294.4     0.2%     4.3%     0.0%     0.0%     8.0%     0.1%
Feb 21 09:23:32     32.5     1795067      300    87.8%    294.5     0.2%     4.3%     0.0%     0.0%     7.8%     0.1%
Feb 21 09:24:35     33.8     2461826      300    87.9%    294.5     0.2%     4.3%     0.0%     0.0%     7.7%     0.1%
Feb 21 09:25:36     34.9     3128607      300    87.9%    294.5     0.2%     4.3%     0.0%     0.0%     7.8%     0.1%
Feb 21 09:26:38     36.3     3878747      300    87.8%    294.5     0.2%     4.3%     0.0%     0.0%     7.8%     0.1%
Feb 21 09:27:39     37.0     4587223      300    87.9%    294.5     0.2%     4.3%     0.0%     0.0%     7.8%     0.1%
Feb 21 09:28:39     38.9     5462359      300    87.9%    294.5     0.2%     4.3%     0.0%     0.0%     7.8%     0.1%
Feb 21 09:29:43     39.0     6170808      300    87.9%    294.5     0.2%     4.3%     0.0%     0.0%     7.8%     0.1%
Feb 21 09:30:44     39.5     6920948      300    87.9%    294.5     0.2%     4.3%     0.0%     0.0%     7.8%     0.1%
Feb 21 09:31:48     40.4     7796113      300    87.9%    294.5     0.2%     4.3%     0.0%     0.0%     7.7%     0.1%
Feb 21 09:32:49     41.3     8671267      300    87.9%    294.5     0.2%     4.3%     0.0%     0.0%     7.8%     0.1%
Feb 21 09:33:52     41.2     9379722      300    87.9%    294.5     0.2%     4.3%     0.0%     0.0%     7.8%     0.1%
Feb 21 09:34:56     41.5    10171053      300    87.9%    294.5     0.2%     4.3%     0.0%     0.0%     7.7%     0.1%
Feb 21 09:36:02     40.9    10794404      300    87.9%    294.5     0.2%     4.3%     0.0%     0.0%     7.8%     0.1%
Feb 21 09:37:08     41.2    11625547      300    87.9%    294.5     0.2%     4.3%     0.0%     0.0%     7.8%     0.1%
Feb 21 09:38:10     40.9    12248858      300    87.9%    294.5     0.2%     4.3%     0.0%     0.0%     7.8%     0.1%
Feb 21 09:39:12     41.1    12996899      300    87.9%    294.5     0.2%     4.3%     0.0%     0.0%     7.8%     0.1%
Feb 21 09:40:14     41.0    13661807      300    87.9%    294.5     0.2%     4.3%     0.0%     0.0%     7.8%     0.1%
Feb 21 09:41:21     41.1    14492957      300    87.9%    294.5     0.2%     4.3%     0.0%     0.0%     7.8%     0.1%
Feb 21 09:42:23     41.0    15157866      300    87.9%    294.5     0.2%     4.3%     0.0%     0.0%     7.8%     0.1%
Feb 21 09:43:26     41.2    15947453      300    87.9%    294.5     0.2%     4.3%     0.0%     0.0%     7.8%     0.1%
Feb 21 09:44:31     41.2    16695500      300    87.8%    294.5     0.2%     4.3%     0.0%     0.0%     7.8%     0.1%
Feb 21 09:45:38     41.2    17443546      300    87.8%    294.5     0.2%     4.3%     0.0%     0.0%     7.8%     0.1%
Feb 21 09:46:38     40.8    17983766      300    87.9%    294.5     0.2%     4.3%     0.0%     0.0%     7.8%     0.1%
Feb 21 09:47:38     40.6    18565569      300    87.8%    294.5     0.2%     4.3%     0.0%     0.0%     7.8%     0.1%
Feb 21 09:48:39     40.5    19188928      300    87.8%    294.5     0.2%     4.3%     0.0%     0.0%     7.8%     0.1%
Feb 21 09:49:39     40.4    19812293      300    87.8%    294.5     0.2%     4.3%     0.0%     0.0%     7.8%     0.1%
Feb 21 09:50:47     40.1    20435643      300    87.9%    294.5     0.2%     4.3%     0.0%     0.0%     7.8%     0.1%
Feb 21 09:51:53     40.1    21183652      300    87.8%    294.5     0.2%     4.3%     0.0%     0.0%     7.8%     0.1%
Feb 21 09:52:54     40.0    21765443      300    87.8%    294.4     0.2%     4.3%     0.0%     0.0%     7.8%     0.1%
Feb 21 09:53:57     39.7    22347241      300    87.8%    294.4     0.2%     4.3%     0.0%     0.0%     7.8%     0.1%
Feb 21 09:54:57     39.5    22845915      300    87.8%    294.4     0.2%     4.3%     0.0%     0.0%     7.8%     0.1%
Feb 21 09:56:01     39.5    23552369      300    87.8%    294.4     0.2%     4.3%     0.0%     0.0%     7.8%     0.1%
Feb 21 09:57:03     39.4    24175711      300    87.8%    294.4     0.2%     4.3%     0.0%     0.0%     7.8%     0.1%
Feb 21 09:58:05     39.2    24715955      300    87.8%    294.4     0.2%     4.3%     0.0%     0.0%     7.8%     0.1%
Feb 21 09:59:08     39.1    25380878      300    87.8%    294.4     0.2%     4.3%     0.0%     0.0%     7.8%     0.1%
Feb 21 10:00:09     39.0    25962685      300    87.8%    294.4     0.2%     4.3%     0.0%     0.0%     7.8%     0.1%
Feb 21 10:01:15     38.9    26586034      300    87.8%    294.4     0.2%     4.3%     0.0%     0.0%     7.8%     0.1%
Feb 21 10:02:15     38.8    27167829      300    87.8%    294.4     0.2%     4.3%     0.0%     0.0%     7.8%     0.1%
Feb 21 10:03:19     38.8    27874277      300    87.8%    294.4     0.2%     4.3%     0.0%     0.0%     7.8%     0.1%
Feb 21 10:04:22     38.7    28497611      300    87.8%    294.4     0.2%     4.3%     0.0%     0.0%     7.9%     0.1%
Feb 21 10:05:24     38.7    29120942      300    87.8%    294.4     0.2%     4.3%     0.0%     0.0%     7.9%     0.1%
Feb 21 10:06:25     38.7    29785850      300    87.8%    294.4     0.2%     4.3%     0.0%     0.0%     7.9%     0.1%
Feb 21 10:07:28     38.5    30326085      300    87.8%    294.4     0.2%     4.3%     0.0%     0.0%     7.9%     0.1%
Feb 21 10:08:31     38.6    31074103      300    87.7%    294.4     0.2%     4.3%     0.0%     0.0%     7.9%     0.1%
Feb 21 10:09:35     38.6    31780568      300    87.7%    294.4     0.2%     4.3%     0.0%     0.0%     7.9%     0.1%
Feb 21 10:10:35     38.8    32528576      300    87.7%    294.4     0.2%     4.3%     0.0%     0.0%     7.9%     0.1%
Feb 21 10:11:35     38.7    33110365      300    87.7%    294.4     0.2%     4.3%     0.0%     0.0%     7.9%     0.1%
Feb 21 10:12:35     38.8    33899933      300    87.7%    294.4     0.2%     4.3%     0.0%     0.0%     7.9%     0.1%
ALL DONE!
