                                 Started job on |	Feb 21 08:28:36
                             Started mapping on |	Feb 21 09:20:13
                                    Finished on |	Feb 21 10:13:11
       Mapping speed, Million of reads per hour |	38.66

                          Number of input reads |	34131858
                      Average input read length |	300
                                    UNIQUE READS:
                   Uniquely mapped reads number |	29945896
                        Uniquely mapped reads % |	87.74%
                          Average mapped length |	294.38
                       Number of splices: Total |	42355049
            Number of splices: Annotated (sjdb) |	42330212
                       Number of splices: GT/AG |	41779438
                       Number of splices: GC/AG |	498124
                       Number of splices: AT/AC |	48699
               Number of splices: Non-canonical |	28788
                      Mismatch rate per base, % |	0.19%
                         Deletion rate per base |	0.01%
                        Deletion average length |	2.36
                        Insertion rate per base |	0.01%
                       Insertion average length |	2.07
                             MULTI-MAPPING READS:
        Number of reads mapped to multiple loci |	1461189
             % of reads mapped to multiple loci |	4.28%
        Number of reads mapped to too many loci |	12604
             % of reads mapped to too many loci |	0.04%
                                  UNMAPPED READS:
  Number of reads unmapped: too many mismatches |	0
       % of reads unmapped: too many mismatches |	0.00%
            Number of reads unmapped: too short |	2692707
                 % of reads unmapped: too short |	7.89%
                Number of reads unmapped: other |	19462
                     % of reads unmapped: other |	0.06%
                                  CHIMERIC READS:
                       Number of chimeric reads |	0
                            % of chimeric reads |	0.00%
