           Time    Speed        Read     Read   Mapped   Mapped   Mapped   Mapped Unmapped Unmapped Unmapped Unmapped
                    M/hr      number   length   unique   length   MMrate    multi   multi+       MM    short    other
Feb 21 10:20:43	Started 1st pass mapping
Feb 21 10:21:22      3.9       41802      300    87.8%    294.0     0.2%     3.9%     0.0%     0.0%     8.2%     0.0%
Feb 21 10:22:29     35.5     1044967      300    87.8%    294.0     0.2%     4.0%     0.0%     0.0%     8.2%     0.0%
Feb 21 10:23:29     41.6     1920117      300    87.9%    294.1     0.2%     4.0%     0.0%     0.0%     8.0%     0.0%
Feb 21 10:24:29     43.9     2753588      300    88.0%    294.1     0.2%     4.0%     0.0%     0.0%     7.9%     0.0%
Feb 21 10:25:30     46.6     3712107      300    88.0%    294.2     0.2%     4.0%     0.0%     0.0%     7.9%     0.0%
Feb 21 10:26:33     48.9     4753957      300    88.0%    294.1     0.2%     4.0%     0.0%     0.0%     8.0%     0.0%
Feb 21 10:27:33     50.5     5754153      300    88.0%    294.1     0.2%     4.0%     0.0%     0.0%     8.0%     0.0%
Feb 21 10:28:33     51.4     6712657      300    88.0%    294.1     0.2%     4.0%     0.0%     0.0%     8.0%     0.0%
Feb 21 10:29:33     51.5     7587810      300    88.0%    294.1     0.2%     4.0%     0.0%     0.0%     8.0%     0.0%
Feb 21 10:30:33     51.6     8462961      300    87.9%    294.1     0.2%     4.0%     0.0%     0.0%     8.0%     0.0%
Feb 21 10:31:38     51.3     9338128      300    87.9%    294.1     0.2%     4.0%     0.0%     0.0%     8.0%     0.0%
Feb 21 10:32:38     51.6    10254234      300    88.0%    294.1     0.2%     4.0%     0.0%     0.0%     8.0%     0.0%
Feb 21 10:33:41     51.5    11126944      300    88.0%    294.1     0.2%     4.0%     0.0%     0.0%     8.0%     0.0%
Feb 21 10:34:43     51.1    11916536      300    88.0%    294.1     0.2%     4.0%     0.0%     0.0%     8.0%     0.0%
Feb 21 10:35:46     50.8    12747695      300    88.0%    294.1     0.2%     4.0%     0.0%     0.0%     8.0%     0.0%
Feb 21 10:36:50     50.7    13620403      300    88.0%    294.1     0.2%     4.0%     0.0%     0.0%     8.0%     0.0%
Feb 21 10:37:51     50.5    14409995      300    88.0%    294.1     0.2%     4.0%     0.0%     0.0%     8.0%     0.0%
Feb 21 10:38:53     50.1    15158036      300    88.0%    294.1     0.2%     4.0%     0.0%     0.0%     8.0%     0.0%
Feb 21 10:39:53     49.9    15947628      300    88.0%    294.1     0.2%     4.0%     0.0%     0.0%     8.0%     0.0%
Feb 21 10:40:54     50.1    16861876      300    88.0%    294.1     0.2%     4.0%     0.0%     0.0%     8.0%     0.0%
Feb 21 10:41:59     49.7    17609921      300    88.0%    294.1     0.2%     4.0%     0.0%     0.0%     8.0%     0.0%
Feb 21 10:42:59     49.6    18399497      300    88.0%    294.1     0.2%     4.0%     0.0%     0.0%     8.0%     0.0%
Feb 21 10:43:59     49.7    19272198      300    88.0%    294.1     0.2%     4.0%     0.0%     0.0%     8.0%     0.0%
Feb 21 10:45:00     49.3    19937123      300    88.0%    294.1     0.2%     4.0%     0.0%     0.0%     8.0%     0.0%
Feb 21 10:46:00     49.7    20934500      300    88.0%    294.1     0.2%     4.0%     0.0%     0.0%     8.0%     0.0%
Feb 21 10:47:01     50.1    21973443      300    88.0%    294.1     0.2%     4.0%     0.0%     0.0%     8.0%     0.0%
Feb 21 10:48:02     50.5    23012377      300    87.9%    294.1     0.2%     4.0%     0.0%     0.0%     8.0%     0.0%
Feb 21 10:49:03     50.8    23968190      300    87.9%    294.1     0.2%     4.0%     0.0%     0.0%     8.0%     0.0%
Feb 21 10:50:07     51.0    24965562      300    88.0%    294.1     0.2%     4.0%     0.0%     0.0%     8.0%     0.0%
Feb 21 10:51:09     51.2    25962943      300    87.9%    294.1     0.2%     4.0%     0.0%     0.0%     8.0%     0.0%
Feb 21 10:52:09     51.3    26877196      300    87.9%    294.1     0.2%     4.0%     0.0%     0.0%     8.0%     0.0%
Feb 21 10:53:11     51.5    27874570      300    87.9%    294.1     0.2%     4.0%     0.0%     0.0%     8.0%     0.0%
Feb 21 10:54:11     51.6    28788821      300    87.9%    294.1     0.2%     4.0%     0.0%     0.0%     8.0%     0.0%
Feb 21 10:55:13     51.5    29619955      300    87.9%    294.1     0.2%     4.0%     0.0%     0.0%     8.0%     0.0%
Feb 21 10:56:15     51.6    30534216      300    87.9%    294.1     0.2%     4.0%     0.0%     0.0%     8.0%     0.0%
Feb 21 10:57:23     51.5    31490026      300    87.9%    294.1     0.2%     4.0%     0.0%     0.0%     8.0%     0.0%
Feb 21 10:58:32     51.5    32487380      300    87.9%    294.1     0.2%     4.0%     0.0%     0.0%     8.0%     0.0%
Feb 21 10:59:32     51.9    33567854      300    87.9%    294.1     0.2%     4.0%     0.0%     0.0%     8.0%     0.0%
Feb 21 11:00:39     52.1    34689907      300    87.9%    294.0     0.2%     4.0%     0.0%     0.0%     8.1%     0.0%
Feb 21 11:01:40     52.2    35645709      300    87.9%    294.0     0.2%     4.0%     0.0%     0.0%     8.1%     0.0%
Feb 21 11:02:41     52.0    36393734      300    87.9%    294.0     0.2%     4.0%     0.0%     0.0%     8.1%     0.0%
Feb 21 11:03:41     52.0    37266426      300    87.9%    294.0     0.2%     4.0%     0.0%     0.0%     8.1%     0.0%
Feb 21 11:04:57     51.7    38139102      300    87.9%    294.0     0.2%     4.0%     0.0%     0.0%     8.1%     0.0%
Feb 21 11:06:04     51.8    39136456      300    87.9%    294.0     0.2%     4.0%     0.0%     0.0%     8.1%     0.0%
Feb 21 11:07:07     51.8    40050703      300    87.9%    294.0     0.2%     4.0%     0.0%     0.0%     8.1%     0.0%
Feb 21 11:08:11     51.7    40923393      300    87.9%    294.0     0.2%     4.0%     0.0%     0.0%     8.1%     0.0%
Feb 21 11:09:11     51.6    41671407      300    87.9%    294.0     0.2%     4.0%     0.0%     0.0%     8.1%     0.0%
Feb 21 11:10:11     51.6    42544093      300    87.8%    294.0     0.2%     4.0%     0.0%     0.0%     8.1%     0.0%
Feb 21 11:11:12     51.6    43416775      300    87.8%    294.0     0.2%     4.0%     0.0%     0.0%     8.1%     0.0%
Feb 21 11:12:16     51.6    44372582      300    87.8%    294.0     0.2%     4.0%     0.0%     0.0%     8.1%     0.0%
Feb 21 11:13:16     51.8    45328379      300    87.8%    294.0     0.2%     4.0%     0.0%     0.0%     8.1%     0.0%
Feb 21 11:14:16     51.7    46159498      300    87.8%    294.0     0.2%     4.0%     0.0%     0.0%     8.1%     0.0%
Feb 21 11:14:36	Finished 1st pass mapping
Feb 21 11:23:08     25.1      418223      300    87.4%    293.9     0.2%     4.4%     0.0%     0.0%     8.2%     0.0%
Feb 21 11:24:09     29.9     1003298      300    87.4%    294.0     0.2%     4.4%     0.0%     0.0%     8.2%     0.0%
Feb 21 11:25:09     33.2     1670066      300    87.5%    294.0     0.2%     4.4%     0.0%     0.0%     8.0%     0.0%
Feb 21 11:26:13     33.7     2295178      300    87.6%    294.1     0.2%     4.4%     0.0%     0.0%     8.0%     0.0%
Feb 21 11:27:14     33.9     2878615      300    87.6%    294.1     0.2%     4.4%     0.0%     0.0%     7.9%     0.0%
Feb 21 11:28:15     34.8     3545412      300    87.6%    294.2     0.2%     4.4%     0.0%     0.0%     7.9%     0.0%
Feb 21 11:29:15     35.5     4212194      300    87.6%    294.1     0.2%     4.4%     0.0%     0.0%     7.9%     0.0%
Feb 21 11:30:23     35.8     4920645      300    87.6%    294.1     0.2%     4.4%     0.0%     0.0%     8.0%     0.0%
Feb 21 11:31:26     37.1     5754133      300    87.5%    294.1     0.2%     4.4%     0.0%     0.0%     8.0%     0.0%
Feb 21 11:32:29     37.5     6462595      300    87.5%    294.1     0.2%     4.4%     0.0%     0.0%     8.0%     0.0%
Feb 21 11:33:29     38.1     7212730      300    87.6%    294.1     0.2%     4.4%     0.0%     0.0%     8.0%     0.0%
Feb 21 11:34:29     38.5     7921183      300    87.5%    294.1     0.2%     4.4%     0.0%     0.0%     8.0%     0.0%
Feb 21 11:35:31     38.9     8671322      300    87.5%    294.1     0.2%     4.4%     0.0%     0.0%     8.0%     0.0%
Feb 21 11:36:33     39.0     9379798      300    87.5%    294.1     0.2%     4.4%     0.0%     0.0%     8.0%     0.0%
Feb 21 11:37:33     38.9    10004888      300    87.5%    294.1     0.2%     4.4%     0.0%     0.0%     8.0%     0.0%
Feb 21 11:38:35     39.2    10752928      300    87.5%    294.1     0.2%     4.4%     0.0%     0.0%     8.0%     0.0%
Feb 21 11:39:36     39.5    11500970      300    87.5%    294.1     0.2%     4.4%     0.0%     0.0%     8.0%     0.0%
Feb 21 11:40:36     39.5    12165887      300    87.5%    294.1     0.2%     4.4%     0.0%     0.0%     8.0%     0.0%
Feb 21 11:41:38     39.7    12913940      300    87.6%    294.1     0.2%     4.4%     0.0%     0.0%     8.0%     0.0%
Feb 21 11:42:41     39.5    13537298      300    87.6%    294.1     0.2%     4.4%     0.0%     0.0%     8.0%     0.0%
Feb 21 11:43:45     39.4    14202213      300    87.6%    294.1     0.2%     4.4%     0.0%     0.0%     7.9%     0.0%
Feb 21 11:44:45     39.3    14825573      300    87.6%    294.1     0.2%     4.4%     0.0%     0.0%     8.0%     0.0%
Feb 21 11:46:01     38.9    15490479      300    87.6%    294.1     0.2%     4.4%     0.0%     0.0%     8.0%     0.0%
Feb 21 11:47:03     38.9    16155397      300    87.5%    294.1     0.2%     4.4%     0.0%     0.0%     8.0%     0.0%
Feb 21 11:48:05     39.0    16861879      300    87.6%    294.1     0.2%     4.4%     0.0%     0.0%     8.0%     0.0%
Feb 21 11:49:06     38.9    17485243      300    87.6%    294.1     0.2%     4.4%     0.0%     0.0%     8.0%     0.0%
Feb 21 11:50:08     38.8    18108607      300    87.5%    294.1     0.2%     4.4%     0.0%     0.0%     8.0%     0.0%
Feb 21 11:51:14     38.8    18815087      300    87.5%    294.1     0.2%     4.4%     0.0%     0.0%     8.0%     0.0%
Feb 21 11:52:20     38.6    19438434      300    87.5%    294.1     0.2%     4.4%     0.0%     0.0%     8.0%     0.0%
Feb 21 11:53:21     38.6    20103346      300    87.5%    294.1     0.2%     4.4%     0.0%     0.0%     8.0%     0.0%
Feb 21 11:54:23     38.6    20768269      300    87.5%    294.1     0.2%     4.4%     0.0%     0.0%     8.0%     0.0%
Feb 21 11:55:24     38.7    21474750      300    87.5%    294.1     0.2%     4.4%     0.0%     0.0%     8.0%     0.0%
Feb 21 11:56:24     38.7    22098122      300    87.5%    294.1     0.2%     4.4%     0.0%     0.0%     8.0%     0.0%
Feb 21 11:57:29     38.6    22721478      300    87.5%    294.1     0.2%     4.4%     0.0%     0.0%     8.0%     0.0%
Feb 21 11:58:32     38.8    23511070      300    87.5%    294.1     0.2%     4.4%     0.0%     0.0%     8.0%     0.0%
Feb 21 11:59:46     38.7    24259103      300    87.5%    294.1     0.2%     4.4%     0.0%     0.0%     8.0%     0.0%
Feb 21 12:00:46     38.7    24924005      300    87.5%    294.1     0.2%     4.4%     0.0%     0.0%     8.0%     0.0%
Feb 21 12:01:47     38.7    25588921      300    87.5%    294.1     0.2%     4.4%     0.0%     0.0%     8.0%     0.0%
Feb 21 12:02:54     38.8    26336952      300    87.5%    294.1     0.2%     4.4%     0.0%     0.0%     8.0%     0.0%
Feb 21 12:03:57     38.8    27043441      300    87.5%    294.1     0.2%     4.4%     0.0%     0.0%     8.0%     0.0%
Feb 21 12:05:00     38.8    27708346      300    87.5%    294.1     0.2%     4.4%     0.0%     0.0%     8.0%     0.0%
Feb 21 12:06:00     38.7    28290154      300    87.5%    294.1     0.2%     4.4%     0.0%     0.0%     8.0%     0.0%
Feb 21 12:07:05     38.5    28871931      300    87.5%    294.1     0.2%     4.4%     0.0%     0.0%     8.0%     0.0%
Feb 21 12:08:07     38.6    29578407      300    87.5%    294.1     0.2%     4.4%     0.0%     0.0%     8.0%     0.0%
Feb 21 12:09:09     38.6    30243310      300    87.5%    294.1     0.2%     4.4%     0.0%     0.0%     8.0%     0.0%
Feb 21 12:10:11     38.5    30825109      300    87.5%    294.1     0.2%     4.4%     0.0%     0.0%     8.0%     0.0%
Feb 21 12:11:11     38.5    31448466      300    87.5%    294.1     0.2%     4.4%     0.0%     0.0%     8.0%     0.0%
Feb 21 12:12:16     38.3    32030262      300    87.5%    294.1     0.2%     4.4%     0.0%     0.0%     8.0%     0.0%
Feb 21 12:13:22     38.2    32653608      300    87.5%    294.1     0.2%     4.4%     0.0%     0.0%     8.0%     0.0%
Feb 21 12:14:23     38.4    33401635      300    87.5%    294.1     0.2%     4.4%     0.0%     0.0%     8.0%     0.0%
Feb 21 12:15:25     38.3    34024996      300    87.5%    294.0     0.2%     4.4%     0.0%     0.0%     8.0%     0.0%
Feb 21 12:16:28     38.2    34606789      300    87.5%    294.0     0.2%     4.4%     0.0%     0.0%     8.0%     0.0%
Feb 21 12:17:34     38.2    35313255      300    87.5%    294.0     0.2%     4.4%     0.0%     0.0%     8.0%     0.0%
Feb 21 12:18:34     38.3    35978176      300    87.5%    294.0     0.2%     4.4%     0.0%     0.0%     8.0%     0.0%
Feb 21 12:19:34     38.3    36684638      300    87.5%    294.0     0.2%     4.4%     0.0%     0.0%     8.0%     0.0%
Feb 21 12:20:45     38.2    37349538      300    87.5%    294.0     0.2%     4.4%     0.0%     0.0%     8.0%     0.0%
Feb 21 12:21:45     38.2    37972886      300    87.5%    294.0     0.2%     4.4%     0.0%     0.0%     8.1%     0.0%
Feb 21 12:22:45     38.2    38637781      300    87.5%    294.0     0.2%     4.4%     0.0%     0.0%     8.1%     0.0%
Feb 21 12:23:57     38.1    39302690      300    87.5%    294.0     0.2%     4.4%     0.0%     0.0%     8.1%     0.0%
Feb 21 12:24:57     38.1    39842923      300    87.5%    294.0     0.2%     4.4%     0.0%     0.0%     8.1%     0.0%
Feb 21 12:25:58     38.1    40507821      300    87.4%    294.0     0.2%     4.4%     0.0%     0.0%     8.1%     0.0%
Feb 21 12:27:01     38.0    41131177      300    87.4%    294.0     0.2%     4.4%     0.0%     0.0%     8.1%     0.0%
Feb 21 12:28:02     38.2    41920747      300    87.4%    294.0     0.2%     4.4%     0.0%     0.0%     8.1%     0.0%
Feb 21 12:29:04     38.2    42585643      300    87.4%    294.0     0.2%     4.4%     0.0%     0.0%     8.1%     0.0%
Feb 21 12:30:05     38.4    43458336      300    87.4%    294.0     0.2%     4.4%     0.0%     0.0%     8.1%     0.0%
Feb 21 12:31:06     38.6    44372582      300    87.4%    294.0     0.2%     4.4%     0.0%     0.0%     8.1%     0.0%
Feb 21 12:32:07     38.8    45286824      300    87.4%    294.0     0.2%     4.4%     0.0%     0.0%     8.1%     0.0%
Feb 21 12:33:07     39.0    46159510      300    87.4%    294.0     0.2%     4.4%     0.0%     0.0%     8.1%     0.0%
ALL DONE!
