           Time    Speed        Read     Read   Mapped   Mapped   Mapped   Mapped Unmapped Unmapped Unmapped Unmapped
                    M/hr      number   length   unique   length   MMrate    multi   multi+       MM    short    other
Feb 21 10:13:45	Started 1st pass mapping
Feb 21 10:14:08      6.6       41910      300    84.6%    291.4     0.2%     4.3%     0.1%     0.0%    11.0%     0.0%
Feb 21 10:15:09     48.4     1128276      300    85.3%    291.5     0.2%     4.1%     0.1%     0.0%    10.5%     0.0%
Feb 21 10:16:09     59.5     2378494      300    85.5%    291.6     0.2%     4.1%     0.1%     0.0%    10.3%     0.0%
Feb 21 10:17:09     61.8     3503694      300    85.6%    291.6     0.2%     4.1%     0.1%     0.0%    10.3%     0.0%
Feb 21 10:18:09     65.4     4795580      300    85.5%    291.6     0.2%     4.1%     0.1%     0.0%    10.3%     0.0%
Feb 21 10:19:09     65.3     5879117      300    85.5%    291.6     0.2%     4.1%     0.1%     0.0%    10.3%     0.0%
Feb 21 10:20:10     66.3     7087661      300    85.5%    291.6     0.2%     4.1%     0.1%     0.0%    10.3%     0.0%
Feb 21 10:21:11     65.6     8129526      300    85.5%    291.6     0.2%     4.1%     0.1%     0.0%    10.3%     0.0%
Feb 21 10:22:11     66.4     9338065      300    85.5%    291.6     0.2%     4.1%     0.1%     0.0%    10.3%     0.0%
Feb 21 10:23:14     66.5    10503511      300    85.5%    291.6     0.2%     4.1%     0.1%     0.0%    10.3%     0.0%
Feb 21 10:24:16     67.3    11791819      300    85.5%    291.6     0.2%     4.1%     0.1%     0.0%    10.3%     0.0%
Feb 21 10:25:20     68.6    13246348      300    85.5%    291.6     0.2%     4.1%     0.1%     0.0%    10.3%     0.0%
Feb 21 10:26:22     69.9    14700835      300    85.5%    291.6     0.2%     4.1%     0.1%     0.0%    10.3%     0.0%
Feb 21 10:27:23     71.1    16155338      300    85.5%    291.6     0.2%     4.1%     0.1%     0.0%    10.3%     0.0%
Feb 21 10:28:24     71.8    17526720      300    85.5%    291.6     0.2%     4.1%     0.1%     0.0%    10.3%     0.0%
Feb 21 10:29:24     71.7    18690309      300    85.5%    291.6     0.2%     4.1%     0.1%     0.0%    10.3%     0.0%
Feb 21 10:30:24     71.5    19853928      300    85.5%    291.6     0.2%     4.1%     0.1%     0.0%    10.3%     0.0%
Feb 21 10:31:26     71.0    20934420      300    85.5%    291.6     0.2%     4.1%     0.1%     0.0%    10.3%     0.0%
Feb 21 10:32:28     71.0    22139595      300    85.5%    291.6     0.2%     4.1%     0.1%     0.0%    10.4%     0.0%
Feb 21 10:33:28     70.7    23220087      300    85.5%    291.6     0.2%     4.1%     0.1%     0.0%    10.4%     0.0%
Feb 21 10:34:31     70.5    24383687      300    85.5%    291.6     0.2%     4.1%     0.1%     0.0%    10.4%     0.0%
Feb 21 10:35:31     70.3    25505729      300    85.5%    291.6     0.2%     4.1%     0.1%     0.0%    10.4%     0.0%
Feb 21 10:36:35     69.8    26544667      300    85.5%    291.6     0.2%     4.1%     0.1%     0.0%    10.4%     0.0%
Feb 21 10:37:36     69.4    27583590      300    85.5%    291.6     0.2%     4.1%     0.1%     0.0%    10.4%     0.0%
Feb 21 10:38:37     69.5    28788730      300    85.5%    291.6     0.2%     4.1%     0.1%     0.0%    10.4%     0.0%
Feb 21 10:39:37     69.5    29952326      300    85.4%    291.6     0.2%     4.1%     0.1%     0.0%    10.4%     0.0%
Feb 21 10:40:39     69.1    30991245      300    85.4%    291.6     0.2%     4.1%     0.1%     0.0%    10.4%     0.0%
Feb 21 10:41:43     68.8    32071722      300    85.4%    291.5     0.2%     4.1%     0.1%     0.0%    10.4%     0.0%
Feb 21 10:42:44     68.6    33152205      300    85.4%    291.5     0.2%     4.1%     0.1%     0.0%    10.4%     0.0%
Feb 21 10:43:45     68.3    34149576      300    85.4%    291.5     0.2%     4.1%     0.1%     0.0%    10.4%     0.0%
Feb 21 10:44:45     68.4    35354727      300    85.4%    291.5     0.2%     4.1%     0.1%     0.0%    10.4%     0.0%
Feb 21 10:45:46     68.3    36435213      300    85.4%    291.5     0.2%     4.1%     0.1%     0.0%    10.4%     0.0%
Feb 21 10:46:52     68.0    37515675      300    85.4%    291.5     0.2%     4.1%     0.1%     0.0%    10.4%     0.0%
Feb 21 10:47:54     67.8    38596134      300    85.4%    291.5     0.2%     4.1%     0.1%     0.0%    10.4%     0.0%
Feb 21 10:48:54     68.0    39842820      300    85.4%    291.5     0.2%     4.1%     0.1%     0.0%    10.5%     0.0%
Feb 21 10:49:55     68.0    40964860      300    85.4%    291.5     0.2%     4.1%     0.1%     0.0%    10.5%     0.0%
Feb 21 10:50:55     68.0    42128444      300    85.4%    291.5     0.2%     4.1%     0.1%     0.0%    10.5%     0.0%
Feb 21 10:51:57     67.9    43208923      300    85.4%    291.5     0.2%     4.1%     0.1%     0.0%    10.5%     0.0%
Feb 21 10:52:59     67.8    44330954      300    85.4%    291.5     0.2%     4.1%     0.1%     0.0%    10.5%     0.0%
Feb 21 10:53:59	Finished 1st pass mapping
Feb 21 11:02:10     24.5      543598      300    84.8%    291.4     0.2%     4.4%     0.0%     0.0%    10.6%     0.1%
Feb 21 11:03:17     30.7     1253315      300    85.0%    291.5     0.2%     4.4%     0.0%     0.0%    10.4%     0.1%
Feb 21 11:04:20     33.6     1961743      300    85.1%    291.5     0.2%     4.4%     0.0%     0.0%    10.4%     0.1%
Feb 21 11:05:26     34.3     2628532      300    85.2%    291.6     0.2%     4.4%     0.0%     0.0%    10.3%     0.0%
Feb 21 11:06:32     36.4     3462026      300    85.2%    291.6     0.2%     4.5%     0.0%     0.0%    10.3%     0.0%
Feb 21 11:07:33     37.3     4170483      300    85.1%    291.6     0.2%     4.5%     0.0%     0.0%    10.3%     0.0%
Feb 21 11:08:35     37.8     4878916      300    85.1%    291.6     0.2%     4.5%     0.0%     0.0%    10.3%     0.0%
Feb 21 11:09:36     38.0     5545708      300    85.1%    291.6     0.2%     4.5%     0.0%     0.0%    10.3%     0.0%
Feb 21 11:10:36     38.2     6212491      300    85.1%    291.6     0.2%     4.5%     0.0%     0.0%    10.3%     0.0%
Feb 21 11:11:43     38.6     7004297      300    85.2%    291.6     0.2%     4.5%     0.0%     0.0%    10.3%     0.0%
Feb 21 11:12:44     38.7     7671089      300    85.1%    291.6     0.2%     4.5%     0.0%     0.0%    10.3%     0.0%
Feb 21 11:13:50     38.9     8421228      300    85.1%    291.6     0.2%     4.5%     0.0%     0.0%    10.3%     0.0%
Feb 21 11:14:51     39.4     9213044      300    85.1%    291.6     0.2%     4.5%     0.0%     0.0%    10.3%     0.0%
Feb 21 11:15:52     39.4     9879816      300    85.1%    291.6     0.2%     4.5%     0.0%     0.0%    10.3%     0.0%
Feb 21 11:16:55     39.6    10628195      300    85.1%    291.6     0.2%     4.5%     0.0%     0.0%    10.3%     0.0%
Feb 21 11:17:56     40.4    11500924      300    85.1%    291.6     0.2%     4.5%     0.0%     0.0%    10.3%     0.0%
Feb 21 11:19:02     40.4    12248956      300    85.1%    291.6     0.2%     4.5%     0.0%     0.0%    10.3%     0.0%
Feb 21 11:20:04     40.7    13038543      300    85.1%    291.6     0.2%     4.5%     0.0%     0.0%    10.3%     0.0%
Feb 21 11:21:06     41.1    13869701      300    85.1%    291.6     0.2%     4.5%     0.0%     0.0%    10.3%     0.0%
Feb 21 11:22:06     41.4    14659279      300    85.1%    291.6     0.2%     4.5%     0.0%     0.0%    10.3%     0.0%
Feb 21 11:23:09     41.2    15324198      300    85.1%    291.6     0.2%     4.5%     0.0%     0.0%    10.3%     0.0%
Feb 21 11:24:09     41.5    16113780      300    85.1%    291.6     0.2%     4.5%     0.0%     0.0%    10.3%     0.0%
Feb 21 11:25:10     41.3    16737150      300    85.1%    291.6     0.2%     4.5%     0.0%     0.0%    10.3%     0.0%
Feb 21 11:26:19     41.6    17651391      300    85.1%    291.6     0.2%     4.5%     0.0%     0.0%    10.3%     0.0%
Feb 21 11:27:20     41.4    18274741      300    85.1%    291.6     0.2%     4.5%     0.0%     0.0%    10.3%     0.0%
Feb 21 11:28:22     41.8    19189008      300    85.1%    291.6     0.2%     4.5%     0.0%     0.0%    10.3%     0.0%
Feb 21 11:29:22     42.3    20103277      300    85.1%    291.6     0.2%     4.5%     0.0%     0.0%    10.3%     0.0%
Feb 21 11:30:28     42.6    21059078      300    85.1%    291.6     0.2%     4.5%     0.0%     0.0%    10.3%     0.0%
Feb 21 11:31:28     42.9    21890252      300    85.1%    291.6     0.2%     4.5%     0.0%     0.0%    10.3%     0.0%
Feb 21 11:32:31     43.2    22804502      300    85.1%    291.6     0.2%     4.5%     0.0%     0.0%    10.3%     0.0%
Feb 21 11:33:41     43.4    23760326      300    85.1%    291.6     0.2%     4.5%     0.0%     0.0%    10.3%     0.0%
Feb 21 11:34:41     43.8    24716148      300    85.1%    291.6     0.2%     4.5%     0.0%     0.0%    10.3%     0.0%
Feb 21 11:35:42     44.2    25671966      300    85.1%    291.6     0.2%     4.5%     0.0%     0.0%    10.3%     0.0%
Feb 21 11:36:42     44.5    26586230      300    85.1%    291.6     0.2%     4.5%     0.0%     0.0%    10.3%     0.0%
Feb 21 11:37:42     44.8    27500476      300    85.1%    291.6     0.2%     4.5%     0.0%     0.0%    10.3%     0.0%
Feb 21 11:38:43     45.2    28539388      300    85.1%    291.6     0.2%     4.5%     0.0%     0.0%    10.4%     0.0%
Feb 21 11:39:44     45.7    29619862      300    85.1%    291.6     0.2%     4.5%     0.0%     0.0%    10.4%     0.0%
Feb 21 11:40:44     46.4    30866569      300    85.1%    291.6     0.2%     4.5%     0.0%     0.0%    10.4%     0.0%
Feb 21 11:41:51     46.6    31822378      300    85.1%    291.5     0.2%     4.5%     0.0%     0.0%    10.4%     0.0%
Feb 21 11:42:53     46.8    32778189      300    85.0%    291.5     0.2%     4.5%     0.0%     0.0%    10.4%     0.0%
Feb 21 11:43:56     47.0    33734008      300    85.0%    291.5     0.2%     4.5%     0.0%     0.0%    10.4%     0.0%
Feb 21 11:45:00     46.9    34523601      300    85.0%    291.5     0.2%     4.5%     0.0%     0.0%    10.4%     0.0%
Feb 21 11:46:06     47.0    35437845      300    85.0%    291.5     0.2%     4.5%     0.0%     0.0%    10.4%     0.0%
Feb 21 11:47:06     47.1    36352095      300    85.0%    291.5     0.2%     4.5%     0.0%     0.0%    10.4%     0.0%
Feb 21 11:48:11     47.1    37183228      300    85.0%    291.5     0.2%     4.5%     0.0%     0.0%    10.4%     0.0%
Feb 21 11:49:13     47.2    38097461      300    85.0%    291.5     0.2%     4.5%     0.0%     0.0%    10.4%     0.0%
Feb 21 11:50:15     47.1    38803920      300    85.0%    291.5     0.2%     4.5%     0.0%     0.0%    10.4%     0.0%
Feb 21 11:51:23     47.1    39718158      300    85.0%    291.5     0.2%     4.5%     0.0%     0.0%    10.4%     0.0%
Feb 21 11:52:26     47.2    40549291      300    85.0%    291.5     0.2%     4.5%     0.0%     0.0%    10.4%     0.0%
Feb 21 11:53:27     47.2    41380415      300    85.0%    291.5     0.2%     4.5%     0.0%     0.0%    10.4%     0.0%
Feb 21 11:54:28     47.3    42253116      300    85.0%    291.5     0.2%     4.5%     0.0%     0.0%    10.4%     0.0%
Feb 21 11:55:32     47.3    43084249      300    85.0%    291.5     0.2%     4.5%     0.0%     0.0%    10.4%     0.0%
Feb 21 11:56:35     47.3    43915385      300    85.0%    291.5     0.2%     4.5%     0.0%     0.0%    10.5%     0.0%
Feb 21 11:57:36     47.3    44788077      300    85.0%    291.5     0.2%     4.5%     0.0%     0.0%    10.5%     0.0%
ALL DONE!
