                                 Started job on |	Feb 21 10:08:14
                             Started mapping on |	Feb 21 11:00:50
                                    Finished on |	Feb 21 11:58:13
       Mapping speed, Million of reads per hour |	47.24

                          Number of input reads |	45178447
                      Average input read length |	300
                                    UNIQUE READS:
                   Uniquely mapped reads number |	38396604
                        Uniquely mapped reads % |	84.99%
                          Average mapped length |	291.48
                       Number of splices: Total |	53677787
            Number of splices: Annotated (sjdb) |	53645154
                       Number of splices: GT/AG |	52977151
                       Number of splices: GC/AG |	601452
                       Number of splices: AT/AC |	62735
               Number of splices: Non-canonical |	36449
                      Mismatch rate per base, % |	0.19%
                         Deletion rate per base |	0.01%
                        Deletion average length |	2.36
                        Insertion rate per base |	0.01%
                       Insertion average length |	2.06
                             MULTI-MAPPING READS:
        Number of reads mapped to multiple loci |	2018338
             % of reads mapped to multiple loci |	4.47%
        Number of reads mapped to too many loci |	20284
             % of reads mapped to too many loci |	0.04%
                                  UNMAPPED READS:
  Number of reads unmapped: too many mismatches |	0
       % of reads unmapped: too many mismatches |	0.00%
            Number of reads unmapped: too short |	4720994
                 % of reads unmapped: too short |	10.45%
                Number of reads unmapped: other |	22227
                     % of reads unmapped: other |	0.05%
                                  CHIMERIC READS:
                       Number of chimeric reads |	0
                            % of chimeric reads |	0.00%
