           Time    Speed        Read     Read   Mapped   Mapped   Mapped   Mapped Unmapped Unmapped Unmapped Unmapped
                    M/hr      number   length   unique   length   MMrate    multi   multi+       MM    short    other
Feb 21 08:33:10	Started 1st pass mapping
Feb 21 08:33:45      4.3       41784      300    88.9%    295.1     0.2%     3.8%     0.0%     0.0%     7.2%     0.0%
Feb 21 08:34:50     36.1     1003305      300    89.0%    295.3     0.2%     3.8%     0.0%     0.0%     7.1%     0.0%
Feb 21 08:35:51     39.2     1753407      300    89.2%    295.3     0.2%     3.8%     0.0%     0.0%     7.0%     0.0%
Feb 21 08:36:52     41.9     2586880      300    89.2%    295.4     0.2%     3.8%     0.0%     0.0%     6.9%     0.0%
Feb 21 08:37:59     44.2     3545391      300    89.3%    295.4     0.2%     3.8%     0.0%     0.0%     6.8%     0.0%
Feb 21 08:39:01     45.8     4462212      300    89.2%    295.4     0.2%     3.8%     0.0%     0.0%     6.9%     0.0%
Feb 21 08:40:02     44.8     5128991      300    89.2%    295.4     0.2%     3.8%     0.0%     0.0%     6.9%     0.0%
Feb 21 08:41:09     45.4     6045827      300    89.2%    295.4     0.2%     3.8%     0.0%     0.0%     6.9%     0.0%
Feb 21 08:42:12     46.0     6920979      300    89.2%    295.4     0.2%     3.8%     0.0%     0.0%     6.9%     0.0%
Feb 21 08:43:13     46.5     7796131      300    89.2%    295.4     0.2%     3.9%     0.0%     0.0%     6.9%     0.0%
Feb 21 08:44:16     46.6     8629605      300    89.2%    295.4     0.2%     3.8%     0.0%     0.0%     6.9%     0.0%
Feb 21 08:45:16     47.5     9588123      300    89.2%    295.4     0.2%     3.9%     0.0%     0.0%     6.9%     0.0%
Feb 21 08:46:25     47.4    10461985      300    89.2%    295.4     0.2%     3.9%     0.0%     0.0%     6.9%     0.0%
Feb 21 08:47:26     47.5    11293130      300    89.2%    295.4     0.2%     3.9%     0.0%     0.0%     6.9%     0.0%
Feb 21 08:48:28     48.2    12290530      300    89.2%    295.4     0.2%     3.9%     0.0%     0.0%     6.9%     0.0%
Feb 21 08:49:30     47.9    13038562      300    89.2%    295.4     0.2%     3.9%     0.0%     0.0%     6.9%     0.0%
Feb 21 08:50:35     47.6    13828165      300    89.2%    295.4     0.2%     3.9%     0.0%     0.0%     6.9%     0.0%
Feb 21 08:51:41     48.0    14825535      300    89.2%    295.4     0.2%     3.9%     0.0%     0.0%     6.9%     0.0%
Feb 21 08:52:49     48.3    15822895      300    89.2%    295.4     0.2%     3.9%     0.0%     0.0%     6.9%     0.0%
Feb 21 08:53:53     48.7    16820270      300    89.2%    295.4     0.2%     3.9%     0.0%     0.0%     6.9%     0.0%
Feb 21 08:54:56     48.5    17609859      300    89.2%    295.4     0.2%     3.9%     0.0%     0.0%     6.9%     0.0%
Feb 21 08:55:56     48.6    18440999      300    89.2%    295.4     0.2%     3.9%     0.0%     0.0%     6.9%     0.0%
Feb 21 08:56:57     48.6    19272147      300    89.2%    295.4     0.2%     3.9%     0.0%     0.0%     6.9%     0.0%
Feb 21 08:57:57     48.9    20186409      300    89.2%    295.4     0.2%     3.9%     0.0%     0.0%     6.9%     0.0%
Feb 21 08:58:57     49.2    21142237      300    89.2%    295.4     0.2%     3.9%     0.0%     0.0%     6.9%     0.0%
Feb 21 09:00:00     48.9    21890265      300    89.2%    295.4     0.2%     3.9%     0.0%     0.0%     6.9%     0.0%
Feb 21 09:01:01     49.2    22846093      300    89.2%    295.4     0.2%     3.9%     0.0%     0.0%     6.9%     0.0%
Feb 21 09:02:02     49.4    23760339      300    89.2%    295.4     0.2%     3.9%     0.0%     0.0%     6.9%     0.0%
Feb 21 09:03:10     49.6    24799291      300    89.2%    295.4     0.2%     3.9%     0.0%     0.0%     6.9%     0.0%
Feb 21 09:04:13     49.9    25838223      300    89.2%    295.4     0.2%     3.9%     0.0%     0.0%     6.9%     0.0%
Feb 21 09:05:20     50.1    26877152      300    89.2%    295.4     0.2%     3.9%     0.0%     0.0%     6.9%     0.0%
Feb 21 09:06:20     50.4    27874509      300    89.2%    295.4     0.2%     3.9%     0.0%     0.0%     6.9%     0.0%
Feb 21 09:07:23     50.6    28830329      300    89.2%    295.4     0.2%     3.9%     0.0%     0.0%     6.9%     0.0%
Feb 21 09:08:26     50.7    29786126      300    89.2%    295.4     0.2%     3.9%     0.0%     0.0%     6.9%     0.0%
Feb 21 09:09:26     50.7    30617259      300    89.2%    295.4     0.2%     3.9%     0.0%     0.0%     6.9%     0.0%
Feb 21 09:10:31     50.5    31448398      300    89.1%    295.3     0.2%     3.9%     0.0%     0.0%     6.9%     0.0%
Feb 21 09:11:38     50.5    32404201      300    89.1%    295.3     0.2%     3.9%     0.0%     0.0%     6.9%     0.0%
Feb 21 09:12:41     50.7    33401577      300    89.1%    295.3     0.2%     3.9%     0.0%     0.0%     7.0%     0.0%
Feb 21 09:13:41     51.2    34565182      300    89.1%    295.3     0.2%     3.9%     0.0%     0.0%     7.0%     0.0%
Feb 21 09:14:41     51.5    35645661      300    89.1%    295.3     0.2%     3.9%     0.0%     0.0%     7.0%     0.0%
Feb 21 09:15:42     52.3    37058589      300    89.1%    295.3     0.2%     3.9%     0.0%     0.0%     7.0%     0.0%
Feb 21 09:16:42     52.6    38139043      300    89.1%    295.3     0.2%     3.9%     0.0%     0.0%     7.0%     0.0%
Feb 21 09:17:43     53.0    39344168      300    89.1%    295.3     0.2%     3.9%     0.0%     0.0%     7.0%     0.0%
Feb 21 09:18:44     53.2    40424643      300    89.1%    295.3     0.2%     3.9%     0.0%     0.0%     7.0%     0.0%
Feb 21 09:19:45     53.5    41505118      300    89.1%    295.3     0.2%     3.9%     0.0%     0.0%     7.0%     0.0%
Feb 21 09:20:47     53.4    42377820      300    89.1%    295.3     0.2%     3.9%     0.0%     0.0%     7.0%     0.0%
Feb 21 09:21:47     53.4    43250490      300    89.1%    295.3     0.2%     3.9%     0.0%     0.0%     7.0%     0.0%
Feb 21 09:22:48     53.3    44123176      300    89.1%    295.3     0.2%     3.9%     0.0%     0.0%     7.0%     0.0%
Feb 21 09:23:51     53.3    45037430      300    89.1%    295.3     0.2%     3.9%     0.0%     0.0%     7.0%     0.0%
Feb 21 09:24:51     53.3    45910120      300    89.0%    295.3     0.2%     3.9%     0.0%     0.0%     7.0%     0.0%
Feb 21 09:25:33	Finished 1st pass mapping
Feb 21 09:34:28     27.6      460022      300    88.4%    295.2     0.2%     4.2%     0.0%     0.0%     7.3%     0.1%
Feb 21 09:35:33     27.7      961514      300    88.5%    295.3     0.2%     4.2%     0.0%     0.0%     7.1%     0.1%
Feb 21 09:36:34     33.1     1711726      300    88.7%    295.3     0.2%     4.2%     0.0%     0.0%     7.0%     0.1%
Feb 21 09:37:35     34.1     2336845      300    88.8%    295.4     0.2%     4.2%     0.0%     0.0%     6.9%     0.1%
Feb 21 09:38:39     35.7     3086976      300    88.8%    295.4     0.2%     4.2%     0.0%     0.0%     6.8%     0.1%
Feb 21 09:39:44     36.3     3795443      300    88.8%    295.4     0.2%     4.2%     0.0%     0.0%     6.8%     0.1%
Feb 21 09:40:48     37.2     4545561      300    88.8%    295.4     0.2%     4.2%     0.0%     0.0%     6.9%     0.1%
Feb 21 09:41:49     38.1     5295701      300    88.8%    295.4     0.2%     4.2%     0.0%     0.0%     6.9%     0.1%
Feb 21 09:42:49     38.5     6004155      300    88.8%    295.4     0.2%     4.2%     0.0%     0.0%     6.9%     0.1%
Feb 21 09:43:52     38.7     6712601      300    88.8%    295.4     0.2%     4.2%     0.0%     0.0%     6.8%     0.1%
Feb 21 09:44:58     38.5     7379416      300    88.8%    295.4     0.2%     4.2%     0.0%     0.0%     6.9%     0.1%
Feb 21 09:46:02     38.0     7962849      300    88.8%    295.4     0.2%     4.2%     0.0%     0.0%     6.9%     0.1%
Feb 21 09:47:06     37.8     8587950      300    88.8%    295.4     0.2%     4.2%     0.0%     0.0%     6.9%     0.1%
Feb 21 09:48:06     37.4     9129722      300    88.8%    295.4     0.2%     4.2%     0.0%     0.0%     6.9%     0.1%
Feb 21 09:49:10     37.8     9879843      300    88.8%    295.4     0.2%     4.2%     0.0%     0.0%     6.9%     0.1%
Feb 21 09:50:12     37.5    10461997      300    88.8%    295.4     0.2%     4.2%     0.0%     0.0%     6.9%     0.1%
Feb 21 09:51:14     37.3    11043785      300    88.8%    295.4     0.2%     4.2%     0.0%     0.0%     6.9%     0.1%
Feb 21 09:52:14     37.6    11750263      300    88.8%    295.4     0.2%     4.2%     0.0%     0.0%     6.9%     0.1%
Feb 21 09:53:25     37.5    12456745      300    88.8%    295.4     0.2%     4.2%     0.0%     0.0%     6.9%     0.1%
Feb 21 09:54:25     37.5    13080116      300    88.8%    295.4     0.2%     4.2%     0.0%     0.0%     6.9%     0.1%
Feb 21 09:55:28     37.0    13578818      300    88.8%    295.4     0.2%     4.2%     0.0%     0.0%     6.8%     0.1%
Feb 21 09:56:29     37.2    14285296      300    88.8%    295.4     0.2%     4.2%     0.0%     0.0%     6.8%     0.1%
Feb 21 09:57:31     37.1    14867087      300    88.8%    295.4     0.2%     4.2%     0.0%     0.0%     6.9%     0.1%
Feb 21 09:58:31     36.9    15407322      300    88.8%    295.4     0.2%     4.2%     0.0%     0.0%     6.9%     0.1%
Feb 21 09:59:36     36.8    16030669      300    88.8%    295.4     0.2%     4.2%     0.0%     0.0%     6.9%     0.1%
Feb 21 10:00:37     36.8    16654038      300    88.8%    295.4     0.2%     4.2%     0.0%     0.0%     6.9%     0.1%
Feb 21 10:01:42     36.9    17360512      300    88.8%    295.4     0.2%     4.2%     0.0%     0.0%     6.8%     0.1%
Feb 21 10:02:52     36.6    17942318      300    88.8%    295.4     0.2%     4.2%     0.0%     0.0%     6.9%     0.1%
Feb 21 10:03:53     36.7    18607238      300    88.8%    295.4     0.2%     4.2%     0.0%     0.0%     6.9%     0.1%
Feb 21 10:04:54     36.5    19147472      300    88.8%    295.4     0.2%     4.2%     0.0%     0.0%     6.9%     0.1%
Feb 21 10:05:56     36.8    19937060      300    88.8%    295.4     0.2%     4.2%     0.0%     0.0%     6.9%     0.1%
Feb 21 10:06:57     36.8    20518858      300    88.8%    295.4     0.2%     4.2%     0.0%     0.0%     6.9%     0.1%
Feb 21 10:08:00     36.7    21142237      300    88.8%    295.4     0.2%     4.2%     0.0%     0.0%     6.9%     0.1%
Feb 21 10:09:02     36.9    21890265      300    88.8%    295.4     0.2%     4.2%     0.0%     0.0%     6.9%     0.1%
Feb 21 10:10:04     37.2    22679839      300    88.8%    295.4     0.2%     4.2%     0.0%     0.0%     6.9%     0.1%
Feb 21 10:11:05     37.2    23344771      300    88.8%    295.4     0.2%     4.2%     0.0%     0.0%     6.9%     0.1%
Feb 21 10:12:12     37.2    24009694      300    88.8%    295.4     0.2%     4.2%     0.0%     0.0%     6.9%     0.1%
Feb 21 10:13:16     37.5    24882397      300    88.8%    295.4     0.2%     4.2%     0.0%     0.0%     6.9%     0.1%
Feb 21 10:14:17     37.7    25671985      300    88.8%    295.4     0.2%     4.2%     0.0%     0.0%     6.9%     0.1%
Feb 21 10:15:17     38.0    26503133      300    88.8%    295.4     0.2%     4.3%     0.0%     0.0%     6.9%     0.1%
Feb 21 10:16:19     38.1    27209603      300    88.8%    295.4     0.2%     4.2%     0.0%     0.0%     6.9%     0.1%
Feb 21 10:17:19     38.4    28040749      300    88.8%    295.4     0.2%     4.3%     0.0%     0.0%     6.9%     0.1%
Feb 21 10:18:21     38.5    28830329      300    88.8%    295.4     0.2%     4.3%     0.0%     0.0%     6.9%     0.1%
Feb 21 10:19:29     38.6    29619893      300    88.8%    295.4     0.2%     4.3%     0.0%     0.0%     6.9%     0.1%
Feb 21 10:20:32     39.0    30575708      300    88.8%    295.4     0.2%     4.3%     0.0%     0.0%     6.9%     0.1%
Feb 21 10:21:40     38.8    31199067      300    88.7%    295.3     0.2%     4.3%     0.0%     0.0%     6.9%     0.1%
Feb 21 10:22:43     38.9    31905522      300    88.7%    295.3     0.2%     4.3%     0.0%     0.0%     6.9%     0.1%
Feb 21 10:23:44     38.8    32487323      300    88.7%    295.3     0.2%     4.3%     0.0%     0.0%     6.9%     0.1%
Feb 21 10:24:50     38.9    33276907      300    88.7%    295.3     0.2%     4.3%     0.0%     0.0%     6.9%     0.1%
Feb 21 10:25:50     38.9    33983375      300    88.7%    295.3     0.2%     4.3%     0.0%     0.0%     6.9%     0.1%
Feb 21 10:26:51     39.1    34814519      300    88.7%    295.3     0.2%     4.3%     0.0%     0.0%     6.9%     0.1%
Feb 21 10:27:52     39.1    35479424      300    88.7%    295.3     0.2%     4.3%     0.0%     0.0%     6.9%     0.1%
Feb 21 10:28:54     39.1    36102778      300    88.7%    295.3     0.2%     4.3%     0.0%     0.0%     7.0%     0.1%
Feb 21 10:29:54     39.1    36809247      300    88.7%    295.3     0.2%     4.3%     0.0%     0.0%     7.0%     0.1%
Feb 21 10:30:54     39.2    37515709      300    88.7%    295.3     0.2%     4.3%     0.0%     0.0%     7.0%     0.1%
Feb 21 10:31:54     39.1    38055925      300    88.7%    295.3     0.2%     4.3%     0.0%     0.0%     7.0%     0.1%
Feb 21 10:32:58     39.0    38720830      300    88.7%    295.3     0.2%     4.3%     0.0%     0.0%     7.0%     0.1%
Feb 21 10:33:59     39.0    39385738      300    88.7%    295.3     0.2%     4.3%     0.0%     0.0%     7.0%     0.1%
Feb 21 10:35:04     39.0    40050635      300    88.7%    295.3     0.2%     4.3%     0.0%     0.0%     7.0%     0.1%
Feb 21 10:36:04     38.9    40590883      300    88.7%    295.3     0.2%     4.3%     0.0%     0.0%     7.0%     0.1%
Feb 21 10:37:07     38.9    41255773      300    88.7%    295.3     0.2%     4.3%     0.0%     0.0%     7.0%     0.1%
Feb 21 10:38:13     38.8    41879136      300    88.7%    295.3     0.2%     4.3%     0.0%     0.0%     7.0%     0.1%
Feb 21 10:39:15     38.8    42585590      300    88.7%    295.3     0.2%     4.3%     0.0%     0.0%     7.0%     0.1%
Feb 21 10:40:17     38.8    43167382      300    88.7%    295.3     0.2%     4.3%     0.0%     0.0%     7.0%     0.1%
Feb 21 10:41:17     38.7    43749168      300    88.7%    295.3     0.2%     4.3%     0.0%     0.0%     7.0%     0.1%
Feb 21 10:42:19     38.6    44330959      300    88.6%    295.3     0.2%     4.3%     0.0%     0.0%     7.0%     0.1%
Feb 21 10:43:20     38.6    44954307      300    88.6%    295.3     0.2%     4.3%     0.0%     0.0%     7.0%     0.1%
Feb 21 10:44:21     38.6    45577669      300    88.6%    295.3     0.2%     4.3%     0.0%     0.0%     7.0%     0.1%
Feb 21 10:45:22     38.6    46257959      300    88.6%    295.3     0.2%     4.3%     0.0%     0.0%     7.0%     0.1%
ALL DONE!
