                                 Started job on |	Feb 21 08:28:36
                             Started mapping on |	Feb 21 09:33:28
                                    Finished on |	Feb 21 10:46:03
       Mapping speed, Million of reads per hour |	38.38

                          Number of input reads |	46424193
                      Average input read length |	300
                                    UNIQUE READS:
                   Uniquely mapped reads number |	41152738
                        Uniquely mapped reads % |	88.65%
                          Average mapped length |	295.29
                       Number of splices: Total |	57204154
            Number of splices: Annotated (sjdb) |	57170762
                       Number of splices: GT/AG |	56464945
                       Number of splices: GC/AG |	634270
                       Number of splices: AT/AC |	67634
               Number of splices: Non-canonical |	37305
                      Mismatch rate per base, % |	0.19%
                         Deletion rate per base |	0.01%
                        Deletion average length |	2.37
                        Insertion rate per base |	0.01%
                       Insertion average length |	2.06
                             MULTI-MAPPING READS:
        Number of reads mapped to multiple loci |	1976039
             % of reads mapped to multiple loci |	4.26%
        Number of reads mapped to too many loci |	15787
             % of reads mapped to too many loci |	0.03%
                                  UNMAPPED READS:
  Number of reads unmapped: too many mismatches |	0
       % of reads unmapped: too many mismatches |	0.00%
            Number of reads unmapped: too short |	3252283
                 % of reads unmapped: too short |	7.01%
                Number of reads unmapped: other |	27346
                     % of reads unmapped: other |	0.06%
                                  CHIMERIC READS:
                       Number of chimeric reads |	0
                            % of chimeric reads |	0.00%
