           Time    Speed        Read     Read   Mapped   Mapped   Mapped   Mapped Unmapped Unmapped Unmapped Unmapped
                    M/hr      number   length   unique   length   MMrate    multi   multi+       MM    short    other
Feb 21 08:33:33	Started 1st pass mapping
Feb 21 08:34:03      5.0       41788      300    88.7%    295.1     0.2%     3.8%     0.0%     0.0%     7.5%     0.0%
Feb 21 08:35:03     41.8     1044936      300    88.8%    295.2     0.2%     3.9%     0.0%     0.0%     7.2%     0.0%
Feb 21 08:36:06     49.1     2086762      300    89.0%    295.2     0.2%     3.9%     0.0%     0.0%     7.1%     0.0%
Feb 21 08:37:10     54.0     3253614      300    89.0%    295.2     0.2%     3.9%     0.0%     0.0%     7.1%     0.0%
Feb 21 08:38:17     56.0     4420455      300    89.0%    295.2     0.2%     3.9%     0.0%     0.0%     7.1%     0.0%
Feb 21 08:39:24     56.9     5545629      300    89.0%    295.3     0.2%     3.9%     0.0%     0.0%     7.0%     0.0%
Feb 21 08:40:24     59.5     6795811      300    89.0%    295.3     0.2%     3.9%     0.0%     0.0%     7.0%     0.0%
Feb 21 08:41:27     60.2     7920984      300    89.1%    295.3     0.2%     3.9%     0.0%     0.0%     7.0%     0.0%
Feb 21 08:42:27     61.3     9087811      300    89.0%    295.3     0.2%     3.9%     0.0%     0.0%     7.0%     0.0%
Feb 21 08:43:33     61.8    10295489      300    89.0%    295.3     0.2%     3.9%     0.0%     0.0%     7.0%     0.0%
Feb 21 08:44:35     62.5    11500625      300    89.0%    295.3     0.2%     3.9%     0.0%     0.0%     7.0%     0.0%
Feb 21 08:45:37     63.4    12747318      300    89.0%    295.2     0.2%     3.9%     0.0%     0.0%     7.0%     0.0%
Feb 21 08:46:40     63.6    13910893      300    89.0%    295.2     0.2%     3.9%     0.0%     0.0%     7.0%     0.0%
Feb 21 08:47:41     63.6    14991362      300    89.0%    295.2     0.2%     3.9%     0.0%     0.0%     7.0%     0.0%
Feb 21 08:48:42     64.5    16279608      300    89.0%    295.2     0.2%     3.9%     0.0%     0.0%     7.0%     0.0%
Feb 21 08:49:42     64.8    17443199      300    89.0%    295.2     0.2%     3.9%     0.0%     0.0%     7.0%     0.0%
Feb 21 08:50:43     65.2    18648351      300    89.0%    295.2     0.2%     3.9%     0.0%     0.0%     7.0%     0.0%
Feb 21 08:51:44     65.5    19853495      300    89.0%    295.2     0.2%     3.9%     0.0%     0.0%     7.0%     0.0%
Feb 21 08:52:52     65.7    21141763      300    89.0%    295.3     0.2%     3.9%     0.0%     0.0%     7.0%     0.0%
Feb 21 08:53:54     66.0    22388461      300    89.0%    295.3     0.2%     3.9%     0.0%     0.0%     7.0%     0.0%
Feb 21 08:54:55     66.3    23593605      300    89.0%    295.3     0.2%     3.9%     0.0%     0.0%     7.0%     0.0%
Feb 21 08:55:55     66.3    24715622      300    89.0%    295.3     0.2%     3.9%     0.0%     0.0%     7.0%     0.0%
Feb 21 08:56:55     66.6    25920749      300    89.0%    295.3     0.2%     3.9%     0.0%     0.0%     7.0%     0.0%
Feb 21 08:57:55     66.6    27042779      300    89.0%    295.3     0.2%     3.9%     0.0%     0.0%     7.0%     0.0%
Feb 21 08:58:55     66.6    28164805      300    89.0%    295.2     0.2%     3.9%     0.0%     0.0%     7.0%     0.0%
Feb 21 08:59:57     66.7    29369934      300    89.0%    295.2     0.2%     3.9%     0.0%     0.0%     7.0%     0.0%
Feb 21 09:00:57     66.7    30450408      300    89.0%    295.2     0.2%     3.9%     0.0%     0.0%     7.0%     0.0%
Feb 21 09:01:37	Finished 1st pass mapping
Feb 21 09:07:36     29.2      543579      300    88.4%    295.1     0.2%     4.1%     0.0%     0.0%     7.4%     0.1%
Feb 21 09:08:41     43.3     1586689      300    88.7%    295.2     0.2%     4.1%     0.0%     0.0%     7.1%     0.1%
Feb 21 09:09:45     46.0     2503498      300    88.7%    295.2     0.2%     4.1%     0.0%     0.0%     7.1%     0.1%
Feb 21 09:10:46     45.6     3253615      300    88.7%    295.2     0.2%     4.1%     0.0%     0.0%     7.1%     0.1%
Feb 21 09:11:47     46.7     4128738      300    88.8%    295.2     0.2%     4.1%     0.0%     0.0%     7.0%     0.1%
Feb 21 09:12:49     50.2     5295588      300    88.8%    295.3     0.2%     4.1%     0.0%     0.0%     7.0%     0.1%
Feb 21 09:13:49     53.2     6504098      300    88.8%    295.3     0.2%     4.1%     0.0%     0.0%     7.0%     0.1%
Feb 21 09:14:49     54.6     7587608      300    88.8%    295.3     0.2%     4.1%     0.0%     0.0%     7.0%     0.1%
Feb 21 09:15:50     57.0     8879451      300    88.8%    295.3     0.2%     4.1%     0.0%     0.0%     7.0%     0.1%
Feb 21 09:16:50     58.7    10129260      300    88.8%    295.3     0.2%     4.1%     0.0%     0.0%     7.0%     0.1%
Feb 21 09:17:53     58.6    11126624      300    88.8%    295.3     0.2%     4.1%     0.0%     0.0%     7.0%     0.1%
Feb 21 09:18:55     58.7    12165535      300    88.8%    295.2     0.2%     4.1%     0.0%     0.0%     7.0%     0.1%
Feb 21 09:19:55     59.0    13204436      300    88.8%    295.2     0.2%     4.1%     0.0%     0.0%     7.0%     0.1%
Feb 21 09:20:57     58.9    14201793      300    88.8%    295.2     0.2%     4.1%     0.0%     0.0%     7.0%     0.1%
Feb 21 09:21:59     58.5    15116031      300    88.8%    295.2     0.2%     4.1%     0.0%     0.0%     7.0%     0.1%
Feb 21 09:22:59     58.4    16071827      300    88.8%    295.2     0.2%     4.1%     0.0%     0.0%     7.0%     0.1%
Feb 21 09:24:03     58.6    17152301      300    88.8%    295.2     0.2%     4.1%     0.0%     0.0%     7.0%     0.1%
Feb 21 09:25:04     58.2    18024994      300    88.8%    295.2     0.2%     4.1%     0.0%     0.0%     7.0%     0.1%
Feb 21 09:26:04     58.2    18980803      300    88.8%    295.2     0.2%     4.1%     0.0%     0.0%     7.0%     0.1%
Feb 21 09:27:06     58.3    20019719      300    88.8%    295.2     0.2%     4.1%     0.0%     0.0%     7.0%     0.1%
Feb 21 09:28:06     58.6    21100208      300    88.8%    295.3     0.2%     4.1%     0.0%     0.0%     7.0%     0.1%
Feb 21 09:29:09     58.7    22180681      300    88.8%    295.3     0.2%     4.1%     0.0%     0.0%     7.0%     0.1%
Feb 21 09:30:10     58.7    23178043      300    88.8%    295.3     0.2%     4.1%     0.0%     0.0%     7.0%     0.1%
Feb 21 09:31:14     58.9    24300054      300    88.8%    295.3     0.2%     4.1%     0.0%     0.0%     7.0%     0.1%
Feb 21 09:32:15     59.0    25338956      300    88.8%    295.3     0.2%     4.1%     0.0%     0.0%     7.0%     0.1%
Feb 21 09:33:16     59.3    26460982      300    88.8%    295.3     0.2%     4.1%     0.0%     0.0%     7.0%     0.1%
Feb 21 09:34:18     59.1    27416785      300    88.8%    295.3     0.2%     4.1%     0.0%     0.0%     7.0%     0.1%
Feb 21 09:35:21     59.1    28455701      300    88.8%    295.2     0.2%     4.1%     0.0%     0.0%     7.0%     0.1%
Feb 21 09:36:23     59.0    29411491      300    88.8%    295.2     0.2%     4.1%     0.0%     0.0%     7.0%     0.1%
Feb 21 09:37:27     59.0    30450409      300    88.8%    295.2     0.2%     4.1%     0.0%     0.0%     7.0%     0.1%
Feb 21 09:38:30     58.6    31264138      300    88.8%    295.2     0.2%     4.1%     0.0%     0.0%     7.0%     0.1%
ALL DONE!
