                                 Started job on |	Feb 21 08:28:36
                             Started mapping on |	Feb 21 09:06:29
                                    Finished on |	Feb 21 09:38:30
       Mapping speed, Million of reads per hour |	58.59

                          Number of input reads |	31264138
                      Average input read length |	300
                                    UNIQUE READS:
                   Uniquely mapped reads number |	27763412
                        Uniquely mapped reads % |	88.80%
                          Average mapped length |	295.25
                       Number of splices: Total |	38576128
            Number of splices: Annotated (sjdb) |	38556102
                       Number of splices: GT/AG |	38075370
                       Number of splices: GC/AG |	429214
                       Number of splices: AT/AC |	45360
               Number of splices: Non-canonical |	26184
                      Mismatch rate per base, % |	0.20%
                         Deletion rate per base |	0.01%
                        Deletion average length |	2.37
                        Insertion rate per base |	0.01%
                       Insertion average length |	2.05
                             MULTI-MAPPING READS:
        Number of reads mapped to multiple loci |	1279872
             % of reads mapped to multiple loci |	4.09%
        Number of reads mapped to too many loci |	10796
             % of reads mapped to too many loci |	0.03%
                                  UNMAPPED READS:
  Number of reads unmapped: too many mismatches |	0
       % of reads unmapped: too many mismatches |	0.00%
            Number of reads unmapped: too short |	2190754
                 % of reads unmapped: too short |	7.01%
                Number of reads unmapped: other |	19304
                     % of reads unmapped: other |	0.06%
                                  CHIMERIC READS:
                       Number of chimeric reads |	0
                            % of chimeric reads |	0.00%
