           Time    Speed        Read     Read   Mapped   Mapped   Mapped   Mapped Unmapped Unmapped Unmapped Unmapped
                    M/hr      number   length   unique   length   MMrate    multi   multi+       MM    short    other
Feb 21 08:32:58	Started 1st pass mapping
Feb 21 08:33:16      8.4       41918      300    88.7%    295.1     0.2%     3.8%     0.0%     0.0%     7.4%     0.0%
Feb 21 08:34:18     69.5     1545033      300    88.9%    295.2     0.2%     3.9%     0.0%     0.0%     7.2%     0.0%
Feb 21 08:35:18     74.0     2878615      300    89.0%    295.3     0.2%     3.9%     0.0%     0.0%     7.0%     0.0%
Feb 21 08:36:20     72.1     4045501      300    89.0%    295.3     0.2%     3.9%     0.0%     0.0%     7.0%     0.0%
Feb 21 08:37:21     71.9     5254037      300    89.0%    295.3     0.2%     3.9%     0.0%     0.0%     7.1%     0.0%
Feb 21 08:38:21     72.5     6504271      300    89.0%    295.3     0.2%     3.9%     0.0%     0.0%     7.0%     0.0%
Feb 21 08:39:25     70.2     7546112      300    89.0%    295.2     0.2%     3.9%     0.0%     0.0%     7.1%     0.0%
Feb 21 08:40:28     69.7     8712975      300    89.0%    295.2     0.2%     3.9%     0.0%     0.0%     7.1%     0.0%
Feb 21 08:41:28     70.0     9921531      300    89.0%    295.3     0.2%     3.9%     0.0%     0.0%     7.1%     0.0%
Feb 21 08:42:33     69.7    11126919      300    89.0%    295.2     0.2%     3.9%     0.0%     0.0%     7.1%     0.0%
Feb 21 08:43:35     69.7    12332082      300    89.0%    295.3     0.2%     3.9%     0.0%     0.0%     7.1%     0.0%
Feb 21 08:44:36     69.6    13495707      300    89.0%    295.3     0.2%     3.9%     0.0%     0.0%     7.0%     0.0%
Feb 21 08:45:36     69.4    14617762      300    89.0%    295.3     0.2%     3.9%     0.0%     0.0%     7.1%     0.0%
Feb 21 08:46:40     69.5    15864468      300    89.0%    295.3     0.2%     3.9%     0.0%     0.0%     7.1%     0.0%
Feb 21 08:47:41     69.4    17028075      300    89.0%    295.3     0.2%     3.9%     0.0%     0.0%     7.1%     0.0%
Feb 21 08:48:44     69.4    18233226      300    89.0%    295.3     0.2%     3.9%     0.0%     0.0%     7.1%     0.0%
Feb 21 08:49:46     69.0    19313736      300    89.0%    295.2     0.2%     3.9%     0.0%     0.0%     7.1%     0.0%
Feb 21 08:50:48     69.2    20560452      300    89.0%    295.2     0.2%     3.9%     0.0%     0.0%     7.1%     0.0%
Feb 21 08:51:51     69.3    21807180      300    89.0%    295.2     0.2%     3.9%     0.0%     0.0%     7.1%     0.0%
Feb 21 08:52:51     69.6    23053900      300    89.0%    295.2     0.2%     3.9%     0.0%     0.0%     7.1%     0.0%
Feb 21 08:53:51     69.3    24134382      300    89.0%    295.2     0.2%     3.9%     0.0%     0.0%     7.1%     0.0%
Feb 21 08:54:51     69.2    25256440      300    89.0%    295.2     0.2%     3.9%     0.0%     0.0%     7.1%     0.0%
Feb 21 08:55:51     69.2    26378473      300    89.0%    295.2     0.2%     3.9%     0.0%     0.0%     7.1%     0.0%
Feb 21 08:56:51     69.4    27625187      300    89.0%    295.2     0.2%     3.9%     0.0%     0.0%     7.1%     0.0%
Feb 21 08:57:53     69.3    28788774      300    89.0%    295.2     0.2%     3.9%     0.0%     0.0%     7.1%     0.0%
Feb 21 08:58:53     69.1    29827704      300    88.9%    295.2     0.2%     3.9%     0.0%     0.0%     7.1%     0.0%
Feb 21 08:59:58     68.7    30908178      300    88.9%    295.2     0.2%     3.9%     0.0%     0.0%     7.1%     0.0%
Feb 21 09:00:59     68.8    32113336      300    88.9%    295.2     0.2%     3.9%     0.0%     0.0%     7.1%     0.0%
Feb 21 09:02:00     69.0    33401597      300    88.9%    295.2     0.2%     3.9%     0.0%     0.0%     7.2%     0.0%
Feb 21 09:03:00     69.8    34939206      300    88.9%    295.2     0.2%     3.9%     0.0%     0.0%     7.2%     0.0%
Feb 21 09:04:00     70.4    36393709      300    88.9%    295.2     0.2%     3.9%     0.0%     0.0%     7.2%     0.0%
Feb 21 09:05:01     70.9    37889741      300    88.9%    295.2     0.2%     3.9%     0.0%     0.0%     7.2%     0.0%
Feb 21 09:06:01     71.5    39385777      300    88.9%    295.2     0.2%     3.9%     0.0%     0.0%     7.2%     0.0%
Feb 21 09:07:03     71.6    40674021      300    88.9%    295.2     0.2%     3.9%     0.0%     0.0%     7.2%     0.0%
Feb 21 09:08:09     71.8    42086954      300    88.8%    295.2     0.2%     3.9%     0.0%     0.0%     7.2%     0.0%
Feb 21 09:09:14     71.7    43333646      300    88.8%    295.2     0.2%     3.9%     0.0%     0.0%     7.2%     0.0%
Feb 21 09:10:16     71.7    44580352      300    88.8%    295.2     0.2%     3.9%     0.0%     0.0%     7.2%     0.0%
Feb 21 09:11:16     71.8    45836452      300    88.8%    295.2     0.2%     3.9%     0.0%     0.0%     7.2%     0.0%
Feb 21 09:11:19	Finished 1st pass mapping
Feb 21 09:17:28     35.1      585389      300    88.3%    295.1     0.2%     4.2%     0.0%     0.0%     7.4%     0.1%
Feb 21 09:18:28     46.4     1545033      300    88.5%    295.2     0.2%     4.3%     0.0%     0.0%     7.2%     0.1%
Feb 21 09:19:29     50.6     2545233      300    88.6%    295.3     0.2%     4.3%     0.0%     0.0%     7.0%     0.1%
Feb 21 09:20:29     52.3     3503742      300    88.7%    295.3     0.2%     4.3%     0.0%     0.0%     7.0%     0.1%
Feb 21 09:21:30     51.7     4337205      300    88.6%    295.3     0.2%     4.3%     0.0%     0.0%     7.0%     0.1%
Feb 21 09:22:34     52.5     5337392      300    88.6%    295.3     0.2%     4.3%     0.0%     0.0%     7.0%     0.1%
Feb 21 09:23:38     52.7     6295889      300    88.6%    295.3     0.2%     4.3%     0.0%     0.0%     7.0%     0.1%
Feb 21 09:24:38     53.0     7212714      300    88.6%    295.3     0.2%     4.3%     0.0%     0.0%     7.0%     0.1%
Feb 21 09:25:45     53.4     8254559      300    88.6%    295.2     0.2%     4.3%     0.0%     0.0%     7.1%     0.1%
Feb 21 09:26:45     53.5     9171393      300    88.6%    295.2     0.2%     4.3%     0.0%     0.0%     7.1%     0.1%
Feb 21 09:27:46     54.2    10212629      300    88.6%    295.3     0.2%     4.3%     0.0%     0.0%     7.0%     0.1%
Feb 21 09:28:46     54.5    11168460      300    88.6%    295.2     0.2%     4.3%     0.0%     0.0%     7.0%     0.1%
Feb 21 09:29:50     54.8    12207407      300    88.6%    295.2     0.2%     4.3%     0.0%     0.0%     7.0%     0.1%
Feb 21 09:30:51     55.3    13246366      300    88.6%    295.3     0.2%     4.3%     0.0%     0.0%     7.0%     0.1%
Feb 21 09:31:53     55.6    14285296      300    88.6%    295.3     0.2%     4.3%     0.0%     0.0%     7.0%     0.1%
Feb 21 09:32:54     56.0    15324221      300    88.6%    295.3     0.2%     4.3%     0.0%     0.0%     7.0%     0.1%
Feb 21 09:33:54     56.0    16280046      300    88.6%    295.3     0.2%     4.3%     0.0%     0.0%     7.0%     0.1%
Feb 21 09:34:55     56.2    17277416      300    88.6%    295.3     0.2%     4.3%     0.0%     0.0%     7.0%     0.1%
Feb 21 09:35:58     56.0    18191674      300    88.6%    295.3     0.2%     4.3%     0.0%     0.0%     7.1%     0.1%
Feb 21 09:36:59     55.9    19105945      300    88.6%    295.2     0.2%     4.3%     0.0%     0.0%     7.1%     0.1%
Feb 21 09:38:00     56.0    20103315      300    88.6%    295.2     0.2%     4.3%     0.0%     0.0%     7.1%     0.1%
Feb 21 09:39:00     56.4    21183816      300    88.6%    295.2     0.2%     4.3%     0.0%     0.0%     7.1%     0.1%
Feb 21 09:40:00     56.9    22305860      300    88.6%    295.2     0.2%     4.3%     0.0%     0.0%     7.1%     0.1%
Feb 21 09:41:01     57.5    23511026      300    88.6%    295.2     0.2%     4.3%     0.0%     0.0%     7.1%     0.1%
Feb 21 09:42:04     57.9    24716196      300    88.6%    295.2     0.2%     4.3%     0.0%     0.0%     7.1%     0.1%
Feb 21 09:43:04     58.1    25755113      300    88.5%    295.2     0.2%     4.3%     0.0%     0.0%     7.1%     0.1%
Feb 21 09:44:04     58.4    26877166      300    88.6%    295.2     0.2%     4.3%     0.0%     0.0%     7.1%     0.1%
Feb 21 09:45:06     58.1    27749869      300    88.6%    295.2     0.2%     4.3%     0.0%     0.0%     7.1%     0.1%
Feb 21 09:46:07     57.9    28622550      300    88.5%    295.2     0.2%     4.3%     0.0%     0.0%     7.1%     0.1%
Feb 21 09:47:09     57.5    29412135      300    88.5%    295.2     0.2%     4.3%     0.0%     0.0%     7.1%     0.1%
Feb 21 09:48:10     57.5    30367950      300    88.5%    295.2     0.2%     4.3%     0.0%     0.0%     7.1%     0.1%
Feb 21 09:49:14     56.7    30991300      300    88.5%    295.2     0.2%     4.3%     0.0%     0.0%     7.1%     0.1%
Feb 21 09:50:30     56.4    31988663      300    88.5%    295.2     0.2%     4.3%     0.0%     0.0%     7.1%     0.1%
Feb 21 09:51:32     56.4    32944467      300    88.5%    295.2     0.2%     4.3%     0.0%     0.0%     7.1%     0.1%
Feb 21 09:52:36     56.0    33734065      300    88.5%    295.2     0.2%     4.3%     0.0%     0.0%     7.1%     0.1%
Feb 21 09:53:36     55.6    34440527      300    88.5%    295.2     0.2%     4.3%     0.0%     0.0%     7.1%     0.1%
Feb 21 09:54:38     55.4    35271672      300    88.5%    295.2     0.2%     4.3%     0.0%     0.0%     7.1%     0.1%
Feb 21 09:55:41     55.2    36102811      300    88.5%    295.2     0.2%     4.3%     0.0%     0.0%     7.1%     0.1%
Feb 21 09:56:42     55.0    36850826      300    88.5%    295.2     0.2%     4.3%     0.0%     0.0%     7.1%     0.1%
Feb 21 09:57:43     54.9    37723513      300    88.5%    295.2     0.2%     4.3%     0.0%     0.0%     7.2%     0.1%
Feb 21 09:58:44     54.6    38429981      300    88.5%    295.2     0.2%     4.3%     0.0%     0.0%     7.2%     0.1%
Feb 21 09:59:49     54.4    39302655      300    88.5%    295.2     0.2%     4.3%     0.0%     0.0%     7.2%     0.1%
Feb 21 10:00:54     54.3    40175352      300    88.4%    295.2     0.2%     4.3%     0.0%     0.0%     7.2%     0.1%
Feb 21 10:01:56     54.0    40923368      300    88.4%    295.2     0.2%     4.3%     0.0%     0.0%     7.2%     0.1%
Feb 21 10:02:59     53.8    41712952      300    88.4%    295.2     0.2%     4.3%     0.0%     0.0%     7.2%     0.1%
Feb 21 10:04:03     53.7    42585638      300    88.4%    295.2     0.2%     4.3%     0.0%     0.0%     7.2%     0.1%
Feb 21 10:05:03     53.7    43458325      300    88.4%    295.2     0.2%     4.3%     0.0%     0.0%     7.2%     0.1%
Feb 21 10:06:06     53.5    44247890      300    88.4%    295.2     0.2%     4.3%     0.0%     0.0%     7.2%     0.1%
Feb 21 10:07:10     53.4    45162139      300    88.4%    295.2     0.2%     4.3%     0.0%     0.0%     7.2%     0.1%
Feb 21 10:08:12     53.3    45919571      300    88.4%    295.2     0.2%     4.3%     0.0%     0.0%     7.2%     0.1%
ALL DONE!
