                                 Started job on |	Feb 21 08:28:36
                             Started mapping on |	Feb 21 09:16:28
                                    Finished on |	Feb 21 10:08:12
       Mapping speed, Million of reads per hour |	53.26

                          Number of input reads |	45919571
                      Average input read length |	300
                                    UNIQUE READS:
                   Uniquely mapped reads number |	40600452
                        Uniquely mapped reads % |	88.42%
                          Average mapped length |	295.15
                       Number of splices: Total |	56427044
            Number of splices: Annotated (sjdb) |	56394969
                       Number of splices: GT/AG |	55697792
                       Number of splices: GC/AG |	626734
                       Number of splices: AT/AC |	65935
               Number of splices: Non-canonical |	36583
                      Mismatch rate per base, % |	0.19%
                         Deletion rate per base |	0.01%
                        Deletion average length |	2.36
                        Insertion rate per base |	0.01%
                       Insertion average length |	2.05
                             MULTI-MAPPING READS:
        Number of reads mapped to multiple loci |	1966752
             % of reads mapped to multiple loci |	4.28%
        Number of reads mapped to too many loci |	15635
             % of reads mapped to too many loci |	0.03%
                                  UNMAPPED READS:
  Number of reads unmapped: too many mismatches |	0
       % of reads unmapped: too many mismatches |	0.00%
            Number of reads unmapped: too short |	3309012
                 % of reads unmapped: too short |	7.21%
                Number of reads unmapped: other |	27720
                     % of reads unmapped: other |	0.06%
                                  CHIMERIC READS:
                       Number of chimeric reads |	0
                            % of chimeric reads |	0.00%
