                                 Started job on |	Apr 02 16:07:09
                             Started mapping on |	Apr 02 16:15:19
                                    Finished on |	Apr 02 16:23:30
       Mapping speed, Million of reads per hour |	166.21

                          Number of input reads |	22669561
                      Average input read length |	289
                                    UNIQUE READS:
                   Uniquely mapped reads number |	21368941
                        Uniquely mapped reads % |	94.26%
                          Average mapped length |	288.73
                       Number of splices: Total |	20980954
            Number of splices: Annotated (sjdb) |	20945630
                       Number of splices: GT/AG |	20759959
                       Number of splices: GC/AG |	178308
                       Number of splices: AT/AC |	17878
               Number of splices: Non-canonical |	24809
                      Mismatch rate per base, % |	0.23%
                         Deletion rate per base |	0.04%
                        Deletion average length |	2.69
                        Insertion rate per base |	0.01%
                       Insertion average length |	1.94
                             MULTI-MAPPING READS:
        Number of reads mapped to multiple loci |	1079242
             % of reads mapped to multiple loci |	4.76%
        Number of reads mapped to too many loci |	3322
             % of reads mapped to too many loci |	0.01%
                                  UNMAPPED READS:
  Number of reads unmapped: too many mismatches |	0
       % of reads unmapped: too many mismatches |	0.00%
            Number of reads unmapped: too short |	189856
                 % of reads unmapped: too short |	0.84%
                Number of reads unmapped: other |	28200
                     % of reads unmapped: other |	0.12%
                                  CHIMERIC READS:
                       Number of chimeric reads |	0
                            % of chimeric reads |	0.00%
