                                 Started job on |	Apr 02 14:16:14
                             Started mapping on |	Apr 02 14:24:39
                                    Finished on |	Apr 02 14:33:51
       Mapping speed, Million of reads per hour |	169.85

                          Number of input reads |	26043441
                      Average input read length |	295
                                    UNIQUE READS:
                   Uniquely mapped reads number |	24614879
                        Uniquely mapped reads % |	94.51%
                          Average mapped length |	294.53
                       Number of splices: Total |	24179924
            Number of splices: Annotated (sjdb) |	24139860
                       Number of splices: GT/AG |	23930647
                       Number of splices: GC/AG |	199146
                       Number of splices: AT/AC |	19771
               Number of splices: Non-canonical |	30360
                      Mismatch rate per base, % |	0.24%
                         Deletion rate per base |	0.04%
                        Deletion average length |	2.68
                        Insertion rate per base |	0.01%
                       Insertion average length |	1.97
                             MULTI-MAPPING READS:
        Number of reads mapped to multiple loci |	1198184
             % of reads mapped to multiple loci |	4.60%
        Number of reads mapped to too many loci |	3561
             % of reads mapped to too many loci |	0.01%
                                  UNMAPPED READS:
  Number of reads unmapped: too many mismatches |	0
       % of reads unmapped: too many mismatches |	0.00%
            Number of reads unmapped: too short |	202781
                 % of reads unmapped: too short |	0.78%
                Number of reads unmapped: other |	24036
                     % of reads unmapped: other |	0.09%
                                  CHIMERIC READS:
                       Number of chimeric reads |	0
                            % of chimeric reads |	0.00%
