                                 Started job on |	Apr 02 16:41:50
                             Started mapping on |	Apr 02 16:50:22
                                    Finished on |	Apr 02 16:59:51
       Mapping speed, Million of reads per hour |	167.18

                          Number of input reads |	26424223
                      Average input read length |	295
                                    UNIQUE READS:
                   Uniquely mapped reads number |	25150351
                        Uniquely mapped reads % |	95.18%
                          Average mapped length |	295.04
                       Number of splices: Total |	24770675
            Number of splices: Annotated (sjdb) |	24730951
                       Number of splices: GT/AG |	24507343
                       Number of splices: GC/AG |	208137
                       Number of splices: AT/AC |	24203
               Number of splices: Non-canonical |	30992
                      Mismatch rate per base, % |	0.25%
                         Deletion rate per base |	0.04%
                        Deletion average length |	2.63
                        Insertion rate per base |	0.01%
                       Insertion average length |	1.96
                             MULTI-MAPPING READS:
        Number of reads mapped to multiple loci |	1041529
             % of reads mapped to multiple loci |	3.94%
        Number of reads mapped to too many loci |	2908
             % of reads mapped to too many loci |	0.01%
                                  UNMAPPED READS:
  Number of reads unmapped: too many mismatches |	0
       % of reads unmapped: too many mismatches |	0.00%
            Number of reads unmapped: too short |	202601
                 % of reads unmapped: too short |	0.77%
                Number of reads unmapped: other |	26834
                     % of reads unmapped: other |	0.10%
                                  CHIMERIC READS:
                       Number of chimeric reads |	0
                            % of chimeric reads |	0.00%
