                                 Started job on |	Apr 02 14:33:53
                             Started mapping on |	Apr 02 14:42:51
                                    Finished on |	Apr 02 14:51:56
       Mapping speed, Million of reads per hour |	177.98

                          Number of input reads |	26943488
                      Average input read length |	296
                                    UNIQUE READS:
                   Uniquely mapped reads number |	25438899
                        Uniquely mapped reads % |	94.42%
                          Average mapped length |	295.91
                       Number of splices: Total |	22326014
            Number of splices: Annotated (sjdb) |	22287073
                       Number of splices: GT/AG |	22072444
                       Number of splices: GC/AG |	204658
                       Number of splices: AT/AC |	19799
               Number of splices: Non-canonical |	29113
                      Mismatch rate per base, % |	0.26%
                         Deletion rate per base |	0.04%
                        Deletion average length |	2.69
                        Insertion rate per base |	0.01%
                       Insertion average length |	1.94
                             MULTI-MAPPING READS:
        Number of reads mapped to multiple loci |	1225275
             % of reads mapped to multiple loci |	4.55%
        Number of reads mapped to too many loci |	3767
             % of reads mapped to too many loci |	0.01%
                                  UNMAPPED READS:
  Number of reads unmapped: too many mismatches |	0
       % of reads unmapped: too many mismatches |	0.00%
            Number of reads unmapped: too short |	243213
                 % of reads unmapped: too short |	0.90%
                Number of reads unmapped: other |	32334
                     % of reads unmapped: other |	0.12%
                                  CHIMERIC READS:
                       Number of chimeric reads |	0
                            % of chimeric reads |	0.00%
