                                 Started job on |	Apr 02 15:09:10
                             Started mapping on |	Apr 02 15:17:28
                                    Finished on |	Apr 02 15:25:40
       Mapping speed, Million of reads per hour |	175.20

                          Number of input reads |	23944176
                      Average input read length |	296
                                    UNIQUE READS:
                   Uniquely mapped reads number |	22813221
                        Uniquely mapped reads % |	95.28%
                          Average mapped length |	295.42
                       Number of splices: Total |	20344649
            Number of splices: Annotated (sjdb) |	20309797
                       Number of splices: GT/AG |	20127405
                       Number of splices: GC/AG |	173570
                       Number of splices: AT/AC |	17473
               Number of splices: Non-canonical |	26201
                      Mismatch rate per base, % |	0.25%
                         Deletion rate per base |	0.05%
                        Deletion average length |	2.69
                        Insertion rate per base |	0.01%
                       Insertion average length |	1.96
                             MULTI-MAPPING READS:
        Number of reads mapped to multiple loci |	884330
             % of reads mapped to multiple loci |	3.69%
        Number of reads mapped to too many loci |	3192
             % of reads mapped to too many loci |	0.01%
                                  UNMAPPED READS:
  Number of reads unmapped: too many mismatches |	0
       % of reads unmapped: too many mismatches |	0.00%
            Number of reads unmapped: too short |	214005
                 % of reads unmapped: too short |	0.89%
                Number of reads unmapped: other |	29428
                     % of reads unmapped: other |	0.12%
                                  CHIMERIC READS:
                       Number of chimeric reads |	0
                            % of chimeric reads |	0.00%
