           Time    Speed        Read     Read   Mapped   Mapped   Mapped   Mapped Unmapped Unmapped Unmapped Unmapped
                    M/hr      number   length   unique   length   MMrate    multi   multi+       MM    short    other
Apr 02 15:28:24	Started 1st pass mapping
Apr 02 15:28:31     21.7       42170      296    95.8%    295.7     0.3%     3.2%     0.0%     0.0%     0.9%     0.0%
Apr 02 15:29:31    395.6     7362164      296    95.9%    295.9     0.2%     3.2%     0.0%     0.0%     0.9%     0.0%
Apr 02 15:30:31    403.9    14246971      296    95.9%    295.9     0.3%     3.2%     0.0%     0.0%     0.9%     0.0%
Apr 02 15:31:31    397.0    20622934      296    95.8%    295.8     0.3%     3.2%     0.0%     0.0%     0.9%     0.0%
Apr 02 15:32:31    408.7    28041088      296    95.8%    295.9     0.3%     3.2%     0.0%     0.0%     0.9%     0.0%
Apr 02 15:33:04	Finished 1st pass mapping
Apr 02 15:36:07    164.0     2778323      296    95.4%    295.9     0.3%     3.7%     0.0%     0.0%     0.8%     0.1%
Apr 02 15:37:07    175.3     5890376      296    95.4%    295.9     0.2%     3.7%     0.0%     0.0%     0.8%     0.1%
Apr 02 15:38:08    178.9     9044260      296    95.4%    295.9     0.2%     3.7%     0.0%     0.0%     0.8%     0.1%
Apr 02 15:39:08    180.1    12107988      296    95.4%    295.9     0.2%     3.7%     0.0%     0.0%     0.8%     0.1%
Apr 02 15:40:08    180.3    15127872      296    95.3%    295.9     0.3%     3.7%     0.0%     0.0%     0.8%     0.1%
Apr 02 15:41:08    181.3    18231864      296    95.3%    295.8     0.3%     3.7%     0.0%     0.0%     0.8%     0.1%
Apr 02 15:42:09    180.2    21168053      296    95.3%    295.8     0.3%     3.7%     0.0%     0.0%     0.8%     0.1%
Apr 02 15:43:09    182.8    24520968      296    95.3%    295.8     0.3%     3.7%     0.0%     0.0%     0.8%     0.1%
Apr 02 15:44:09    183.1    27622086      296    95.3%    295.9     0.3%     3.7%     0.0%     0.0%     0.8%     0.1%
Apr 02 15:45:09    184.4    30890663      296    95.3%    295.9     0.3%     3.7%     0.0%     0.0%     0.8%     0.1%
ALL DONE!
