                                 Started job on |	Apr 02 15:25:41
                             Started mapping on |	Apr 02 15:35:06
                                    Finished on |	Apr 02 15:45:40
       Mapping speed, Million of reads per hour |	181.99

                          Number of input reads |	32051231
                      Average input read length |	296
                                    UNIQUE READS:
                   Uniquely mapped reads number |	30551346
                        Uniquely mapped reads % |	95.32%
                          Average mapped length |	295.92
                       Number of splices: Total |	26391253
            Number of splices: Annotated (sjdb) |	26347124
                       Number of splices: GT/AG |	26095973
                       Number of splices: GC/AG |	239029
                       Number of splices: AT/AC |	23418
               Number of splices: Non-canonical |	32833
                      Mismatch rate per base, % |	0.26%
                         Deletion rate per base |	0.04%
                        Deletion average length |	2.69
                        Insertion rate per base |	0.01%
                       Insertion average length |	1.93
                             MULTI-MAPPING READS:
        Number of reads mapped to multiple loci |	1189481
             % of reads mapped to multiple loci |	3.71%
        Number of reads mapped to too many loci |	4048
             % of reads mapped to too many loci |	0.01%
                                  UNMAPPED READS:
  Number of reads unmapped: too many mismatches |	0
       % of reads unmapped: too many mismatches |	0.00%
            Number of reads unmapped: too short |	264215
                 % of reads unmapped: too short |	0.82%
                Number of reads unmapped: other |	42141
                     % of reads unmapped: other |	0.13%
                                  CHIMERIC READS:
                       Number of chimeric reads |	0
                            % of chimeric reads |	0.00%
