           Time    Speed        Read     Read   Mapped   Mapped   Mapped   Mapped Unmapped Unmapped Unmapped Unmapped
                    M/hr      number   length   unique   length   MMrate    multi   multi+       MM    short    other
Apr 02 15:48:53	Started 1st pass mapping
Apr 02 15:49:00     21.7       42106      297    95.8%    296.3     0.2%     3.2%     0.0%     0.0%     0.9%     0.0%
Apr 02 15:50:00    370.4     6894306      296    95.8%    296.2     0.2%     3.3%     0.0%     0.0%     0.9%     0.0%
Apr 02 15:51:00    388.1    13690455      296    95.8%    296.2     0.2%     3.3%     0.0%     0.0%     0.9%     0.0%
Apr 02 15:52:00    385.4    20019300      296    95.8%    296.1     0.3%     3.3%     0.0%     0.0%     0.9%     0.0%
Apr 02 15:53:00    388.9    26679824      296    95.8%    296.2     0.3%     3.3%     0.0%     0.0%     0.9%     0.0%
Apr 02 15:53:54	Finished 1st pass mapping
Apr 02 15:56:57    161.4     2734058      297    95.2%    296.3     0.2%     3.9%     0.0%     0.0%     0.8%     0.1%
Apr 02 15:57:57    170.1     5717508      296    95.2%    296.2     0.2%     3.9%     0.0%     0.0%     0.8%     0.1%
Apr 02 15:58:57    173.9     8742845      296    95.2%    296.2     0.2%     3.9%     0.0%     0.0%     0.8%     0.1%
Apr 02 15:59:57    175.7    11763157      296    95.2%    296.2     0.2%     3.9%     0.0%     0.0%     0.8%     0.1%
Apr 02 16:00:57    175.8    14696441      296    95.2%    296.2     0.2%     3.9%     0.0%     0.0%     0.8%     0.1%
Apr 02 16:01:58    176.6    17756146      296    95.2%    296.2     0.3%     3.9%     0.0%     0.0%     0.8%     0.1%
Apr 02 16:02:59    175.4    20606158      296    95.1%    296.1     0.3%     3.9%     0.0%     0.0%     0.8%     0.1%
Apr 02 16:03:59    176.7    23706245      296    95.1%    296.1     0.3%     3.9%     0.0%     0.0%     0.8%     0.1%
Apr 02 16:04:59    177.4    26763621      296    95.1%    296.2     0.3%     3.9%     0.0%     0.0%     0.8%     0.1%
Apr 02 16:06:00    178.2    29904496      296    95.1%    296.2     0.2%     3.9%     0.0%     0.0%     0.8%     0.1%
Apr 02 16:07:00    179.2    33061474      296    95.1%    296.2     0.2%     3.9%     0.0%     0.0%     0.8%     0.1%
ALL DONE!
