                                 Started job on |	Apr 02 15:45:41
                             Started mapping on |	Apr 02 15:55:56
                                    Finished on |	Apr 02 16:07:07
       Mapping speed, Million of reads per hour |	178.28

                          Number of input reads |	33228917
                      Average input read length |	296
                                    UNIQUE READS:
                   Uniquely mapped reads number |	31617366
                        Uniquely mapped reads % |	95.15%
                          Average mapped length |	296.23
                       Number of splices: Total |	30751234
            Number of splices: Annotated (sjdb) |	30703782
                       Number of splices: GT/AG |	30412982
                       Number of splices: GC/AG |	274614
                       Number of splices: AT/AC |	26681
               Number of splices: Non-canonical |	36957
                      Mismatch rate per base, % |	0.24%
                         Deletion rate per base |	0.04%
                        Deletion average length |	2.66
                        Insertion rate per base |	0.01%
                       Insertion average length |	1.96
                             MULTI-MAPPING READS:
        Number of reads mapped to multiple loci |	1294255
             % of reads mapped to multiple loci |	3.89%
        Number of reads mapped to too many loci |	3935
             % of reads mapped to too many loci |	0.01%
                                  UNMAPPED READS:
  Number of reads unmapped: too many mismatches |	0
       % of reads unmapped: too many mismatches |	0.00%
            Number of reads unmapped: too short |	272624
                 % of reads unmapped: too short |	0.82%
                Number of reads unmapped: other |	40737
                     % of reads unmapped: other |	0.12%
                                  CHIMERIC READS:
                       Number of chimeric reads |	0
                            % of chimeric reads |	0.00%
